[2024-12-20T20:14:01.571+0000] {processor.py:157} INFO - Started process (PID=3331) to work on /opt/airflow/dags/full_name_data_users_dag.py
[2024-12-20T20:14:01.572+0000] {processor.py:829} INFO - Processing file /opt/airflow/dags/full_name_data_users_dag.py for tasks to queue
[2024-12-20T20:14:01.573+0000] {logging_mixin.py:151} INFO - [2024-12-20T20:14:01.572+0000] {dagbag.py:539} INFO - Filling up the DagBag from /opt/airflow/dags/full_name_data_users_dag.py
[2024-12-20T20:14:01.829+0000] {logging_mixin.py:151} INFO - [2024-12-20T20:14:01.828+0000] {dagbag.py:446} ERROR - Failed to bag_dag: /opt/airflow/dags/full_name_data_users_dag.py
Traceback (most recent call last):
  File "/home/airflow/.local/lib/python3.8/site-packages/airflow/models/dagbag.py", line 442, in _process_modules
    self.bag_dag(dag=dag, root_dag=dag)
  File "/home/airflow/.local/lib/python3.8/site-packages/airflow/models/dagbag.py", line 461, in bag_dag
    self._bag_dag(dag=dag, root_dag=root_dag, recursive=True)
  File "/home/airflow/.local/lib/python3.8/site-packages/airflow/models/dagbag.py", line 469, in _bag_dag
    check_cycle(dag)  # throws if a task cycle is found
  File "/home/airflow/.local/lib/python3.8/site-packages/airflow/utils/dag_cycle_tester.py", line 79, in check_cycle
    child_to_check = _check_adjacent_tasks(current_task_id, task)
  File "/home/airflow/.local/lib/python3.8/site-packages/airflow/utils/dag_cycle_tester.py", line 65, in _check_adjacent_tasks
    raise AirflowDagCycleException(msg)
airflow.exceptions.AirflowDagCycleException: Cycle detected in DAG: full_name_and_data_users_dag. Faulty task: extract_data_2
[2024-12-20T20:14:01.829+0000] {processor.py:841} WARNING - No viable dags retrieved from /opt/airflow/dags/full_name_data_users_dag.py
[2024-12-20T20:14:01.865+0000] {processor.py:179} INFO - Processing /opt/airflow/dags/full_name_data_users_dag.py took 0.296 seconds
[2024-12-20T20:14:31.982+0000] {processor.py:157} INFO - Started process (PID=3354) to work on /opt/airflow/dags/full_name_data_users_dag.py
[2024-12-20T20:14:31.983+0000] {processor.py:829} INFO - Processing file /opt/airflow/dags/full_name_data_users_dag.py for tasks to queue
[2024-12-20T20:14:31.984+0000] {logging_mixin.py:151} INFO - [2024-12-20T20:14:31.983+0000] {dagbag.py:539} INFO - Filling up the DagBag from /opt/airflow/dags/full_name_data_users_dag.py
[2024-12-20T20:14:32.238+0000] {logging_mixin.py:151} INFO - [2024-12-20T20:14:32.238+0000] {dagbag.py:446} ERROR - Failed to bag_dag: /opt/airflow/dags/full_name_data_users_dag.py
Traceback (most recent call last):
  File "/home/airflow/.local/lib/python3.8/site-packages/airflow/models/dagbag.py", line 442, in _process_modules
    self.bag_dag(dag=dag, root_dag=dag)
  File "/home/airflow/.local/lib/python3.8/site-packages/airflow/models/dagbag.py", line 461, in bag_dag
    self._bag_dag(dag=dag, root_dag=root_dag, recursive=True)
  File "/home/airflow/.local/lib/python3.8/site-packages/airflow/models/dagbag.py", line 469, in _bag_dag
    check_cycle(dag)  # throws if a task cycle is found
  File "/home/airflow/.local/lib/python3.8/site-packages/airflow/utils/dag_cycle_tester.py", line 79, in check_cycle
    child_to_check = _check_adjacent_tasks(current_task_id, task)
  File "/home/airflow/.local/lib/python3.8/site-packages/airflow/utils/dag_cycle_tester.py", line 65, in _check_adjacent_tasks
    raise AirflowDagCycleException(msg)
airflow.exceptions.AirflowDagCycleException: Cycle detected in DAG: full_name_and_data_users_dag. Faulty task: extract_data_2
[2024-12-20T20:14:32.239+0000] {processor.py:841} WARNING - No viable dags retrieved from /opt/airflow/dags/full_name_data_users_dag.py
[2024-12-20T20:14:32.268+0000] {processor.py:179} INFO - Processing /opt/airflow/dags/full_name_data_users_dag.py took 0.288 seconds
[2024-12-20T20:15:02.928+0000] {processor.py:157} INFO - Started process (PID=3377) to work on /opt/airflow/dags/full_name_data_users_dag.py
[2024-12-20T20:15:02.929+0000] {processor.py:829} INFO - Processing file /opt/airflow/dags/full_name_data_users_dag.py for tasks to queue
[2024-12-20T20:15:02.929+0000] {logging_mixin.py:151} INFO - [2024-12-20T20:15:02.929+0000] {dagbag.py:539} INFO - Filling up the DagBag from /opt/airflow/dags/full_name_data_users_dag.py
[2024-12-20T20:15:03.169+0000] {logging_mixin.py:151} INFO - [2024-12-20T20:15:03.168+0000] {dagbag.py:446} ERROR - Failed to bag_dag: /opt/airflow/dags/full_name_data_users_dag.py
Traceback (most recent call last):
  File "/home/airflow/.local/lib/python3.8/site-packages/airflow/models/dagbag.py", line 442, in _process_modules
    self.bag_dag(dag=dag, root_dag=dag)
  File "/home/airflow/.local/lib/python3.8/site-packages/airflow/models/dagbag.py", line 461, in bag_dag
    self._bag_dag(dag=dag, root_dag=root_dag, recursive=True)
  File "/home/airflow/.local/lib/python3.8/site-packages/airflow/models/dagbag.py", line 469, in _bag_dag
    check_cycle(dag)  # throws if a task cycle is found
  File "/home/airflow/.local/lib/python3.8/site-packages/airflow/utils/dag_cycle_tester.py", line 79, in check_cycle
    child_to_check = _check_adjacent_tasks(current_task_id, task)
  File "/home/airflow/.local/lib/python3.8/site-packages/airflow/utils/dag_cycle_tester.py", line 65, in _check_adjacent_tasks
    raise AirflowDagCycleException(msg)
airflow.exceptions.AirflowDagCycleException: Cycle detected in DAG: full_name_and_data_users_dag. Faulty task: extract_data_2
[2024-12-20T20:15:03.169+0000] {processor.py:841} WARNING - No viable dags retrieved from /opt/airflow/dags/full_name_data_users_dag.py
[2024-12-20T20:15:03.196+0000] {processor.py:179} INFO - Processing /opt/airflow/dags/full_name_data_users_dag.py took 0.271 seconds
[2024-12-20T20:15:33.278+0000] {processor.py:157} INFO - Started process (PID=3400) to work on /opt/airflow/dags/full_name_data_users_dag.py
[2024-12-20T20:15:33.279+0000] {processor.py:829} INFO - Processing file /opt/airflow/dags/full_name_data_users_dag.py for tasks to queue
[2024-12-20T20:15:33.280+0000] {logging_mixin.py:151} INFO - [2024-12-20T20:15:33.279+0000] {dagbag.py:539} INFO - Filling up the DagBag from /opt/airflow/dags/full_name_data_users_dag.py
[2024-12-20T20:15:33.523+0000] {logging_mixin.py:151} INFO - [2024-12-20T20:15:33.522+0000] {dagbag.py:446} ERROR - Failed to bag_dag: /opt/airflow/dags/full_name_data_users_dag.py
Traceback (most recent call last):
  File "/home/airflow/.local/lib/python3.8/site-packages/airflow/models/dagbag.py", line 442, in _process_modules
    self.bag_dag(dag=dag, root_dag=dag)
  File "/home/airflow/.local/lib/python3.8/site-packages/airflow/models/dagbag.py", line 461, in bag_dag
    self._bag_dag(dag=dag, root_dag=root_dag, recursive=True)
  File "/home/airflow/.local/lib/python3.8/site-packages/airflow/models/dagbag.py", line 469, in _bag_dag
    check_cycle(dag)  # throws if a task cycle is found
  File "/home/airflow/.local/lib/python3.8/site-packages/airflow/utils/dag_cycle_tester.py", line 79, in check_cycle
    child_to_check = _check_adjacent_tasks(current_task_id, task)
  File "/home/airflow/.local/lib/python3.8/site-packages/airflow/utils/dag_cycle_tester.py", line 65, in _check_adjacent_tasks
    raise AirflowDagCycleException(msg)
airflow.exceptions.AirflowDagCycleException: Cycle detected in DAG: full_name_and_data_users_dag. Faulty task: extract_data_2
[2024-12-20T20:15:33.523+0000] {processor.py:841} WARNING - No viable dags retrieved from /opt/airflow/dags/full_name_data_users_dag.py
[2024-12-20T20:15:33.553+0000] {processor.py:179} INFO - Processing /opt/airflow/dags/full_name_data_users_dag.py took 0.277 seconds
[2024-12-20T20:16:03.708+0000] {processor.py:157} INFO - Started process (PID=3423) to work on /opt/airflow/dags/full_name_data_users_dag.py
[2024-12-20T20:16:03.709+0000] {processor.py:829} INFO - Processing file /opt/airflow/dags/full_name_data_users_dag.py for tasks to queue
[2024-12-20T20:16:03.710+0000] {logging_mixin.py:151} INFO - [2024-12-20T20:16:03.709+0000] {dagbag.py:539} INFO - Filling up the DagBag from /opt/airflow/dags/full_name_data_users_dag.py
[2024-12-20T20:16:03.979+0000] {logging_mixin.py:151} INFO - [2024-12-20T20:16:03.978+0000] {dagbag.py:446} ERROR - Failed to bag_dag: /opt/airflow/dags/full_name_data_users_dag.py
Traceback (most recent call last):
  File "/home/airflow/.local/lib/python3.8/site-packages/airflow/models/dagbag.py", line 442, in _process_modules
    self.bag_dag(dag=dag, root_dag=dag)
  File "/home/airflow/.local/lib/python3.8/site-packages/airflow/models/dagbag.py", line 461, in bag_dag
    self._bag_dag(dag=dag, root_dag=root_dag, recursive=True)
  File "/home/airflow/.local/lib/python3.8/site-packages/airflow/models/dagbag.py", line 469, in _bag_dag
    check_cycle(dag)  # throws if a task cycle is found
  File "/home/airflow/.local/lib/python3.8/site-packages/airflow/utils/dag_cycle_tester.py", line 79, in check_cycle
    child_to_check = _check_adjacent_tasks(current_task_id, task)
  File "/home/airflow/.local/lib/python3.8/site-packages/airflow/utils/dag_cycle_tester.py", line 65, in _check_adjacent_tasks
    raise AirflowDagCycleException(msg)
airflow.exceptions.AirflowDagCycleException: Cycle detected in DAG: full_name_and_data_users_dag. Faulty task: extract_data_2
[2024-12-20T20:16:03.980+0000] {processor.py:841} WARNING - No viable dags retrieved from /opt/airflow/dags/full_name_data_users_dag.py
[2024-12-20T20:16:04.008+0000] {processor.py:179} INFO - Processing /opt/airflow/dags/full_name_data_users_dag.py took 0.304 seconds
[2024-12-20T20:16:34.438+0000] {processor.py:157} INFO - Started process (PID=3446) to work on /opt/airflow/dags/full_name_data_users_dag.py
[2024-12-20T20:16:34.439+0000] {processor.py:829} INFO - Processing file /opt/airflow/dags/full_name_data_users_dag.py for tasks to queue
[2024-12-20T20:16:34.440+0000] {logging_mixin.py:151} INFO - [2024-12-20T20:16:34.440+0000] {dagbag.py:539} INFO - Filling up the DagBag from /opt/airflow/dags/full_name_data_users_dag.py
[2024-12-20T20:16:34.701+0000] {logging_mixin.py:151} INFO - [2024-12-20T20:16:34.700+0000] {dagbag.py:446} ERROR - Failed to bag_dag: /opt/airflow/dags/full_name_data_users_dag.py
Traceback (most recent call last):
  File "/home/airflow/.local/lib/python3.8/site-packages/airflow/models/dagbag.py", line 442, in _process_modules
    self.bag_dag(dag=dag, root_dag=dag)
  File "/home/airflow/.local/lib/python3.8/site-packages/airflow/models/dagbag.py", line 461, in bag_dag
    self._bag_dag(dag=dag, root_dag=root_dag, recursive=True)
  File "/home/airflow/.local/lib/python3.8/site-packages/airflow/models/dagbag.py", line 469, in _bag_dag
    check_cycle(dag)  # throws if a task cycle is found
  File "/home/airflow/.local/lib/python3.8/site-packages/airflow/utils/dag_cycle_tester.py", line 79, in check_cycle
    child_to_check = _check_adjacent_tasks(current_task_id, task)
  File "/home/airflow/.local/lib/python3.8/site-packages/airflow/utils/dag_cycle_tester.py", line 65, in _check_adjacent_tasks
    raise AirflowDagCycleException(msg)
airflow.exceptions.AirflowDagCycleException: Cycle detected in DAG: full_name_and_data_users_dag. Faulty task: extract_data_2
[2024-12-20T20:16:34.702+0000] {processor.py:841} WARNING - No viable dags retrieved from /opt/airflow/dags/full_name_data_users_dag.py
[2024-12-20T20:16:34.722+0000] {processor.py:179} INFO - Processing /opt/airflow/dags/full_name_data_users_dag.py took 0.286 seconds
[2024-12-20T20:17:05.165+0000] {processor.py:157} INFO - Started process (PID=3469) to work on /opt/airflow/dags/full_name_data_users_dag.py
[2024-12-20T20:17:05.166+0000] {processor.py:829} INFO - Processing file /opt/airflow/dags/full_name_data_users_dag.py for tasks to queue
[2024-12-20T20:17:05.167+0000] {logging_mixin.py:151} INFO - [2024-12-20T20:17:05.167+0000] {dagbag.py:539} INFO - Filling up the DagBag from /opt/airflow/dags/full_name_data_users_dag.py
[2024-12-20T20:17:05.414+0000] {logging_mixin.py:151} INFO - [2024-12-20T20:17:05.413+0000] {dagbag.py:446} ERROR - Failed to bag_dag: /opt/airflow/dags/full_name_data_users_dag.py
Traceback (most recent call last):
  File "/home/airflow/.local/lib/python3.8/site-packages/airflow/models/dagbag.py", line 442, in _process_modules
    self.bag_dag(dag=dag, root_dag=dag)
  File "/home/airflow/.local/lib/python3.8/site-packages/airflow/models/dagbag.py", line 461, in bag_dag
    self._bag_dag(dag=dag, root_dag=root_dag, recursive=True)
  File "/home/airflow/.local/lib/python3.8/site-packages/airflow/models/dagbag.py", line 469, in _bag_dag
    check_cycle(dag)  # throws if a task cycle is found
  File "/home/airflow/.local/lib/python3.8/site-packages/airflow/utils/dag_cycle_tester.py", line 79, in check_cycle
    child_to_check = _check_adjacent_tasks(current_task_id, task)
  File "/home/airflow/.local/lib/python3.8/site-packages/airflow/utils/dag_cycle_tester.py", line 65, in _check_adjacent_tasks
    raise AirflowDagCycleException(msg)
airflow.exceptions.AirflowDagCycleException: Cycle detected in DAG: full_name_and_data_users_dag. Faulty task: extract_data_2
[2024-12-20T20:17:05.414+0000] {processor.py:841} WARNING - No viable dags retrieved from /opt/airflow/dags/full_name_data_users_dag.py
[2024-12-20T20:17:05.432+0000] {processor.py:179} INFO - Processing /opt/airflow/dags/full_name_data_users_dag.py took 0.269 seconds
[2024-12-20T20:17:35.801+0000] {processor.py:157} INFO - Started process (PID=3492) to work on /opt/airflow/dags/full_name_data_users_dag.py
[2024-12-20T20:17:35.802+0000] {processor.py:829} INFO - Processing file /opt/airflow/dags/full_name_data_users_dag.py for tasks to queue
[2024-12-20T20:17:35.803+0000] {logging_mixin.py:151} INFO - [2024-12-20T20:17:35.802+0000] {dagbag.py:539} INFO - Filling up the DagBag from /opt/airflow/dags/full_name_data_users_dag.py
[2024-12-20T20:17:36.066+0000] {logging_mixin.py:151} INFO - [2024-12-20T20:17:36.065+0000] {dagbag.py:446} ERROR - Failed to bag_dag: /opt/airflow/dags/full_name_data_users_dag.py
Traceback (most recent call last):
  File "/home/airflow/.local/lib/python3.8/site-packages/airflow/models/dagbag.py", line 442, in _process_modules
    self.bag_dag(dag=dag, root_dag=dag)
  File "/home/airflow/.local/lib/python3.8/site-packages/airflow/models/dagbag.py", line 461, in bag_dag
    self._bag_dag(dag=dag, root_dag=root_dag, recursive=True)
  File "/home/airflow/.local/lib/python3.8/site-packages/airflow/models/dagbag.py", line 469, in _bag_dag
    check_cycle(dag)  # throws if a task cycle is found
  File "/home/airflow/.local/lib/python3.8/site-packages/airflow/utils/dag_cycle_tester.py", line 79, in check_cycle
    child_to_check = _check_adjacent_tasks(current_task_id, task)
  File "/home/airflow/.local/lib/python3.8/site-packages/airflow/utils/dag_cycle_tester.py", line 65, in _check_adjacent_tasks
    raise AirflowDagCycleException(msg)
airflow.exceptions.AirflowDagCycleException: Cycle detected in DAG: full_name_and_data_users_dag. Faulty task: extract_data_2
[2024-12-20T20:17:36.067+0000] {processor.py:841} WARNING - No viable dags retrieved from /opt/airflow/dags/full_name_data_users_dag.py
[2024-12-20T20:17:36.102+0000] {processor.py:179} INFO - Processing /opt/airflow/dags/full_name_data_users_dag.py took 0.303 seconds
[2024-12-20T20:18:06.570+0000] {processor.py:157} INFO - Started process (PID=3515) to work on /opt/airflow/dags/full_name_data_users_dag.py
[2024-12-20T20:18:06.571+0000] {processor.py:829} INFO - Processing file /opt/airflow/dags/full_name_data_users_dag.py for tasks to queue
[2024-12-20T20:18:06.571+0000] {logging_mixin.py:151} INFO - [2024-12-20T20:18:06.571+0000] {dagbag.py:539} INFO - Filling up the DagBag from /opt/airflow/dags/full_name_data_users_dag.py
[2024-12-20T20:18:06.830+0000] {logging_mixin.py:151} INFO - [2024-12-20T20:18:06.829+0000] {dagbag.py:446} ERROR - Failed to bag_dag: /opt/airflow/dags/full_name_data_users_dag.py
Traceback (most recent call last):
  File "/home/airflow/.local/lib/python3.8/site-packages/airflow/models/dagbag.py", line 442, in _process_modules
    self.bag_dag(dag=dag, root_dag=dag)
  File "/home/airflow/.local/lib/python3.8/site-packages/airflow/models/dagbag.py", line 461, in bag_dag
    self._bag_dag(dag=dag, root_dag=root_dag, recursive=True)
  File "/home/airflow/.local/lib/python3.8/site-packages/airflow/models/dagbag.py", line 469, in _bag_dag
    check_cycle(dag)  # throws if a task cycle is found
  File "/home/airflow/.local/lib/python3.8/site-packages/airflow/utils/dag_cycle_tester.py", line 79, in check_cycle
    child_to_check = _check_adjacent_tasks(current_task_id, task)
  File "/home/airflow/.local/lib/python3.8/site-packages/airflow/utils/dag_cycle_tester.py", line 65, in _check_adjacent_tasks
    raise AirflowDagCycleException(msg)
airflow.exceptions.AirflowDagCycleException: Cycle detected in DAG: full_name_and_data_users_dag. Faulty task: extract_data_2
[2024-12-20T20:18:06.830+0000] {processor.py:841} WARNING - No viable dags retrieved from /opt/airflow/dags/full_name_data_users_dag.py
[2024-12-20T20:18:06.849+0000] {processor.py:179} INFO - Processing /opt/airflow/dags/full_name_data_users_dag.py took 0.282 seconds
[2024-12-20T20:18:37.354+0000] {processor.py:157} INFO - Started process (PID=3538) to work on /opt/airflow/dags/full_name_data_users_dag.py
[2024-12-20T20:18:37.354+0000] {processor.py:829} INFO - Processing file /opt/airflow/dags/full_name_data_users_dag.py for tasks to queue
[2024-12-20T20:18:37.355+0000] {logging_mixin.py:151} INFO - [2024-12-20T20:18:37.355+0000] {dagbag.py:539} INFO - Filling up the DagBag from /opt/airflow/dags/full_name_data_users_dag.py
[2024-12-20T20:18:37.616+0000] {logging_mixin.py:151} INFO - [2024-12-20T20:18:37.616+0000] {dagbag.py:446} ERROR - Failed to bag_dag: /opt/airflow/dags/full_name_data_users_dag.py
Traceback (most recent call last):
  File "/home/airflow/.local/lib/python3.8/site-packages/airflow/models/dagbag.py", line 442, in _process_modules
    self.bag_dag(dag=dag, root_dag=dag)
  File "/home/airflow/.local/lib/python3.8/site-packages/airflow/models/dagbag.py", line 461, in bag_dag
    self._bag_dag(dag=dag, root_dag=root_dag, recursive=True)
  File "/home/airflow/.local/lib/python3.8/site-packages/airflow/models/dagbag.py", line 469, in _bag_dag
    check_cycle(dag)  # throws if a task cycle is found
  File "/home/airflow/.local/lib/python3.8/site-packages/airflow/utils/dag_cycle_tester.py", line 79, in check_cycle
    child_to_check = _check_adjacent_tasks(current_task_id, task)
  File "/home/airflow/.local/lib/python3.8/site-packages/airflow/utils/dag_cycle_tester.py", line 65, in _check_adjacent_tasks
    raise AirflowDagCycleException(msg)
airflow.exceptions.AirflowDagCycleException: Cycle detected in DAG: full_name_and_data_users_dag. Faulty task: extract_data_2
[2024-12-20T20:18:37.617+0000] {processor.py:841} WARNING - No viable dags retrieved from /opt/airflow/dags/full_name_data_users_dag.py
[2024-12-20T20:18:37.646+0000] {processor.py:179} INFO - Processing /opt/airflow/dags/full_name_data_users_dag.py took 0.296 seconds
[2024-12-20T20:19:08.058+0000] {processor.py:157} INFO - Started process (PID=3561) to work on /opt/airflow/dags/full_name_data_users_dag.py
[2024-12-20T20:19:08.059+0000] {processor.py:829} INFO - Processing file /opt/airflow/dags/full_name_data_users_dag.py for tasks to queue
[2024-12-20T20:19:08.059+0000] {logging_mixin.py:151} INFO - [2024-12-20T20:19:08.059+0000] {dagbag.py:539} INFO - Filling up the DagBag from /opt/airflow/dags/full_name_data_users_dag.py
[2024-12-20T20:19:08.341+0000] {logging_mixin.py:151} INFO - [2024-12-20T20:19:08.341+0000] {dagbag.py:446} ERROR - Failed to bag_dag: /opt/airflow/dags/full_name_data_users_dag.py
Traceback (most recent call last):
  File "/home/airflow/.local/lib/python3.8/site-packages/airflow/models/dagbag.py", line 442, in _process_modules
    self.bag_dag(dag=dag, root_dag=dag)
  File "/home/airflow/.local/lib/python3.8/site-packages/airflow/models/dagbag.py", line 461, in bag_dag
    self._bag_dag(dag=dag, root_dag=root_dag, recursive=True)
  File "/home/airflow/.local/lib/python3.8/site-packages/airflow/models/dagbag.py", line 469, in _bag_dag
    check_cycle(dag)  # throws if a task cycle is found
  File "/home/airflow/.local/lib/python3.8/site-packages/airflow/utils/dag_cycle_tester.py", line 79, in check_cycle
    child_to_check = _check_adjacent_tasks(current_task_id, task)
  File "/home/airflow/.local/lib/python3.8/site-packages/airflow/utils/dag_cycle_tester.py", line 65, in _check_adjacent_tasks
    raise AirflowDagCycleException(msg)
airflow.exceptions.AirflowDagCycleException: Cycle detected in DAG: full_name_and_data_users_dag. Faulty task: extract_data_2
[2024-12-20T20:19:08.342+0000] {processor.py:841} WARNING - No viable dags retrieved from /opt/airflow/dags/full_name_data_users_dag.py
[2024-12-20T20:19:08.374+0000] {processor.py:179} INFO - Processing /opt/airflow/dags/full_name_data_users_dag.py took 0.318 seconds
[2024-12-20T20:19:38.787+0000] {processor.py:157} INFO - Started process (PID=3584) to work on /opt/airflow/dags/full_name_data_users_dag.py
[2024-12-20T20:19:38.788+0000] {processor.py:829} INFO - Processing file /opt/airflow/dags/full_name_data_users_dag.py for tasks to queue
[2024-12-20T20:19:38.789+0000] {logging_mixin.py:151} INFO - [2024-12-20T20:19:38.789+0000] {dagbag.py:539} INFO - Filling up the DagBag from /opt/airflow/dags/full_name_data_users_dag.py
[2024-12-20T20:19:39.045+0000] {logging_mixin.py:151} INFO - [2024-12-20T20:19:39.044+0000] {dagbag.py:446} ERROR - Failed to bag_dag: /opt/airflow/dags/full_name_data_users_dag.py
Traceback (most recent call last):
  File "/home/airflow/.local/lib/python3.8/site-packages/airflow/models/dagbag.py", line 442, in _process_modules
    self.bag_dag(dag=dag, root_dag=dag)
  File "/home/airflow/.local/lib/python3.8/site-packages/airflow/models/dagbag.py", line 461, in bag_dag
    self._bag_dag(dag=dag, root_dag=root_dag, recursive=True)
  File "/home/airflow/.local/lib/python3.8/site-packages/airflow/models/dagbag.py", line 469, in _bag_dag
    check_cycle(dag)  # throws if a task cycle is found
  File "/home/airflow/.local/lib/python3.8/site-packages/airflow/utils/dag_cycle_tester.py", line 79, in check_cycle
    child_to_check = _check_adjacent_tasks(current_task_id, task)
  File "/home/airflow/.local/lib/python3.8/site-packages/airflow/utils/dag_cycle_tester.py", line 65, in _check_adjacent_tasks
    raise AirflowDagCycleException(msg)
airflow.exceptions.AirflowDagCycleException: Cycle detected in DAG: full_name_and_data_users_dag. Faulty task: extract_data_2
[2024-12-20T20:19:39.045+0000] {processor.py:841} WARNING - No viable dags retrieved from /opt/airflow/dags/full_name_data_users_dag.py
[2024-12-20T20:19:39.062+0000] {processor.py:179} INFO - Processing /opt/airflow/dags/full_name_data_users_dag.py took 0.277 seconds
[2024-12-20T20:20:09.449+0000] {processor.py:157} INFO - Started process (PID=3607) to work on /opt/airflow/dags/full_name_data_users_dag.py
[2024-12-20T20:20:09.449+0000] {processor.py:829} INFO - Processing file /opt/airflow/dags/full_name_data_users_dag.py for tasks to queue
[2024-12-20T20:20:09.450+0000] {logging_mixin.py:151} INFO - [2024-12-20T20:20:09.450+0000] {dagbag.py:539} INFO - Filling up the DagBag from /opt/airflow/dags/full_name_data_users_dag.py
[2024-12-20T20:20:09.717+0000] {logging_mixin.py:151} INFO - [2024-12-20T20:20:09.716+0000] {dagbag.py:446} ERROR - Failed to bag_dag: /opt/airflow/dags/full_name_data_users_dag.py
Traceback (most recent call last):
  File "/home/airflow/.local/lib/python3.8/site-packages/airflow/models/dagbag.py", line 442, in _process_modules
    self.bag_dag(dag=dag, root_dag=dag)
  File "/home/airflow/.local/lib/python3.8/site-packages/airflow/models/dagbag.py", line 461, in bag_dag
    self._bag_dag(dag=dag, root_dag=root_dag, recursive=True)
  File "/home/airflow/.local/lib/python3.8/site-packages/airflow/models/dagbag.py", line 469, in _bag_dag
    check_cycle(dag)  # throws if a task cycle is found
  File "/home/airflow/.local/lib/python3.8/site-packages/airflow/utils/dag_cycle_tester.py", line 79, in check_cycle
    child_to_check = _check_adjacent_tasks(current_task_id, task)
  File "/home/airflow/.local/lib/python3.8/site-packages/airflow/utils/dag_cycle_tester.py", line 65, in _check_adjacent_tasks
    raise AirflowDagCycleException(msg)
airflow.exceptions.AirflowDagCycleException: Cycle detected in DAG: full_name_and_data_users_dag. Faulty task: extract_data_2
[2024-12-20T20:20:09.717+0000] {processor.py:841} WARNING - No viable dags retrieved from /opt/airflow/dags/full_name_data_users_dag.py
[2024-12-20T20:20:09.737+0000] {processor.py:179} INFO - Processing /opt/airflow/dags/full_name_data_users_dag.py took 0.291 seconds
[2024-12-20T20:20:40.484+0000] {processor.py:157} INFO - Started process (PID=3630) to work on /opt/airflow/dags/full_name_data_users_dag.py
[2024-12-20T20:20:40.484+0000] {processor.py:829} INFO - Processing file /opt/airflow/dags/full_name_data_users_dag.py for tasks to queue
[2024-12-20T20:20:40.485+0000] {logging_mixin.py:151} INFO - [2024-12-20T20:20:40.485+0000] {dagbag.py:539} INFO - Filling up the DagBag from /opt/airflow/dags/full_name_data_users_dag.py
[2024-12-20T20:20:40.744+0000] {logging_mixin.py:151} INFO - [2024-12-20T20:20:40.743+0000] {dagbag.py:446} ERROR - Failed to bag_dag: /opt/airflow/dags/full_name_data_users_dag.py
Traceback (most recent call last):
  File "/home/airflow/.local/lib/python3.8/site-packages/airflow/models/dagbag.py", line 442, in _process_modules
    self.bag_dag(dag=dag, root_dag=dag)
  File "/home/airflow/.local/lib/python3.8/site-packages/airflow/models/dagbag.py", line 461, in bag_dag
    self._bag_dag(dag=dag, root_dag=root_dag, recursive=True)
  File "/home/airflow/.local/lib/python3.8/site-packages/airflow/models/dagbag.py", line 469, in _bag_dag
    check_cycle(dag)  # throws if a task cycle is found
  File "/home/airflow/.local/lib/python3.8/site-packages/airflow/utils/dag_cycle_tester.py", line 79, in check_cycle
    child_to_check = _check_adjacent_tasks(current_task_id, task)
  File "/home/airflow/.local/lib/python3.8/site-packages/airflow/utils/dag_cycle_tester.py", line 65, in _check_adjacent_tasks
    raise AirflowDagCycleException(msg)
airflow.exceptions.AirflowDagCycleException: Cycle detected in DAG: full_name_and_data_users_dag. Faulty task: extract_data_2
[2024-12-20T20:20:40.744+0000] {processor.py:841} WARNING - No viable dags retrieved from /opt/airflow/dags/full_name_data_users_dag.py
[2024-12-20T20:20:40.773+0000] {processor.py:179} INFO - Processing /opt/airflow/dags/full_name_data_users_dag.py took 0.291 seconds
[2024-12-20T20:21:10.988+0000] {processor.py:157} INFO - Started process (PID=3653) to work on /opt/airflow/dags/full_name_data_users_dag.py
[2024-12-20T20:21:10.988+0000] {processor.py:829} INFO - Processing file /opt/airflow/dags/full_name_data_users_dag.py for tasks to queue
[2024-12-20T20:21:10.989+0000] {logging_mixin.py:151} INFO - [2024-12-20T20:21:10.989+0000] {dagbag.py:539} INFO - Filling up the DagBag from /opt/airflow/dags/full_name_data_users_dag.py
[2024-12-20T20:21:11.258+0000] {logging_mixin.py:151} INFO - [2024-12-20T20:21:11.257+0000] {dagbag.py:446} ERROR - Failed to bag_dag: /opt/airflow/dags/full_name_data_users_dag.py
Traceback (most recent call last):
  File "/home/airflow/.local/lib/python3.8/site-packages/airflow/models/dagbag.py", line 442, in _process_modules
    self.bag_dag(dag=dag, root_dag=dag)
  File "/home/airflow/.local/lib/python3.8/site-packages/airflow/models/dagbag.py", line 461, in bag_dag
    self._bag_dag(dag=dag, root_dag=root_dag, recursive=True)
  File "/home/airflow/.local/lib/python3.8/site-packages/airflow/models/dagbag.py", line 469, in _bag_dag
    check_cycle(dag)  # throws if a task cycle is found
  File "/home/airflow/.local/lib/python3.8/site-packages/airflow/utils/dag_cycle_tester.py", line 79, in check_cycle
    child_to_check = _check_adjacent_tasks(current_task_id, task)
  File "/home/airflow/.local/lib/python3.8/site-packages/airflow/utils/dag_cycle_tester.py", line 65, in _check_adjacent_tasks
    raise AirflowDagCycleException(msg)
airflow.exceptions.AirflowDagCycleException: Cycle detected in DAG: full_name_and_data_users_dag. Faulty task: extract_data_2
[2024-12-20T20:21:11.258+0000] {processor.py:841} WARNING - No viable dags retrieved from /opt/airflow/dags/full_name_data_users_dag.py
[2024-12-20T20:21:11.276+0000] {processor.py:179} INFO - Processing /opt/airflow/dags/full_name_data_users_dag.py took 0.291 seconds
[2024-12-20T20:21:41.549+0000] {processor.py:157} INFO - Started process (PID=3676) to work on /opt/airflow/dags/full_name_data_users_dag.py
[2024-12-20T20:21:41.550+0000] {processor.py:829} INFO - Processing file /opt/airflow/dags/full_name_data_users_dag.py for tasks to queue
[2024-12-20T20:21:41.550+0000] {logging_mixin.py:151} INFO - [2024-12-20T20:21:41.550+0000] {dagbag.py:539} INFO - Filling up the DagBag from /opt/airflow/dags/full_name_data_users_dag.py
[2024-12-20T20:21:41.848+0000] {logging_mixin.py:151} INFO - [2024-12-20T20:21:41.847+0000] {dagbag.py:446} ERROR - Failed to bag_dag: /opt/airflow/dags/full_name_data_users_dag.py
Traceback (most recent call last):
  File "/home/airflow/.local/lib/python3.8/site-packages/airflow/models/dagbag.py", line 442, in _process_modules
    self.bag_dag(dag=dag, root_dag=dag)
  File "/home/airflow/.local/lib/python3.8/site-packages/airflow/models/dagbag.py", line 461, in bag_dag
    self._bag_dag(dag=dag, root_dag=root_dag, recursive=True)
  File "/home/airflow/.local/lib/python3.8/site-packages/airflow/models/dagbag.py", line 469, in _bag_dag
    check_cycle(dag)  # throws if a task cycle is found
  File "/home/airflow/.local/lib/python3.8/site-packages/airflow/utils/dag_cycle_tester.py", line 79, in check_cycle
    child_to_check = _check_adjacent_tasks(current_task_id, task)
  File "/home/airflow/.local/lib/python3.8/site-packages/airflow/utils/dag_cycle_tester.py", line 65, in _check_adjacent_tasks
    raise AirflowDagCycleException(msg)
airflow.exceptions.AirflowDagCycleException: Cycle detected in DAG: full_name_and_data_users_dag. Faulty task: extract_data_2
[2024-12-20T20:21:41.849+0000] {processor.py:841} WARNING - No viable dags retrieved from /opt/airflow/dags/full_name_data_users_dag.py
[2024-12-20T20:21:41.870+0000] {processor.py:179} INFO - Processing /opt/airflow/dags/full_name_data_users_dag.py took 0.324 seconds
[2024-12-20T20:22:12.149+0000] {processor.py:157} INFO - Started process (PID=3699) to work on /opt/airflow/dags/full_name_data_users_dag.py
[2024-12-20T20:22:12.150+0000] {processor.py:829} INFO - Processing file /opt/airflow/dags/full_name_data_users_dag.py for tasks to queue
[2024-12-20T20:22:12.150+0000] {logging_mixin.py:151} INFO - [2024-12-20T20:22:12.150+0000] {dagbag.py:539} INFO - Filling up the DagBag from /opt/airflow/dags/full_name_data_users_dag.py
[2024-12-20T20:22:12.394+0000] {logging_mixin.py:151} INFO - [2024-12-20T20:22:12.393+0000] {dagbag.py:446} ERROR - Failed to bag_dag: /opt/airflow/dags/full_name_data_users_dag.py
Traceback (most recent call last):
  File "/home/airflow/.local/lib/python3.8/site-packages/airflow/models/dagbag.py", line 442, in _process_modules
    self.bag_dag(dag=dag, root_dag=dag)
  File "/home/airflow/.local/lib/python3.8/site-packages/airflow/models/dagbag.py", line 461, in bag_dag
    self._bag_dag(dag=dag, root_dag=root_dag, recursive=True)
  File "/home/airflow/.local/lib/python3.8/site-packages/airflow/models/dagbag.py", line 469, in _bag_dag
    check_cycle(dag)  # throws if a task cycle is found
  File "/home/airflow/.local/lib/python3.8/site-packages/airflow/utils/dag_cycle_tester.py", line 79, in check_cycle
    child_to_check = _check_adjacent_tasks(current_task_id, task)
  File "/home/airflow/.local/lib/python3.8/site-packages/airflow/utils/dag_cycle_tester.py", line 65, in _check_adjacent_tasks
    raise AirflowDagCycleException(msg)
airflow.exceptions.AirflowDagCycleException: Cycle detected in DAG: full_name_and_data_users_dag. Faulty task: extract_data_2
[2024-12-20T20:22:12.395+0000] {processor.py:841} WARNING - No viable dags retrieved from /opt/airflow/dags/full_name_data_users_dag.py
[2024-12-20T20:22:12.425+0000] {processor.py:179} INFO - Processing /opt/airflow/dags/full_name_data_users_dag.py took 0.278 seconds
[2024-12-20T20:22:42.827+0000] {processor.py:157} INFO - Started process (PID=3722) to work on /opt/airflow/dags/full_name_data_users_dag.py
[2024-12-20T20:22:42.828+0000] {processor.py:829} INFO - Processing file /opt/airflow/dags/full_name_data_users_dag.py for tasks to queue
[2024-12-20T20:22:42.828+0000] {logging_mixin.py:151} INFO - [2024-12-20T20:22:42.828+0000] {dagbag.py:539} INFO - Filling up the DagBag from /opt/airflow/dags/full_name_data_users_dag.py
[2024-12-20T20:22:43.072+0000] {logging_mixin.py:151} INFO - [2024-12-20T20:22:43.071+0000] {dagbag.py:446} ERROR - Failed to bag_dag: /opt/airflow/dags/full_name_data_users_dag.py
Traceback (most recent call last):
  File "/home/airflow/.local/lib/python3.8/site-packages/airflow/models/dagbag.py", line 442, in _process_modules
    self.bag_dag(dag=dag, root_dag=dag)
  File "/home/airflow/.local/lib/python3.8/site-packages/airflow/models/dagbag.py", line 461, in bag_dag
    self._bag_dag(dag=dag, root_dag=root_dag, recursive=True)
  File "/home/airflow/.local/lib/python3.8/site-packages/airflow/models/dagbag.py", line 469, in _bag_dag
    check_cycle(dag)  # throws if a task cycle is found
  File "/home/airflow/.local/lib/python3.8/site-packages/airflow/utils/dag_cycle_tester.py", line 79, in check_cycle
    child_to_check = _check_adjacent_tasks(current_task_id, task)
  File "/home/airflow/.local/lib/python3.8/site-packages/airflow/utils/dag_cycle_tester.py", line 65, in _check_adjacent_tasks
    raise AirflowDagCycleException(msg)
airflow.exceptions.AirflowDagCycleException: Cycle detected in DAG: full_name_and_data_users_dag. Faulty task: extract_data_2
[2024-12-20T20:22:43.073+0000] {processor.py:841} WARNING - No viable dags retrieved from /opt/airflow/dags/full_name_data_users_dag.py
[2024-12-20T20:22:43.103+0000] {processor.py:179} INFO - Processing /opt/airflow/dags/full_name_data_users_dag.py took 0.278 seconds
[2024-12-20T20:23:13.617+0000] {processor.py:157} INFO - Started process (PID=3745) to work on /opt/airflow/dags/full_name_data_users_dag.py
[2024-12-20T20:23:13.617+0000] {processor.py:829} INFO - Processing file /opt/airflow/dags/full_name_data_users_dag.py for tasks to queue
[2024-12-20T20:23:13.618+0000] {logging_mixin.py:151} INFO - [2024-12-20T20:23:13.618+0000] {dagbag.py:539} INFO - Filling up the DagBag from /opt/airflow/dags/full_name_data_users_dag.py
[2024-12-20T20:23:13.876+0000] {logging_mixin.py:151} INFO - [2024-12-20T20:23:13.876+0000] {dagbag.py:446} ERROR - Failed to bag_dag: /opt/airflow/dags/full_name_data_users_dag.py
Traceback (most recent call last):
  File "/home/airflow/.local/lib/python3.8/site-packages/airflow/models/dagbag.py", line 442, in _process_modules
    self.bag_dag(dag=dag, root_dag=dag)
  File "/home/airflow/.local/lib/python3.8/site-packages/airflow/models/dagbag.py", line 461, in bag_dag
    self._bag_dag(dag=dag, root_dag=root_dag, recursive=True)
  File "/home/airflow/.local/lib/python3.8/site-packages/airflow/models/dagbag.py", line 469, in _bag_dag
    check_cycle(dag)  # throws if a task cycle is found
  File "/home/airflow/.local/lib/python3.8/site-packages/airflow/utils/dag_cycle_tester.py", line 79, in check_cycle
    child_to_check = _check_adjacent_tasks(current_task_id, task)
  File "/home/airflow/.local/lib/python3.8/site-packages/airflow/utils/dag_cycle_tester.py", line 65, in _check_adjacent_tasks
    raise AirflowDagCycleException(msg)
airflow.exceptions.AirflowDagCycleException: Cycle detected in DAG: full_name_and_data_users_dag. Faulty task: extract_data_2
[2024-12-20T20:23:13.877+0000] {processor.py:841} WARNING - No viable dags retrieved from /opt/airflow/dags/full_name_data_users_dag.py
[2024-12-20T20:23:13.894+0000] {processor.py:179} INFO - Processing /opt/airflow/dags/full_name_data_users_dag.py took 0.281 seconds
[2024-12-20T20:23:44.261+0000] {processor.py:157} INFO - Started process (PID=3768) to work on /opt/airflow/dags/full_name_data_users_dag.py
[2024-12-20T20:23:44.261+0000] {processor.py:829} INFO - Processing file /opt/airflow/dags/full_name_data_users_dag.py for tasks to queue
[2024-12-20T20:23:44.262+0000] {logging_mixin.py:151} INFO - [2024-12-20T20:23:44.262+0000] {dagbag.py:539} INFO - Filling up the DagBag from /opt/airflow/dags/full_name_data_users_dag.py
[2024-12-20T20:23:44.523+0000] {logging_mixin.py:151} INFO - [2024-12-20T20:23:44.522+0000] {dagbag.py:446} ERROR - Failed to bag_dag: /opt/airflow/dags/full_name_data_users_dag.py
Traceback (most recent call last):
  File "/home/airflow/.local/lib/python3.8/site-packages/airflow/models/dagbag.py", line 442, in _process_modules
    self.bag_dag(dag=dag, root_dag=dag)
  File "/home/airflow/.local/lib/python3.8/site-packages/airflow/models/dagbag.py", line 461, in bag_dag
    self._bag_dag(dag=dag, root_dag=root_dag, recursive=True)
  File "/home/airflow/.local/lib/python3.8/site-packages/airflow/models/dagbag.py", line 469, in _bag_dag
    check_cycle(dag)  # throws if a task cycle is found
  File "/home/airflow/.local/lib/python3.8/site-packages/airflow/utils/dag_cycle_tester.py", line 79, in check_cycle
    child_to_check = _check_adjacent_tasks(current_task_id, task)
  File "/home/airflow/.local/lib/python3.8/site-packages/airflow/utils/dag_cycle_tester.py", line 65, in _check_adjacent_tasks
    raise AirflowDagCycleException(msg)
airflow.exceptions.AirflowDagCycleException: Cycle detected in DAG: full_name_and_data_users_dag. Faulty task: extract_data_2
[2024-12-20T20:23:44.523+0000] {processor.py:841} WARNING - No viable dags retrieved from /opt/airflow/dags/full_name_data_users_dag.py
[2024-12-20T20:23:44.552+0000] {processor.py:179} INFO - Processing /opt/airflow/dags/full_name_data_users_dag.py took 0.294 seconds
[2024-12-20T20:23:58.503+0000] {processor.py:157} INFO - Started process (PID=3791) to work on /opt/airflow/dags/full_name_data_users_dag.py
[2024-12-20T20:23:58.504+0000] {processor.py:829} INFO - Processing file /opt/airflow/dags/full_name_data_users_dag.py for tasks to queue
[2024-12-20T20:23:58.505+0000] {logging_mixin.py:151} INFO - [2024-12-20T20:23:58.504+0000] {dagbag.py:539} INFO - Filling up the DagBag from /opt/airflow/dags/full_name_data_users_dag.py
[2024-12-20T20:23:58.798+0000] {processor.py:839} INFO - DAG(s) dict_keys(['full_name_and_data_users_dag']) retrieved from /opt/airflow/dags/full_name_data_users_dag.py
[2024-12-20T20:23:58.979+0000] {logging_mixin.py:151} INFO - [2024-12-20T20:23:58.979+0000] {manager.py:499} INFO - Created Permission View: %s
[2024-12-20T20:23:58.989+0000] {logging_mixin.py:151} INFO - [2024-12-20T20:23:58.989+0000] {manager.py:499} INFO - Created Permission View: %s
[2024-12-20T20:23:58.998+0000] {logging_mixin.py:151} INFO - [2024-12-20T20:23:58.998+0000] {manager.py:499} INFO - Created Permission View: %s
[2024-12-20T20:23:59.000+0000] {logging_mixin.py:151} INFO - [2024-12-20T20:23:58.999+0000] {security.py:708} INFO - Not syncing DAG-level permissions for DAG 'DAG:full_name_and_data_users_dag' as access control is unset.
[2024-12-20T20:23:59.000+0000] {logging_mixin.py:151} INFO - [2024-12-20T20:23:59.000+0000] {dag.py:2915} INFO - Sync 1 DAGs
[2024-12-20T20:23:59.010+0000] {logging_mixin.py:151} INFO - [2024-12-20T20:23:59.009+0000] {dag.py:2937} INFO - Creating ORM DAG for full_name_and_data_users_dag
[2024-12-20T20:23:59.022+0000] {logging_mixin.py:151} INFO - [2024-12-20T20:23:59.022+0000] {dag.py:3696} INFO - Setting next_dagrun for full_name_and_data_users_dag to 2024-12-16T00:00:00+00:00, run_after=2024-12-19T00:00:00+00:00
[2024-12-20T20:23:59.040+0000] {processor.py:179} INFO - Processing /opt/airflow/dags/full_name_data_users_dag.py took 0.539 seconds
[2024-12-20T20:24:29.264+0000] {processor.py:157} INFO - Started process (PID=3814) to work on /opt/airflow/dags/full_name_data_users_dag.py
[2024-12-20T20:24:29.265+0000] {processor.py:829} INFO - Processing file /opt/airflow/dags/full_name_data_users_dag.py for tasks to queue
[2024-12-20T20:24:29.266+0000] {logging_mixin.py:151} INFO - [2024-12-20T20:24:29.266+0000] {dagbag.py:539} INFO - Filling up the DagBag from /opt/airflow/dags/full_name_data_users_dag.py
[2024-12-20T20:24:29.541+0000] {processor.py:839} INFO - DAG(s) dict_keys(['full_name_and_data_users_dag']) retrieved from /opt/airflow/dags/full_name_data_users_dag.py
[2024-12-20T20:24:29.567+0000] {logging_mixin.py:151} INFO - [2024-12-20T20:24:29.566+0000] {dag.py:2915} INFO - Sync 1 DAGs
[2024-12-20T20:24:29.590+0000] {logging_mixin.py:151} INFO - [2024-12-20T20:24:29.589+0000] {dag.py:3696} INFO - Setting next_dagrun for full_name_and_data_users_dag to 2024-12-16T00:00:00+00:00, run_after=2024-12-19T00:00:00+00:00
[2024-12-20T20:24:29.608+0000] {processor.py:179} INFO - Processing /opt/airflow/dags/full_name_data_users_dag.py took 0.346 seconds
[2024-12-20T20:24:59.838+0000] {processor.py:157} INFO - Started process (PID=3837) to work on /opt/airflow/dags/full_name_data_users_dag.py
[2024-12-20T20:24:59.838+0000] {processor.py:829} INFO - Processing file /opt/airflow/dags/full_name_data_users_dag.py for tasks to queue
[2024-12-20T20:24:59.839+0000] {logging_mixin.py:151} INFO - [2024-12-20T20:24:59.839+0000] {dagbag.py:539} INFO - Filling up the DagBag from /opt/airflow/dags/full_name_data_users_dag.py
[2024-12-20T20:25:00.096+0000] {processor.py:839} INFO - DAG(s) dict_keys(['full_name_and_data_users_dag']) retrieved from /opt/airflow/dags/full_name_data_users_dag.py
[2024-12-20T20:25:00.118+0000] {logging_mixin.py:151} INFO - [2024-12-20T20:25:00.118+0000] {dag.py:2915} INFO - Sync 1 DAGs
[2024-12-20T20:25:00.138+0000] {logging_mixin.py:151} INFO - [2024-12-20T20:25:00.138+0000] {dag.py:3696} INFO - Setting next_dagrun for full_name_and_data_users_dag to 2024-12-16T00:00:00+00:00, run_after=2024-12-19T00:00:00+00:00
[2024-12-20T20:25:00.153+0000] {processor.py:179} INFO - Processing /opt/airflow/dags/full_name_data_users_dag.py took 0.318 seconds
[2024-12-20T20:25:30.520+0000] {processor.py:157} INFO - Started process (PID=3860) to work on /opt/airflow/dags/full_name_data_users_dag.py
[2024-12-20T20:25:30.521+0000] {processor.py:829} INFO - Processing file /opt/airflow/dags/full_name_data_users_dag.py for tasks to queue
[2024-12-20T20:25:30.522+0000] {logging_mixin.py:151} INFO - [2024-12-20T20:25:30.521+0000] {dagbag.py:539} INFO - Filling up the DagBag from /opt/airflow/dags/full_name_data_users_dag.py
[2024-12-20T20:25:30.794+0000] {processor.py:839} INFO - DAG(s) dict_keys(['full_name_and_data_users_dag']) retrieved from /opt/airflow/dags/full_name_data_users_dag.py
[2024-12-20T20:25:30.816+0000] {logging_mixin.py:151} INFO - [2024-12-20T20:25:30.815+0000] {dag.py:2915} INFO - Sync 1 DAGs
[2024-12-20T20:25:30.840+0000] {logging_mixin.py:151} INFO - [2024-12-20T20:25:30.840+0000] {dag.py:3696} INFO - Setting next_dagrun for full_name_and_data_users_dag to 2024-12-16T00:00:00+00:00, run_after=2024-12-19T00:00:00+00:00
[2024-12-20T20:25:30.853+0000] {processor.py:179} INFO - Processing /opt/airflow/dags/full_name_data_users_dag.py took 0.336 seconds
[2024-12-20T20:26:01.259+0000] {processor.py:157} INFO - Started process (PID=3886) to work on /opt/airflow/dags/full_name_data_users_dag.py
[2024-12-20T20:26:01.260+0000] {processor.py:829} INFO - Processing file /opt/airflow/dags/full_name_data_users_dag.py for tasks to queue
[2024-12-20T20:26:01.261+0000] {logging_mixin.py:151} INFO - [2024-12-20T20:26:01.260+0000] {dagbag.py:539} INFO - Filling up the DagBag from /opt/airflow/dags/full_name_data_users_dag.py
[2024-12-20T20:26:01.560+0000] {processor.py:839} INFO - DAG(s) dict_keys(['full_name_and_data_users_dag']) retrieved from /opt/airflow/dags/full_name_data_users_dag.py
[2024-12-20T20:26:01.585+0000] {logging_mixin.py:151} INFO - [2024-12-20T20:26:01.585+0000] {dag.py:2915} INFO - Sync 1 DAGs
[2024-12-20T20:26:01.607+0000] {logging_mixin.py:151} INFO - [2024-12-20T20:26:01.607+0000] {dag.py:3696} INFO - Setting next_dagrun for full_name_and_data_users_dag to 2024-12-19T00:00:00+00:00, run_after=2024-12-22T00:00:00+00:00
[2024-12-20T20:26:01.622+0000] {processor.py:179} INFO - Processing /opt/airflow/dags/full_name_data_users_dag.py took 0.367 seconds
[2024-12-20T20:26:32.278+0000] {processor.py:157} INFO - Started process (PID=3912) to work on /opt/airflow/dags/full_name_data_users_dag.py
[2024-12-20T20:26:32.279+0000] {processor.py:829} INFO - Processing file /opt/airflow/dags/full_name_data_users_dag.py for tasks to queue
[2024-12-20T20:26:32.279+0000] {logging_mixin.py:151} INFO - [2024-12-20T20:26:32.279+0000] {dagbag.py:539} INFO - Filling up the DagBag from /opt/airflow/dags/full_name_data_users_dag.py
[2024-12-20T20:26:32.537+0000] {processor.py:839} INFO - DAG(s) dict_keys(['full_name_and_data_users_dag']) retrieved from /opt/airflow/dags/full_name_data_users_dag.py
[2024-12-20T20:26:32.559+0000] {logging_mixin.py:151} INFO - [2024-12-20T20:26:32.559+0000] {dag.py:2915} INFO - Sync 1 DAGs
[2024-12-20T20:26:32.581+0000] {logging_mixin.py:151} INFO - [2024-12-20T20:26:32.581+0000] {dag.py:3696} INFO - Setting next_dagrun for full_name_and_data_users_dag to 2024-12-19T00:00:00+00:00, run_after=2024-12-22T00:00:00+00:00
[2024-12-20T20:26:32.608+0000] {processor.py:179} INFO - Processing /opt/airflow/dags/full_name_data_users_dag.py took 0.332 seconds
[2024-12-20T20:27:02.682+0000] {processor.py:157} INFO - Started process (PID=3935) to work on /opt/airflow/dags/full_name_data_users_dag.py
[2024-12-20T20:27:02.683+0000] {processor.py:829} INFO - Processing file /opt/airflow/dags/full_name_data_users_dag.py for tasks to queue
[2024-12-20T20:27:02.684+0000] {logging_mixin.py:151} INFO - [2024-12-20T20:27:02.683+0000] {dagbag.py:539} INFO - Filling up the DagBag from /opt/airflow/dags/full_name_data_users_dag.py
[2024-12-20T20:27:02.957+0000] {processor.py:839} INFO - DAG(s) dict_keys(['full_name_and_data_users_dag']) retrieved from /opt/airflow/dags/full_name_data_users_dag.py
[2024-12-20T20:27:02.986+0000] {logging_mixin.py:151} INFO - [2024-12-20T20:27:02.984+0000] {dag.py:2915} INFO - Sync 1 DAGs
[2024-12-20T20:27:03.009+0000] {logging_mixin.py:151} INFO - [2024-12-20T20:27:03.009+0000] {dag.py:3696} INFO - Setting next_dagrun for full_name_and_data_users_dag to 2024-12-19T00:00:00+00:00, run_after=2024-12-22T00:00:00+00:00
[2024-12-20T20:27:03.029+0000] {processor.py:179} INFO - Processing /opt/airflow/dags/full_name_data_users_dag.py took 0.349 seconds
[2024-12-20T20:27:33.362+0000] {processor.py:157} INFO - Started process (PID=3958) to work on /opt/airflow/dags/full_name_data_users_dag.py
[2024-12-20T20:27:33.363+0000] {processor.py:829} INFO - Processing file /opt/airflow/dags/full_name_data_users_dag.py for tasks to queue
[2024-12-20T20:27:33.364+0000] {logging_mixin.py:151} INFO - [2024-12-20T20:27:33.363+0000] {dagbag.py:539} INFO - Filling up the DagBag from /opt/airflow/dags/full_name_data_users_dag.py
[2024-12-20T20:27:33.634+0000] {processor.py:839} INFO - DAG(s) dict_keys(['full_name_and_data_users_dag']) retrieved from /opt/airflow/dags/full_name_data_users_dag.py
[2024-12-20T20:27:33.658+0000] {logging_mixin.py:151} INFO - [2024-12-20T20:27:33.658+0000] {dag.py:2915} INFO - Sync 1 DAGs
[2024-12-20T20:27:33.681+0000] {logging_mixin.py:151} INFO - [2024-12-20T20:27:33.680+0000] {dag.py:3696} INFO - Setting next_dagrun for full_name_and_data_users_dag to 2024-12-19T00:00:00+00:00, run_after=2024-12-22T00:00:00+00:00
[2024-12-20T20:27:33.695+0000] {processor.py:179} INFO - Processing /opt/airflow/dags/full_name_data_users_dag.py took 0.337 seconds
[2024-12-20T20:28:04.098+0000] {processor.py:157} INFO - Started process (PID=3981) to work on /opt/airflow/dags/full_name_data_users_dag.py
[2024-12-20T20:28:04.099+0000] {processor.py:829} INFO - Processing file /opt/airflow/dags/full_name_data_users_dag.py for tasks to queue
[2024-12-20T20:28:04.100+0000] {logging_mixin.py:151} INFO - [2024-12-20T20:28:04.100+0000] {dagbag.py:539} INFO - Filling up the DagBag from /opt/airflow/dags/full_name_data_users_dag.py
[2024-12-20T20:28:04.348+0000] {processor.py:839} INFO - DAG(s) dict_keys(['full_name_and_data_users_dag']) retrieved from /opt/airflow/dags/full_name_data_users_dag.py
[2024-12-20T20:28:04.371+0000] {logging_mixin.py:151} INFO - [2024-12-20T20:28:04.370+0000] {dag.py:2915} INFO - Sync 1 DAGs
[2024-12-20T20:28:04.392+0000] {logging_mixin.py:151} INFO - [2024-12-20T20:28:04.392+0000] {dag.py:3696} INFO - Setting next_dagrun for full_name_and_data_users_dag to 2024-12-19T00:00:00+00:00, run_after=2024-12-22T00:00:00+00:00
[2024-12-20T20:28:04.417+0000] {processor.py:179} INFO - Processing /opt/airflow/dags/full_name_data_users_dag.py took 0.321 seconds
[2024-12-20T20:28:17.512+0000] {processor.py:157} INFO - Started process (PID=3987) to work on /opt/airflow/dags/full_name_data_users_dag.py
[2024-12-20T20:28:17.513+0000] {processor.py:829} INFO - Processing file /opt/airflow/dags/full_name_data_users_dag.py for tasks to queue
[2024-12-20T20:28:17.513+0000] {logging_mixin.py:151} INFO - [2024-12-20T20:28:17.513+0000] {dagbag.py:539} INFO - Filling up the DagBag from /opt/airflow/dags/full_name_data_users_dag.py
[2024-12-20T20:28:17.789+0000] {processor.py:839} INFO - DAG(s) dict_keys(['full_name_and_data_users_dag']) retrieved from /opt/airflow/dags/full_name_data_users_dag.py
[2024-12-20T20:28:17.815+0000] {logging_mixin.py:151} INFO - [2024-12-20T20:28:17.815+0000] {dag.py:2915} INFO - Sync 1 DAGs
[2024-12-20T20:28:17.837+0000] {logging_mixin.py:151} INFO - [2024-12-20T20:28:17.837+0000] {dag.py:3696} INFO - Setting next_dagrun for full_name_and_data_users_dag to 2024-12-19T00:00:00+00:00, run_after=2024-12-22T00:00:00+00:00
[2024-12-20T20:28:17.856+0000] {processor.py:179} INFO - Processing /opt/airflow/dags/full_name_data_users_dag.py took 0.347 seconds
[2024-12-20T20:28:47.936+0000] {processor.py:157} INFO - Started process (PID=4016) to work on /opt/airflow/dags/full_name_data_users_dag.py
[2024-12-20T20:28:47.937+0000] {processor.py:829} INFO - Processing file /opt/airflow/dags/full_name_data_users_dag.py for tasks to queue
[2024-12-20T20:28:47.938+0000] {logging_mixin.py:151} INFO - [2024-12-20T20:28:47.937+0000] {dagbag.py:539} INFO - Filling up the DagBag from /opt/airflow/dags/full_name_data_users_dag.py
[2024-12-20T20:28:48.189+0000] {processor.py:839} INFO - DAG(s) dict_keys(['full_name_and_data_users_dag']) retrieved from /opt/airflow/dags/full_name_data_users_dag.py
[2024-12-20T20:28:48.215+0000] {logging_mixin.py:151} INFO - [2024-12-20T20:28:48.214+0000] {dag.py:2915} INFO - Sync 1 DAGs
[2024-12-20T20:28:48.236+0000] {logging_mixin.py:151} INFO - [2024-12-20T20:28:48.235+0000] {dag.py:3696} INFO - Setting next_dagrun for full_name_and_data_users_dag to 2024-12-19T00:00:00+00:00, run_after=2024-12-22T00:00:00+00:00
[2024-12-20T20:28:48.254+0000] {processor.py:179} INFO - Processing /opt/airflow/dags/full_name_data_users_dag.py took 0.320 seconds
[2024-12-20T20:29:18.728+0000] {processor.py:157} INFO - Started process (PID=4039) to work on /opt/airflow/dags/full_name_data_users_dag.py
[2024-12-20T20:29:18.729+0000] {processor.py:829} INFO - Processing file /opt/airflow/dags/full_name_data_users_dag.py for tasks to queue
[2024-12-20T20:29:18.730+0000] {logging_mixin.py:151} INFO - [2024-12-20T20:29:18.730+0000] {dagbag.py:539} INFO - Filling up the DagBag from /opt/airflow/dags/full_name_data_users_dag.py
[2024-12-20T20:29:19.008+0000] {processor.py:839} INFO - DAG(s) dict_keys(['full_name_and_data_users_dag']) retrieved from /opt/airflow/dags/full_name_data_users_dag.py
[2024-12-20T20:29:19.039+0000] {logging_mixin.py:151} INFO - [2024-12-20T20:29:19.039+0000] {dag.py:2915} INFO - Sync 1 DAGs
[2024-12-20T20:29:19.066+0000] {logging_mixin.py:151} INFO - [2024-12-20T20:29:19.066+0000] {dag.py:3696} INFO - Setting next_dagrun for full_name_and_data_users_dag to 2024-12-19T00:00:00+00:00, run_after=2024-12-22T00:00:00+00:00
[2024-12-20T20:29:19.082+0000] {processor.py:179} INFO - Processing /opt/airflow/dags/full_name_data_users_dag.py took 0.356 seconds
[2024-12-20T20:29:49.348+0000] {processor.py:157} INFO - Started process (PID=4062) to work on /opt/airflow/dags/full_name_data_users_dag.py
[2024-12-20T20:29:49.349+0000] {processor.py:829} INFO - Processing file /opt/airflow/dags/full_name_data_users_dag.py for tasks to queue
[2024-12-20T20:29:49.349+0000] {logging_mixin.py:151} INFO - [2024-12-20T20:29:49.349+0000] {dagbag.py:539} INFO - Filling up the DagBag from /opt/airflow/dags/full_name_data_users_dag.py
[2024-12-20T20:29:49.608+0000] {processor.py:839} INFO - DAG(s) dict_keys(['full_name_and_data_users_dag']) retrieved from /opt/airflow/dags/full_name_data_users_dag.py
[2024-12-20T20:29:49.631+0000] {logging_mixin.py:151} INFO - [2024-12-20T20:29:49.630+0000] {dag.py:2915} INFO - Sync 1 DAGs
[2024-12-20T20:29:49.651+0000] {logging_mixin.py:151} INFO - [2024-12-20T20:29:49.651+0000] {dag.py:3696} INFO - Setting next_dagrun for full_name_and_data_users_dag to 2024-12-19T00:00:00+00:00, run_after=2024-12-22T00:00:00+00:00
[2024-12-20T20:29:49.684+0000] {processor.py:179} INFO - Processing /opt/airflow/dags/full_name_data_users_dag.py took 0.339 seconds
[2024-12-20T20:30:20.056+0000] {processor.py:157} INFO - Started process (PID=4088) to work on /opt/airflow/dags/full_name_data_users_dag.py
[2024-12-20T20:30:20.057+0000] {processor.py:829} INFO - Processing file /opt/airflow/dags/full_name_data_users_dag.py for tasks to queue
[2024-12-20T20:30:20.058+0000] {logging_mixin.py:151} INFO - [2024-12-20T20:30:20.057+0000] {dagbag.py:539} INFO - Filling up the DagBag from /opt/airflow/dags/full_name_data_users_dag.py
[2024-12-20T20:30:20.344+0000] {processor.py:839} INFO - DAG(s) dict_keys(['full_name_and_data_users_dag']) retrieved from /opt/airflow/dags/full_name_data_users_dag.py
[2024-12-20T20:30:20.370+0000] {logging_mixin.py:151} INFO - [2024-12-20T20:30:20.369+0000] {dag.py:2915} INFO - Sync 1 DAGs
[2024-12-20T20:30:20.392+0000] {logging_mixin.py:151} INFO - [2024-12-20T20:30:20.391+0000] {dag.py:3696} INFO - Setting next_dagrun for full_name_and_data_users_dag to 2024-12-19T00:00:00+00:00, run_after=2024-12-22T00:00:00+00:00
[2024-12-20T20:30:20.408+0000] {processor.py:179} INFO - Processing /opt/airflow/dags/full_name_data_users_dag.py took 0.355 seconds
[2024-12-20T20:30:50.819+0000] {processor.py:157} INFO - Started process (PID=4114) to work on /opt/airflow/dags/full_name_data_users_dag.py
[2024-12-20T20:30:50.820+0000] {processor.py:829} INFO - Processing file /opt/airflow/dags/full_name_data_users_dag.py for tasks to queue
[2024-12-20T20:30:50.820+0000] {logging_mixin.py:151} INFO - [2024-12-20T20:30:50.820+0000] {dagbag.py:539} INFO - Filling up the DagBag from /opt/airflow/dags/full_name_data_users_dag.py
[2024-12-20T20:30:51.106+0000] {processor.py:839} INFO - DAG(s) dict_keys(['full_name_and_data_users_dag']) retrieved from /opt/airflow/dags/full_name_data_users_dag.py
[2024-12-20T20:30:51.131+0000] {logging_mixin.py:151} INFO - [2024-12-20T20:30:51.131+0000] {dag.py:2915} INFO - Sync 1 DAGs
[2024-12-20T20:30:51.156+0000] {logging_mixin.py:151} INFO - [2024-12-20T20:30:51.156+0000] {dag.py:3696} INFO - Setting next_dagrun for full_name_and_data_users_dag to 2024-12-19T00:00:00+00:00, run_after=2024-12-22T00:00:00+00:00
[2024-12-20T20:30:51.170+0000] {processor.py:179} INFO - Processing /opt/airflow/dags/full_name_data_users_dag.py took 0.354 seconds
[2024-12-20T20:31:21.485+0000] {processor.py:157} INFO - Started process (PID=4146) to work on /opt/airflow/dags/full_name_data_users_dag.py
[2024-12-20T20:31:21.486+0000] {processor.py:829} INFO - Processing file /opt/airflow/dags/full_name_data_users_dag.py for tasks to queue
[2024-12-20T20:31:21.487+0000] {logging_mixin.py:151} INFO - [2024-12-20T20:31:21.486+0000] {dagbag.py:539} INFO - Filling up the DagBag from /opt/airflow/dags/full_name_data_users_dag.py
[2024-12-20T20:31:21.816+0000] {processor.py:839} INFO - DAG(s) dict_keys(['full_name_and_data_users_dag']) retrieved from /opt/airflow/dags/full_name_data_users_dag.py
[2024-12-20T20:31:21.847+0000] {logging_mixin.py:151} INFO - [2024-12-20T20:31:21.846+0000] {dag.py:2915} INFO - Sync 1 DAGs
[2024-12-20T20:31:21.870+0000] {logging_mixin.py:151} INFO - [2024-12-20T20:31:21.870+0000] {dag.py:3696} INFO - Setting next_dagrun for full_name_and_data_users_dag to 2024-12-19T00:00:00+00:00, run_after=2024-12-22T00:00:00+00:00
[2024-12-20T20:31:21.890+0000] {processor.py:179} INFO - Processing /opt/airflow/dags/full_name_data_users_dag.py took 0.407 seconds
[2024-12-20T20:31:52.187+0000] {processor.py:157} INFO - Started process (PID=4169) to work on /opt/airflow/dags/full_name_data_users_dag.py
[2024-12-20T20:31:52.187+0000] {processor.py:829} INFO - Processing file /opt/airflow/dags/full_name_data_users_dag.py for tasks to queue
[2024-12-20T20:31:52.188+0000] {logging_mixin.py:151} INFO - [2024-12-20T20:31:52.188+0000] {dagbag.py:539} INFO - Filling up the DagBag from /opt/airflow/dags/full_name_data_users_dag.py
[2024-12-20T20:31:52.452+0000] {processor.py:839} INFO - DAG(s) dict_keys(['full_name_and_data_users_dag']) retrieved from /opt/airflow/dags/full_name_data_users_dag.py
[2024-12-20T20:31:52.476+0000] {logging_mixin.py:151} INFO - [2024-12-20T20:31:52.476+0000] {dag.py:2915} INFO - Sync 1 DAGs
[2024-12-20T20:31:52.500+0000] {logging_mixin.py:151} INFO - [2024-12-20T20:31:52.500+0000] {dag.py:3696} INFO - Setting next_dagrun for full_name_and_data_users_dag to 2024-12-19T00:00:00+00:00, run_after=2024-12-22T00:00:00+00:00
[2024-12-20T20:31:52.515+0000] {processor.py:179} INFO - Processing /opt/airflow/dags/full_name_data_users_dag.py took 0.331 seconds
[2024-12-20T20:32:22.827+0000] {processor.py:157} INFO - Started process (PID=4192) to work on /opt/airflow/dags/full_name_data_users_dag.py
[2024-12-20T20:32:22.829+0000] {processor.py:829} INFO - Processing file /opt/airflow/dags/full_name_data_users_dag.py for tasks to queue
[2024-12-20T20:32:22.829+0000] {logging_mixin.py:151} INFO - [2024-12-20T20:32:22.829+0000] {dagbag.py:539} INFO - Filling up the DagBag from /opt/airflow/dags/full_name_data_users_dag.py
[2024-12-20T20:32:23.121+0000] {processor.py:839} INFO - DAG(s) dict_keys(['full_name_and_data_users_dag']) retrieved from /opt/airflow/dags/full_name_data_users_dag.py
[2024-12-20T20:32:23.146+0000] {logging_mixin.py:151} INFO - [2024-12-20T20:32:23.145+0000] {dag.py:2915} INFO - Sync 1 DAGs
[2024-12-20T20:32:23.166+0000] {logging_mixin.py:151} INFO - [2024-12-20T20:32:23.166+0000] {dag.py:3696} INFO - Setting next_dagrun for full_name_and_data_users_dag to 2024-12-19T00:00:00+00:00, run_after=2024-12-22T00:00:00+00:00
[2024-12-20T20:32:23.195+0000] {processor.py:179} INFO - Processing /opt/airflow/dags/full_name_data_users_dag.py took 0.370 seconds
[2024-12-20T20:32:53.254+0000] {processor.py:157} INFO - Started process (PID=4215) to work on /opt/airflow/dags/full_name_data_users_dag.py
[2024-12-20T20:32:53.255+0000] {processor.py:829} INFO - Processing file /opt/airflow/dags/full_name_data_users_dag.py for tasks to queue
[2024-12-20T20:32:53.255+0000] {logging_mixin.py:151} INFO - [2024-12-20T20:32:53.255+0000] {dagbag.py:539} INFO - Filling up the DagBag from /opt/airflow/dags/full_name_data_users_dag.py
[2024-12-20T20:32:53.528+0000] {processor.py:839} INFO - DAG(s) dict_keys(['full_name_and_data_users_dag']) retrieved from /opt/airflow/dags/full_name_data_users_dag.py
[2024-12-20T20:32:53.552+0000] {logging_mixin.py:151} INFO - [2024-12-20T20:32:53.552+0000] {dag.py:2915} INFO - Sync 1 DAGs
[2024-12-20T20:32:53.574+0000] {logging_mixin.py:151} INFO - [2024-12-20T20:32:53.574+0000] {dag.py:3696} INFO - Setting next_dagrun for full_name_and_data_users_dag to 2024-12-19T00:00:00+00:00, run_after=2024-12-22T00:00:00+00:00
[2024-12-20T20:32:53.601+0000] {processor.py:179} INFO - Processing /opt/airflow/dags/full_name_data_users_dag.py took 0.350 seconds
[2024-12-20T20:33:24.001+0000] {processor.py:157} INFO - Started process (PID=4238) to work on /opt/airflow/dags/full_name_data_users_dag.py
[2024-12-20T20:33:24.002+0000] {processor.py:829} INFO - Processing file /opt/airflow/dags/full_name_data_users_dag.py for tasks to queue
[2024-12-20T20:33:24.003+0000] {logging_mixin.py:151} INFO - [2024-12-20T20:33:24.002+0000] {dagbag.py:539} INFO - Filling up the DagBag from /opt/airflow/dags/full_name_data_users_dag.py
[2024-12-20T20:33:24.265+0000] {processor.py:839} INFO - DAG(s) dict_keys(['full_name_and_data_users_dag']) retrieved from /opt/airflow/dags/full_name_data_users_dag.py
[2024-12-20T20:33:24.291+0000] {logging_mixin.py:151} INFO - [2024-12-20T20:33:24.291+0000] {dag.py:2915} INFO - Sync 1 DAGs
[2024-12-20T20:33:24.312+0000] {logging_mixin.py:151} INFO - [2024-12-20T20:33:24.312+0000] {dag.py:3696} INFO - Setting next_dagrun for full_name_and_data_users_dag to 2024-12-19T00:00:00+00:00, run_after=2024-12-22T00:00:00+00:00
[2024-12-20T20:33:24.328+0000] {processor.py:179} INFO - Processing /opt/airflow/dags/full_name_data_users_dag.py took 0.329 seconds
[2024-12-20T20:33:51.596+0000] {processor.py:157} INFO - Started process (PID=4264) to work on /opt/airflow/dags/full_name_data_users_dag.py
[2024-12-20T20:33:51.597+0000] {processor.py:829} INFO - Processing file /opt/airflow/dags/full_name_data_users_dag.py for tasks to queue
[2024-12-20T20:33:51.597+0000] {logging_mixin.py:151} INFO - [2024-12-20T20:33:51.597+0000] {dagbag.py:539} INFO - Filling up the DagBag from /opt/airflow/dags/full_name_data_users_dag.py
[2024-12-20T20:33:51.888+0000] {processor.py:839} INFO - DAG(s) dict_keys(['full_name_and_data_users_dag']) retrieved from /opt/airflow/dags/full_name_data_users_dag.py
[2024-12-20T20:33:51.914+0000] {logging_mixin.py:151} INFO - [2024-12-20T20:33:51.914+0000] {dag.py:2915} INFO - Sync 1 DAGs
[2024-12-20T20:33:51.933+0000] {logging_mixin.py:151} INFO - [2024-12-20T20:33:51.933+0000] {dag.py:3696} INFO - Setting next_dagrun for full_name_and_data_users_dag to 2024-12-19T00:00:00+00:00, run_after=2024-12-22T00:00:00+00:00
[2024-12-20T20:33:51.965+0000] {processor.py:179} INFO - Processing /opt/airflow/dags/full_name_data_users_dag.py took 0.371 seconds
[2024-12-20T20:34:22.268+0000] {processor.py:157} INFO - Started process (PID=4287) to work on /opt/airflow/dags/full_name_data_users_dag.py
[2024-12-20T20:34:22.268+0000] {processor.py:829} INFO - Processing file /opt/airflow/dags/full_name_data_users_dag.py for tasks to queue
[2024-12-20T20:34:22.269+0000] {logging_mixin.py:151} INFO - [2024-12-20T20:34:22.269+0000] {dagbag.py:539} INFO - Filling up the DagBag from /opt/airflow/dags/full_name_data_users_dag.py
[2024-12-20T20:34:22.513+0000] {processor.py:839} INFO - DAG(s) dict_keys(['full_name_and_data_users_dag']) retrieved from /opt/airflow/dags/full_name_data_users_dag.py
[2024-12-20T20:34:22.536+0000] {logging_mixin.py:151} INFO - [2024-12-20T20:34:22.536+0000] {dag.py:2915} INFO - Sync 1 DAGs
[2024-12-20T20:34:22.558+0000] {logging_mixin.py:151} INFO - [2024-12-20T20:34:22.558+0000] {dag.py:3696} INFO - Setting next_dagrun for full_name_and_data_users_dag to 2024-12-19T00:00:00+00:00, run_after=2024-12-22T00:00:00+00:00
[2024-12-20T20:34:22.573+0000] {processor.py:179} INFO - Processing /opt/airflow/dags/full_name_data_users_dag.py took 0.307 seconds
[2024-12-20T20:34:52.904+0000] {processor.py:157} INFO - Started process (PID=4312) to work on /opt/airflow/dags/full_name_data_users_dag.py
[2024-12-20T20:34:52.905+0000] {processor.py:829} INFO - Processing file /opt/airflow/dags/full_name_data_users_dag.py for tasks to queue
[2024-12-20T20:34:52.906+0000] {logging_mixin.py:151} INFO - [2024-12-20T20:34:52.906+0000] {dagbag.py:539} INFO - Filling up the DagBag from /opt/airflow/dags/full_name_data_users_dag.py
[2024-12-20T20:34:53.174+0000] {processor.py:839} INFO - DAG(s) dict_keys(['full_name_and_data_users_dag']) retrieved from /opt/airflow/dags/full_name_data_users_dag.py
[2024-12-20T20:34:53.199+0000] {logging_mixin.py:151} INFO - [2024-12-20T20:34:53.198+0000] {dag.py:2915} INFO - Sync 1 DAGs
[2024-12-20T20:34:53.220+0000] {logging_mixin.py:151} INFO - [2024-12-20T20:34:53.220+0000] {dag.py:3696} INFO - Setting next_dagrun for full_name_and_data_users_dag to 2024-12-19T00:00:00+00:00, run_after=2024-12-22T00:00:00+00:00
[2024-12-20T20:34:53.237+0000] {processor.py:179} INFO - Processing /opt/airflow/dags/full_name_data_users_dag.py took 0.335 seconds
[2024-12-20T20:35:23.907+0000] {processor.py:157} INFO - Started process (PID=4344) to work on /opt/airflow/dags/full_name_data_users_dag.py
[2024-12-20T20:35:23.908+0000] {processor.py:829} INFO - Processing file /opt/airflow/dags/full_name_data_users_dag.py for tasks to queue
[2024-12-20T20:35:23.910+0000] {logging_mixin.py:151} INFO - [2024-12-20T20:35:23.909+0000] {dagbag.py:539} INFO - Filling up the DagBag from /opt/airflow/dags/full_name_data_users_dag.py
[2024-12-20T20:35:24.256+0000] {processor.py:839} INFO - DAG(s) dict_keys(['full_name_and_data_users_dag']) retrieved from /opt/airflow/dags/full_name_data_users_dag.py
[2024-12-20T20:35:24.285+0000] {logging_mixin.py:151} INFO - [2024-12-20T20:35:24.285+0000] {dag.py:2915} INFO - Sync 1 DAGs
[2024-12-20T20:35:24.308+0000] {logging_mixin.py:151} INFO - [2024-12-20T20:35:24.308+0000] {dag.py:3696} INFO - Setting next_dagrun for full_name_and_data_users_dag to 2024-12-19T00:00:00+00:00, run_after=2024-12-22T00:00:00+00:00
[2024-12-20T20:35:24.341+0000] {processor.py:179} INFO - Processing /opt/airflow/dags/full_name_data_users_dag.py took 0.438 seconds
[2024-12-20T20:35:54.724+0000] {processor.py:157} INFO - Started process (PID=4367) to work on /opt/airflow/dags/full_name_data_users_dag.py
[2024-12-20T20:35:54.725+0000] {processor.py:829} INFO - Processing file /opt/airflow/dags/full_name_data_users_dag.py for tasks to queue
[2024-12-20T20:35:54.725+0000] {logging_mixin.py:151} INFO - [2024-12-20T20:35:54.725+0000] {dagbag.py:539} INFO - Filling up the DagBag from /opt/airflow/dags/full_name_data_users_dag.py
[2024-12-20T20:35:55.006+0000] {processor.py:839} INFO - DAG(s) dict_keys(['full_name_and_data_users_dag']) retrieved from /opt/airflow/dags/full_name_data_users_dag.py
[2024-12-20T20:35:55.031+0000] {logging_mixin.py:151} INFO - [2024-12-20T20:35:55.030+0000] {dag.py:2915} INFO - Sync 1 DAGs
[2024-12-20T20:35:55.053+0000] {logging_mixin.py:151} INFO - [2024-12-20T20:35:55.052+0000] {dag.py:3696} INFO - Setting next_dagrun for full_name_and_data_users_dag to 2024-12-19T00:00:00+00:00, run_after=2024-12-22T00:00:00+00:00
[2024-12-20T20:35:55.070+0000] {processor.py:179} INFO - Processing /opt/airflow/dags/full_name_data_users_dag.py took 0.349 seconds
[2024-12-20T20:36:25.784+0000] {processor.py:157} INFO - Started process (PID=4393) to work on /opt/airflow/dags/full_name_data_users_dag.py
[2024-12-20T20:36:25.785+0000] {processor.py:829} INFO - Processing file /opt/airflow/dags/full_name_data_users_dag.py for tasks to queue
[2024-12-20T20:36:25.786+0000] {logging_mixin.py:151} INFO - [2024-12-20T20:36:25.786+0000] {dagbag.py:539} INFO - Filling up the DagBag from /opt/airflow/dags/full_name_data_users_dag.py
[2024-12-20T20:36:26.083+0000] {processor.py:839} INFO - DAG(s) dict_keys(['full_name_and_data_users_dag']) retrieved from /opt/airflow/dags/full_name_data_users_dag.py
[2024-12-20T20:36:26.109+0000] {logging_mixin.py:151} INFO - [2024-12-20T20:36:26.108+0000] {dag.py:2915} INFO - Sync 1 DAGs
[2024-12-20T20:36:26.130+0000] {logging_mixin.py:151} INFO - [2024-12-20T20:36:26.130+0000] {dag.py:3696} INFO - Setting next_dagrun for full_name_and_data_users_dag to 2024-12-19T00:00:00+00:00, run_after=2024-12-22T00:00:00+00:00
[2024-12-20T20:36:26.179+0000] {processor.py:179} INFO - Processing /opt/airflow/dags/full_name_data_users_dag.py took 0.397 seconds
[2024-12-20T20:36:56.852+0000] {processor.py:157} INFO - Started process (PID=4419) to work on /opt/airflow/dags/full_name_data_users_dag.py
[2024-12-20T20:36:56.852+0000] {processor.py:829} INFO - Processing file /opt/airflow/dags/full_name_data_users_dag.py for tasks to queue
[2024-12-20T20:36:56.853+0000] {logging_mixin.py:151} INFO - [2024-12-20T20:36:56.853+0000] {dagbag.py:539} INFO - Filling up the DagBag from /opt/airflow/dags/full_name_data_users_dag.py
[2024-12-20T20:36:57.129+0000] {processor.py:839} INFO - DAG(s) dict_keys(['full_name_and_data_users_dag']) retrieved from /opt/airflow/dags/full_name_data_users_dag.py
[2024-12-20T20:36:57.155+0000] {logging_mixin.py:151} INFO - [2024-12-20T20:36:57.154+0000] {dag.py:2915} INFO - Sync 1 DAGs
[2024-12-20T20:36:57.176+0000] {logging_mixin.py:151} INFO - [2024-12-20T20:36:57.176+0000] {dag.py:3696} INFO - Setting next_dagrun for full_name_and_data_users_dag to 2024-12-19T00:00:00+00:00, run_after=2024-12-22T00:00:00+00:00
[2024-12-20T20:36:57.205+0000] {processor.py:179} INFO - Processing /opt/airflow/dags/full_name_data_users_dag.py took 0.355 seconds
[2024-12-20T20:37:27.317+0000] {processor.py:157} INFO - Started process (PID=4444) to work on /opt/airflow/dags/full_name_data_users_dag.py
[2024-12-20T20:37:27.317+0000] {processor.py:829} INFO - Processing file /opt/airflow/dags/full_name_data_users_dag.py for tasks to queue
[2024-12-20T20:37:27.318+0000] {logging_mixin.py:151} INFO - [2024-12-20T20:37:27.318+0000] {dagbag.py:539} INFO - Filling up the DagBag from /opt/airflow/dags/full_name_data_users_dag.py
[2024-12-20T20:37:27.622+0000] {processor.py:839} INFO - DAG(s) dict_keys(['full_name_and_data_users_dag']) retrieved from /opt/airflow/dags/full_name_data_users_dag.py
[2024-12-20T20:37:27.651+0000] {logging_mixin.py:151} INFO - [2024-12-20T20:37:27.650+0000] {dag.py:2915} INFO - Sync 1 DAGs
[2024-12-20T20:37:27.677+0000] {logging_mixin.py:151} INFO - [2024-12-20T20:37:27.677+0000] {dag.py:3696} INFO - Setting next_dagrun for full_name_and_data_users_dag to 2024-12-19T00:00:00+00:00, run_after=2024-12-22T00:00:00+00:00
[2024-12-20T20:37:27.697+0000] {processor.py:179} INFO - Processing /opt/airflow/dags/full_name_data_users_dag.py took 0.383 seconds
[2024-12-20T20:37:30.590+0000] {processor.py:157} INFO - Started process (PID=4450) to work on /opt/airflow/dags/full_name_data_users_dag.py
[2024-12-20T20:37:30.591+0000] {processor.py:829} INFO - Processing file /opt/airflow/dags/full_name_data_users_dag.py for tasks to queue
[2024-12-20T20:37:30.592+0000] {logging_mixin.py:151} INFO - [2024-12-20T20:37:30.591+0000] {dagbag.py:539} INFO - Filling up the DagBag from /opt/airflow/dags/full_name_data_users_dag.py
[2024-12-20T20:37:30.880+0000] {processor.py:839} INFO - DAG(s) dict_keys(['full_name_and_data_users_dag']) retrieved from /opt/airflow/dags/full_name_data_users_dag.py
[2024-12-20T20:37:30.908+0000] {logging_mixin.py:151} INFO - [2024-12-20T20:37:30.907+0000] {dag.py:2915} INFO - Sync 1 DAGs
[2024-12-20T20:37:30.931+0000] {logging_mixin.py:151} INFO - [2024-12-20T20:37:30.931+0000] {dag.py:3696} INFO - Setting next_dagrun for full_name_and_data_users_dag to 2024-12-19T00:00:00+00:00, run_after=2024-12-22T00:00:00+00:00
[2024-12-20T20:37:30.963+0000] {processor.py:179} INFO - Processing /opt/airflow/dags/full_name_data_users_dag.py took 0.375 seconds
[2024-12-20T20:38:01.098+0000] {processor.py:157} INFO - Started process (PID=4473) to work on /opt/airflow/dags/full_name_data_users_dag.py
[2024-12-20T20:38:01.099+0000] {processor.py:829} INFO - Processing file /opt/airflow/dags/full_name_data_users_dag.py for tasks to queue
[2024-12-20T20:38:01.100+0000] {logging_mixin.py:151} INFO - [2024-12-20T20:38:01.100+0000] {dagbag.py:539} INFO - Filling up the DagBag from /opt/airflow/dags/full_name_data_users_dag.py
[2024-12-20T20:38:01.360+0000] {processor.py:839} INFO - DAG(s) dict_keys(['full_name_and_data_users_dag']) retrieved from /opt/airflow/dags/full_name_data_users_dag.py
[2024-12-20T20:38:01.384+0000] {logging_mixin.py:151} INFO - [2024-12-20T20:38:01.383+0000] {dag.py:2915} INFO - Sync 1 DAGs
[2024-12-20T20:38:01.404+0000] {logging_mixin.py:151} INFO - [2024-12-20T20:38:01.404+0000] {dag.py:3696} INFO - Setting next_dagrun for full_name_and_data_users_dag to 2024-12-19T00:00:00+00:00, run_after=2024-12-22T00:00:00+00:00
[2024-12-20T20:38:01.441+0000] {processor.py:179} INFO - Processing /opt/airflow/dags/full_name_data_users_dag.py took 0.346 seconds
[2024-12-20T20:38:31.720+0000] {processor.py:157} INFO - Started process (PID=4498) to work on /opt/airflow/dags/full_name_data_users_dag.py
[2024-12-20T20:38:31.721+0000] {processor.py:829} INFO - Processing file /opt/airflow/dags/full_name_data_users_dag.py for tasks to queue
[2024-12-20T20:38:31.722+0000] {logging_mixin.py:151} INFO - [2024-12-20T20:38:31.722+0000] {dagbag.py:539} INFO - Filling up the DagBag from /opt/airflow/dags/full_name_data_users_dag.py
[2024-12-20T20:38:31.985+0000] {processor.py:839} INFO - DAG(s) dict_keys(['full_name_and_data_users_dag']) retrieved from /opt/airflow/dags/full_name_data_users_dag.py
[2024-12-20T20:38:32.010+0000] {logging_mixin.py:151} INFO - [2024-12-20T20:38:32.009+0000] {dag.py:2915} INFO - Sync 1 DAGs
[2024-12-20T20:38:32.031+0000] {logging_mixin.py:151} INFO - [2024-12-20T20:38:32.031+0000] {dag.py:3696} INFO - Setting next_dagrun for full_name_and_data_users_dag to 2024-12-19T00:00:00+00:00, run_after=2024-12-22T00:00:00+00:00
[2024-12-20T20:38:32.047+0000] {processor.py:179} INFO - Processing /opt/airflow/dags/full_name_data_users_dag.py took 0.329 seconds
[2024-12-20T20:39:02.385+0000] {processor.py:157} INFO - Started process (PID=4527) to work on /opt/airflow/dags/full_name_data_users_dag.py
[2024-12-20T20:39:02.386+0000] {processor.py:829} INFO - Processing file /opt/airflow/dags/full_name_data_users_dag.py for tasks to queue
[2024-12-20T20:39:02.387+0000] {logging_mixin.py:151} INFO - [2024-12-20T20:39:02.387+0000] {dagbag.py:539} INFO - Filling up the DagBag from /opt/airflow/dags/full_name_data_users_dag.py
[2024-12-20T20:39:02.674+0000] {processor.py:839} INFO - DAG(s) dict_keys(['full_name_and_data_users_dag']) retrieved from /opt/airflow/dags/full_name_data_users_dag.py
[2024-12-20T20:39:02.701+0000] {logging_mixin.py:151} INFO - [2024-12-20T20:39:02.700+0000] {dag.py:2915} INFO - Sync 1 DAGs
[2024-12-20T20:39:02.723+0000] {logging_mixin.py:151} INFO - [2024-12-20T20:39:02.723+0000] {dag.py:3696} INFO - Setting next_dagrun for full_name_and_data_users_dag to 2024-12-19T00:00:00+00:00, run_after=2024-12-22T00:00:00+00:00
[2024-12-20T20:39:02.741+0000] {processor.py:179} INFO - Processing /opt/airflow/dags/full_name_data_users_dag.py took 0.358 seconds
[2024-12-20T20:39:33.378+0000] {processor.py:157} INFO - Started process (PID=4550) to work on /opt/airflow/dags/full_name_data_users_dag.py
[2024-12-20T20:39:33.379+0000] {processor.py:829} INFO - Processing file /opt/airflow/dags/full_name_data_users_dag.py for tasks to queue
[2024-12-20T20:39:33.379+0000] {logging_mixin.py:151} INFO - [2024-12-20T20:39:33.379+0000] {dagbag.py:539} INFO - Filling up the DagBag from /opt/airflow/dags/full_name_data_users_dag.py
[2024-12-20T20:39:33.659+0000] {processor.py:839} INFO - DAG(s) dict_keys(['full_name_and_data_users_dag']) retrieved from /opt/airflow/dags/full_name_data_users_dag.py
[2024-12-20T20:39:33.683+0000] {logging_mixin.py:151} INFO - [2024-12-20T20:39:33.682+0000] {dag.py:2915} INFO - Sync 1 DAGs
[2024-12-20T20:39:33.702+0000] {logging_mixin.py:151} INFO - [2024-12-20T20:39:33.702+0000] {dag.py:3696} INFO - Setting next_dagrun for full_name_and_data_users_dag to 2024-12-19T00:00:00+00:00, run_after=2024-12-22T00:00:00+00:00
[2024-12-20T20:39:33.720+0000] {processor.py:179} INFO - Processing /opt/airflow/dags/full_name_data_users_dag.py took 0.344 seconds
[2024-12-20T20:40:03.794+0000] {processor.py:157} INFO - Started process (PID=4573) to work on /opt/airflow/dags/full_name_data_users_dag.py
[2024-12-20T20:40:03.795+0000] {processor.py:829} INFO - Processing file /opt/airflow/dags/full_name_data_users_dag.py for tasks to queue
[2024-12-20T20:40:03.796+0000] {logging_mixin.py:151} INFO - [2024-12-20T20:40:03.795+0000] {dagbag.py:539} INFO - Filling up the DagBag from /opt/airflow/dags/full_name_data_users_dag.py
[2024-12-20T20:40:04.049+0000] {processor.py:839} INFO - DAG(s) dict_keys(['full_name_and_data_users_dag']) retrieved from /opt/airflow/dags/full_name_data_users_dag.py
[2024-12-20T20:40:04.072+0000] {logging_mixin.py:151} INFO - [2024-12-20T20:40:04.071+0000] {dag.py:2915} INFO - Sync 1 DAGs
[2024-12-20T20:40:04.094+0000] {logging_mixin.py:151} INFO - [2024-12-20T20:40:04.094+0000] {dag.py:3696} INFO - Setting next_dagrun for full_name_and_data_users_dag to 2024-12-19T00:00:00+00:00, run_after=2024-12-22T00:00:00+00:00
[2024-12-20T20:40:04.110+0000] {processor.py:179} INFO - Processing /opt/airflow/dags/full_name_data_users_dag.py took 0.318 seconds
[2024-12-20T20:40:34.796+0000] {processor.py:157} INFO - Started process (PID=4599) to work on /opt/airflow/dags/full_name_data_users_dag.py
[2024-12-20T20:40:34.797+0000] {processor.py:829} INFO - Processing file /opt/airflow/dags/full_name_data_users_dag.py for tasks to queue
[2024-12-20T20:40:34.798+0000] {logging_mixin.py:151} INFO - [2024-12-20T20:40:34.797+0000] {dagbag.py:539} INFO - Filling up the DagBag from /opt/airflow/dags/full_name_data_users_dag.py
[2024-12-20T20:40:35.085+0000] {processor.py:839} INFO - DAG(s) dict_keys(['full_name_and_data_users_dag']) retrieved from /opt/airflow/dags/full_name_data_users_dag.py
[2024-12-20T20:40:35.110+0000] {logging_mixin.py:151} INFO - [2024-12-20T20:40:35.109+0000] {dag.py:2915} INFO - Sync 1 DAGs
[2024-12-20T20:40:35.131+0000] {logging_mixin.py:151} INFO - [2024-12-20T20:40:35.131+0000] {dag.py:3696} INFO - Setting next_dagrun for full_name_and_data_users_dag to 2024-12-19T00:00:00+00:00, run_after=2024-12-22T00:00:00+00:00
[2024-12-20T20:40:35.149+0000] {processor.py:179} INFO - Processing /opt/airflow/dags/full_name_data_users_dag.py took 0.356 seconds
[2024-12-20T20:41:05.502+0000] {processor.py:157} INFO - Started process (PID=4622) to work on /opt/airflow/dags/full_name_data_users_dag.py
[2024-12-20T20:41:05.503+0000] {processor.py:829} INFO - Processing file /opt/airflow/dags/full_name_data_users_dag.py for tasks to queue
[2024-12-20T20:41:05.504+0000] {logging_mixin.py:151} INFO - [2024-12-20T20:41:05.503+0000] {dagbag.py:539} INFO - Filling up the DagBag from /opt/airflow/dags/full_name_data_users_dag.py
[2024-12-20T20:41:05.770+0000] {processor.py:839} INFO - DAG(s) dict_keys(['full_name_and_data_users_dag']) retrieved from /opt/airflow/dags/full_name_data_users_dag.py
[2024-12-20T20:41:05.793+0000] {logging_mixin.py:151} INFO - [2024-12-20T20:41:05.793+0000] {dag.py:2915} INFO - Sync 1 DAGs
[2024-12-20T20:41:05.813+0000] {logging_mixin.py:151} INFO - [2024-12-20T20:41:05.813+0000] {dag.py:3696} INFO - Setting next_dagrun for full_name_and_data_users_dag to 2024-12-19T00:00:00+00:00, run_after=2024-12-22T00:00:00+00:00
[2024-12-20T20:41:05.829+0000] {processor.py:179} INFO - Processing /opt/airflow/dags/full_name_data_users_dag.py took 0.330 seconds
[2024-12-20T20:41:35.978+0000] {processor.py:157} INFO - Started process (PID=4645) to work on /opt/airflow/dags/full_name_data_users_dag.py
[2024-12-20T20:41:35.978+0000] {processor.py:829} INFO - Processing file /opt/airflow/dags/full_name_data_users_dag.py for tasks to queue
[2024-12-20T20:41:35.979+0000] {logging_mixin.py:151} INFO - [2024-12-20T20:41:35.979+0000] {dagbag.py:539} INFO - Filling up the DagBag from /opt/airflow/dags/full_name_data_users_dag.py
[2024-12-20T20:41:36.232+0000] {processor.py:839} INFO - DAG(s) dict_keys(['full_name_and_data_users_dag']) retrieved from /opt/airflow/dags/full_name_data_users_dag.py
[2024-12-20T20:41:36.256+0000] {logging_mixin.py:151} INFO - [2024-12-20T20:41:36.256+0000] {dag.py:2915} INFO - Sync 1 DAGs
[2024-12-20T20:41:36.276+0000] {logging_mixin.py:151} INFO - [2024-12-20T20:41:36.276+0000] {dag.py:3696} INFO - Setting next_dagrun for full_name_and_data_users_dag to 2024-12-19T00:00:00+00:00, run_after=2024-12-22T00:00:00+00:00
[2024-12-20T20:41:36.292+0000] {processor.py:179} INFO - Processing /opt/airflow/dags/full_name_data_users_dag.py took 0.316 seconds
[2024-12-20T20:42:06.651+0000] {processor.py:157} INFO - Started process (PID=4668) to work on /opt/airflow/dags/full_name_data_users_dag.py
[2024-12-20T20:42:06.652+0000] {processor.py:829} INFO - Processing file /opt/airflow/dags/full_name_data_users_dag.py for tasks to queue
[2024-12-20T20:42:06.653+0000] {logging_mixin.py:151} INFO - [2024-12-20T20:42:06.652+0000] {dagbag.py:539} INFO - Filling up the DagBag from /opt/airflow/dags/full_name_data_users_dag.py
[2024-12-20T20:42:06.942+0000] {processor.py:839} INFO - DAG(s) dict_keys(['full_name_and_data_users_dag']) retrieved from /opt/airflow/dags/full_name_data_users_dag.py
[2024-12-20T20:42:06.969+0000] {logging_mixin.py:151} INFO - [2024-12-20T20:42:06.968+0000] {dag.py:2915} INFO - Sync 1 DAGs
[2024-12-20T20:42:06.992+0000] {logging_mixin.py:151} INFO - [2024-12-20T20:42:06.992+0000] {dag.py:3696} INFO - Setting next_dagrun for full_name_and_data_users_dag to 2024-12-19T00:00:00+00:00, run_after=2024-12-22T00:00:00+00:00
[2024-12-20T20:42:07.009+0000] {processor.py:179} INFO - Processing /opt/airflow/dags/full_name_data_users_dag.py took 0.360 seconds
[2024-12-20T20:42:37.441+0000] {processor.py:157} INFO - Started process (PID=4691) to work on /opt/airflow/dags/full_name_data_users_dag.py
[2024-12-20T20:42:37.442+0000] {processor.py:829} INFO - Processing file /opt/airflow/dags/full_name_data_users_dag.py for tasks to queue
[2024-12-20T20:42:37.443+0000] {logging_mixin.py:151} INFO - [2024-12-20T20:42:37.443+0000] {dagbag.py:539} INFO - Filling up the DagBag from /opt/airflow/dags/full_name_data_users_dag.py
[2024-12-20T20:42:37.686+0000] {processor.py:839} INFO - DAG(s) dict_keys(['full_name_and_data_users_dag']) retrieved from /opt/airflow/dags/full_name_data_users_dag.py
[2024-12-20T20:42:37.708+0000] {logging_mixin.py:151} INFO - [2024-12-20T20:42:37.708+0000] {dag.py:2915} INFO - Sync 1 DAGs
[2024-12-20T20:42:37.730+0000] {logging_mixin.py:151} INFO - [2024-12-20T20:42:37.730+0000] {dag.py:3696} INFO - Setting next_dagrun for full_name_and_data_users_dag to 2024-12-19T00:00:00+00:00, run_after=2024-12-22T00:00:00+00:00
[2024-12-20T20:42:37.767+0000] {processor.py:179} INFO - Processing /opt/airflow/dags/full_name_data_users_dag.py took 0.329 seconds
[2024-12-20T20:43:08.140+0000] {processor.py:157} INFO - Started process (PID=4714) to work on /opt/airflow/dags/full_name_data_users_dag.py
[2024-12-20T20:43:08.141+0000] {processor.py:829} INFO - Processing file /opt/airflow/dags/full_name_data_users_dag.py for tasks to queue
[2024-12-20T20:43:08.142+0000] {logging_mixin.py:151} INFO - [2024-12-20T20:43:08.141+0000] {dagbag.py:539} INFO - Filling up the DagBag from /opt/airflow/dags/full_name_data_users_dag.py
[2024-12-20T20:43:08.387+0000] {processor.py:839} INFO - DAG(s) dict_keys(['full_name_and_data_users_dag']) retrieved from /opt/airflow/dags/full_name_data_users_dag.py
[2024-12-20T20:43:08.410+0000] {logging_mixin.py:151} INFO - [2024-12-20T20:43:08.410+0000] {dag.py:2915} INFO - Sync 1 DAGs
[2024-12-20T20:43:08.430+0000] {logging_mixin.py:151} INFO - [2024-12-20T20:43:08.430+0000] {dag.py:3696} INFO - Setting next_dagrun for full_name_and_data_users_dag to 2024-12-19T00:00:00+00:00, run_after=2024-12-22T00:00:00+00:00
[2024-12-20T20:43:08.462+0000] {processor.py:179} INFO - Processing /opt/airflow/dags/full_name_data_users_dag.py took 0.325 seconds
