[2024-12-16T18:18:17.988+0000] {taskinstance.py:1157} INFO - Dependencies all met for dep_context=non-requeueable deps ti=<TaskInstance: sick_leave_etl_dag.extract_data scheduled__2024-12-15T20:00:00+00:00 [queued]>
[2024-12-16T18:18:18.061+0000] {taskinstance.py:1157} INFO - Dependencies all met for dep_context=requeueable deps ti=<TaskInstance: sick_leave_etl_dag.extract_data scheduled__2024-12-15T20:00:00+00:00 [queued]>
[2024-12-16T18:18:18.061+0000] {taskinstance.py:1359} INFO - Starting attempt 1 of 2
[2024-12-16T18:18:18.073+0000] {taskinstance.py:1380} INFO - Executing <Task(PythonOperator): extract_data> on 2024-12-15 20:00:00+00:00
[2024-12-16T18:18:18.076+0000] {standard_task_runner.py:57} INFO - Started process 3963 to run task
[2024-12-16T18:18:18.078+0000] {standard_task_runner.py:84} INFO - Running: ['***', 'tasks', 'run', 'sick_leave_etl_dag', 'extract_data', 'scheduled__2024-12-15T20:00:00+00:00', '--job-id', '23', '--raw', '--subdir', 'DAGS_FOLDER/sick_leave_dag.py', '--cfg-path', '/tmp/tmp6y88scpk']
[2024-12-16T18:18:18.080+0000] {standard_task_runner.py:85} INFO - Job 23: Subtask extract_data
[2024-12-16T18:18:18.097+0000] {logging_mixin.py:151} WARNING - /home/***/.local/lib/python3.8/site-packages/***/settings.py:195 DeprecationWarning: The sql_alchemy_conn option in [core] has been moved to the sql_alchemy_conn option in [database] - the old setting has been used, but please update your config.
[2024-12-16T18:18:18.130+0000] {task_command.py:415} INFO - Running <TaskInstance: sick_leave_etl_dag.extract_data scheduled__2024-12-15T20:00:00+00:00 [running]> on host cfbf61ae1f16
[2024-12-16T18:18:18.200+0000] {taskinstance.py:1660} INFO - Exporting env vars: AIRFLOW_CTX_DAG_OWNER='***' AIRFLOW_CTX_DAG_ID='sick_leave_etl_dag' AIRFLOW_CTX_TASK_ID='extract_data' AIRFLOW_CTX_EXECUTION_DATE='2024-12-15T20:00:00+00:00' AIRFLOW_CTX_TRY_NUMBER='1' AIRFLOW_CTX_DAG_RUN_ID='scheduled__2024-12-15T20:00:00+00:00'
[2024-12-16T18:18:18.370+0000] {python.py:194} INFO - Done. Returned value was: None
[2024-12-16T18:18:18.379+0000] {taskinstance.py:1398} INFO - Marking task as SUCCESS. dag_id=sick_leave_etl_dag, task_id=extract_data, execution_date=20241215T200000, start_date=20241216T181817, end_date=20241216T181818
[2024-12-16T18:18:18.412+0000] {local_task_job_runner.py:228} INFO - Task exited with return code 0
[2024-12-16T18:18:18.434+0000] {taskinstance.py:2776} INFO - 1 downstream tasks scheduled from follow-on schedule check
[2024-12-16T19:04:11.338+0000] {taskinstance.py:1157} INFO - Dependencies all met for dep_context=non-requeueable deps ti=<TaskInstance: sick_leave_etl_dag.extract_data scheduled__2024-12-15T20:00:00+00:00 [queued]>
[2024-12-16T19:04:11.344+0000] {taskinstance.py:1157} INFO - Dependencies all met for dep_context=requeueable deps ti=<TaskInstance: sick_leave_etl_dag.extract_data scheduled__2024-12-15T20:00:00+00:00 [queued]>
[2024-12-16T19:04:11.345+0000] {taskinstance.py:1359} INFO - Starting attempt 1 of 2
[2024-12-16T19:04:11.355+0000] {taskinstance.py:1380} INFO - Executing <Task(PythonOperator): extract_data> on 2024-12-15 20:00:00+00:00
[2024-12-16T19:04:11.359+0000] {standard_task_runner.py:57} INFO - Started process 5118 to run task
[2024-12-16T19:04:11.361+0000] {standard_task_runner.py:84} INFO - Running: ['***', 'tasks', 'run', 'sick_leave_etl_dag', 'extract_data', 'scheduled__2024-12-15T20:00:00+00:00', '--job-id', '48', '--raw', '--subdir', 'DAGS_FOLDER/sick_leave_dag.py', '--cfg-path', '/tmp/tmp3hwr_khp']
[2024-12-16T19:04:11.363+0000] {standard_task_runner.py:85} INFO - Job 48: Subtask extract_data
[2024-12-16T19:04:11.383+0000] {logging_mixin.py:151} WARNING - /home/***/.local/lib/python3.8/site-packages/***/settings.py:195 DeprecationWarning: The sql_alchemy_conn option in [core] has been moved to the sql_alchemy_conn option in [database] - the old setting has been used, but please update your config.
[2024-12-16T19:04:11.417+0000] {task_command.py:415} INFO - Running <TaskInstance: sick_leave_etl_dag.extract_data scheduled__2024-12-15T20:00:00+00:00 [running]> on host cfbf61ae1f16
[2024-12-16T19:04:11.487+0000] {taskinstance.py:1660} INFO - Exporting env vars: AIRFLOW_CTX_DAG_OWNER='***' AIRFLOW_CTX_DAG_ID='sick_leave_etl_dag' AIRFLOW_CTX_TASK_ID='extract_data' AIRFLOW_CTX_EXECUTION_DATE='2024-12-15T20:00:00+00:00' AIRFLOW_CTX_TRY_NUMBER='1' AIRFLOW_CTX_DAG_RUN_ID='scheduled__2024-12-15T20:00:00+00:00'
[2024-12-16T19:04:11.585+0000] {python.py:194} INFO - Done. Returned value was: None
[2024-12-16T19:04:11.595+0000] {taskinstance.py:1398} INFO - Marking task as SUCCESS. dag_id=sick_leave_etl_dag, task_id=extract_data, execution_date=20241215T200000, start_date=20241216T190411, end_date=20241216T190411
[2024-12-16T19:04:11.615+0000] {local_task_job_runner.py:228} INFO - Task exited with return code 0
[2024-12-16T19:04:11.636+0000] {taskinstance.py:2776} INFO - 1 downstream tasks scheduled from follow-on schedule check
