[2024-12-16T20:44:16.561+0000] {taskinstance.py:1157} INFO - Dependencies all met for dep_context=non-requeueable deps ti=<TaskInstance: full_name_dag.clear_xcoms manual__2024-12-16T20:44:12.725198+00:00 [queued]>
[2024-12-16T20:44:16.568+0000] {taskinstance.py:1157} INFO - Dependencies all met for dep_context=requeueable deps ti=<TaskInstance: full_name_dag.clear_xcoms manual__2024-12-16T20:44:12.725198+00:00 [queued]>
[2024-12-16T20:44:16.569+0000] {taskinstance.py:1359} INFO - Starting attempt 1 of 2
[2024-12-16T20:44:16.581+0000] {taskinstance.py:1380} INFO - Executing <Task(PythonOperator): clear_xcoms> on 2024-12-16 20:44:12.725198+00:00
[2024-12-16T20:44:16.585+0000] {standard_task_runner.py:57} INFO - Started process 8277 to run task
[2024-12-16T20:44:16.587+0000] {standard_task_runner.py:84} INFO - Running: ['***', 'tasks', 'run', 'full_name_dag', 'clear_xcoms', 'manual__2024-12-16T20:44:12.725198+00:00', '--job-id', '77', '--raw', '--subdir', 'DAGS_FOLDER/full_name_dag.py', '--cfg-path', '/tmp/tmpr50_4pii']
[2024-12-16T20:44:16.589+0000] {standard_task_runner.py:85} INFO - Job 77: Subtask clear_xcoms
[2024-12-16T20:44:16.605+0000] {logging_mixin.py:151} WARNING - /home/***/.local/lib/python3.8/site-packages/***/settings.py:195 DeprecationWarning: The sql_alchemy_conn option in [core] has been moved to the sql_alchemy_conn option in [database] - the old setting has been used, but please update your config.
[2024-12-16T20:44:16.636+0000] {task_command.py:415} INFO - Running <TaskInstance: full_name_dag.clear_xcoms manual__2024-12-16T20:44:12.725198+00:00 [running]> on host cfbf61ae1f16
[2024-12-16T20:44:16.705+0000] {taskinstance.py:1660} INFO - Exporting env vars: AIRFLOW_CTX_DAG_OWNER='***' AIRFLOW_CTX_DAG_ID='full_name_dag' AIRFLOW_CTX_TASK_ID='clear_xcoms' AIRFLOW_CTX_EXECUTION_DATE='2024-12-16T20:44:12.725198+00:00' AIRFLOW_CTX_TRY_NUMBER='1' AIRFLOW_CTX_DAG_RUN_ID='manual__2024-12-16T20:44:12.725198+00:00'
[2024-12-16T20:44:16.706+0000] {taskinstance.py:1935} ERROR - Task failed with exception
Traceback (most recent call last):
  File "/home/airflow/.local/lib/python3.8/site-packages/airflow/operators/python.py", line 192, in execute
    return_value = self.execute_callable()
  File "/home/airflow/.local/lib/python3.8/site-packages/airflow/operators/python.py", line 209, in execute_callable
    return self.python_callable(*self.op_args, **self.op_kwargs)
  File "/opt/airflow/dags/full_name_dag.py", line 74, in clear_xcoms
    kwargs['ti'].xcom_clear()
AttributeError: 'TaskInstance' object has no attribute 'xcom_clear'
[2024-12-16T20:44:16.718+0000] {taskinstance.py:1398} INFO - Marking task as UP_FOR_RETRY. dag_id=full_name_dag, task_id=clear_xcoms, execution_date=20241216T204412, start_date=20241216T204416, end_date=20241216T204416
[2024-12-16T20:44:16.729+0000] {standard_task_runner.py:104} ERROR - Failed to execute job 77 for task clear_xcoms ('TaskInstance' object has no attribute 'xcom_clear'; 8277)
[2024-12-16T20:44:16.761+0000] {local_task_job_runner.py:228} INFO - Task exited with return code 1
[2024-12-16T20:44:16.799+0000] {taskinstance.py:2776} INFO - 0 downstream tasks scheduled from follow-on schedule check
