[2024-12-24T20:45:27.025+0000] {processor.py:157} INFO - Started process (PID=1534) to work on /opt/airflow/dags/education_inventory_medical_object_vocation_dag.py
[2024-12-24T20:45:27.026+0000] {processor.py:829} INFO - Processing file /opt/airflow/dags/education_inventory_medical_object_vocation_dag.py for tasks to queue
[2024-12-24T20:45:27.026+0000] {logging_mixin.py:151} INFO - [2024-12-24T20:45:27.026+0000] {dagbag.py:539} INFO - Filling up the DagBag from /opt/airflow/dags/education_inventory_medical_object_vocation_dag.py
[2024-12-24T20:45:27.380+0000] {processor.py:839} INFO - DAG(s) dict_keys(['education_inventory_medical_object_vocation_dag', 'main_dag']) retrieved from /opt/airflow/dags/education_inventory_medical_object_vocation_dag.py
[2024-12-24T20:45:27.513+0000] {logging_mixin.py:151} INFO - [2024-12-24T20:45:27.512+0000] {manager.py:499} INFO - Created Permission View: %s
[2024-12-24T20:45:27.524+0000] {logging_mixin.py:151} INFO - [2024-12-24T20:45:27.524+0000] {manager.py:499} INFO - Created Permission View: %s
[2024-12-24T20:45:27.531+0000] {logging_mixin.py:151} INFO - [2024-12-24T20:45:27.530+0000] {manager.py:499} INFO - Created Permission View: %s
[2024-12-24T20:45:27.532+0000] {logging_mixin.py:151} INFO - [2024-12-24T20:45:27.531+0000] {security.py:708} INFO - Not syncing DAG-level permissions for DAG 'DAG:education_inventory_medical_object_vocation_dag' as access control is unset.
[2024-12-24T20:45:27.535+0000] {logging_mixin.py:151} INFO - [2024-12-24T20:45:27.534+0000] {dag.py:2915} INFO - Sync 2 DAGs
[2024-12-24T20:45:27.547+0000] {logging_mixin.py:151} INFO - [2024-12-24T20:45:27.546+0000] {dag.py:2937} INFO - Creating ORM DAG for education_inventory_medical_object_vocation_dag
[2024-12-24T20:45:27.559+0000] {logging_mixin.py:151} INFO - [2024-12-24T20:45:27.559+0000] {dag.py:3696} INFO - Setting next_dagrun for education_inventory_medical_object_vocation_dag to 2024-12-16T06:00:00+00:00, run_after=2024-12-23T06:00:00+00:00
[2024-12-24T20:45:27.559+0000] {logging_mixin.py:151} INFO - [2024-12-24T20:45:27.559+0000] {dag.py:3696} INFO - Setting next_dagrun for main_dag to None, run_after=None
[2024-12-24T20:45:27.580+0000] {processor.py:179} INFO - Processing /opt/airflow/dags/education_inventory_medical_object_vocation_dag.py took 0.559 seconds
[2024-12-24T20:45:58.129+0000] {processor.py:157} INFO - Started process (PID=1563) to work on /opt/airflow/dags/education_inventory_medical_object_vocation_dag.py
[2024-12-24T20:45:58.130+0000] {processor.py:829} INFO - Processing file /opt/airflow/dags/education_inventory_medical_object_vocation_dag.py for tasks to queue
[2024-12-24T20:45:58.131+0000] {logging_mixin.py:151} INFO - [2024-12-24T20:45:58.130+0000] {dagbag.py:539} INFO - Filling up the DagBag from /opt/airflow/dags/education_inventory_medical_object_vocation_dag.py
[2024-12-24T20:45:58.412+0000] {processor.py:839} INFO - DAG(s) dict_keys(['main_dag', 'education_inventory_medical_object_vocation_dag']) retrieved from /opt/airflow/dags/education_inventory_medical_object_vocation_dag.py
[2024-12-24T20:45:58.437+0000] {logging_mixin.py:151} INFO - [2024-12-24T20:45:58.437+0000] {dag.py:2915} INFO - Sync 2 DAGs
[2024-12-24T20:45:58.458+0000] {logging_mixin.py:151} INFO - [2024-12-24T20:45:58.458+0000] {dag.py:3696} INFO - Setting next_dagrun for education_inventory_medical_object_vocation_dag to 2024-12-16T06:00:00+00:00, run_after=2024-12-23T06:00:00+00:00
[2024-12-24T20:45:58.462+0000] {logging_mixin.py:151} INFO - [2024-12-24T20:45:58.461+0000] {dag.py:3696} INFO - Setting next_dagrun for main_dag to None, run_after=None
[2024-12-24T20:45:58.487+0000] {processor.py:179} INFO - Processing /opt/airflow/dags/education_inventory_medical_object_vocation_dag.py took 0.361 seconds
[2024-12-24T20:46:28.596+0000] {processor.py:157} INFO - Started process (PID=1592) to work on /opt/airflow/dags/education_inventory_medical_object_vocation_dag.py
[2024-12-24T20:46:28.597+0000] {processor.py:829} INFO - Processing file /opt/airflow/dags/education_inventory_medical_object_vocation_dag.py for tasks to queue
[2024-12-24T20:46:28.598+0000] {logging_mixin.py:151} INFO - [2024-12-24T20:46:28.598+0000] {dagbag.py:539} INFO - Filling up the DagBag from /opt/airflow/dags/education_inventory_medical_object_vocation_dag.py
[2024-12-24T20:46:28.891+0000] {processor.py:839} INFO - DAG(s) dict_keys(['main_dag', 'education_inventory_medical_object_vocation_dag']) retrieved from /opt/airflow/dags/education_inventory_medical_object_vocation_dag.py
[2024-12-24T20:46:28.919+0000] {logging_mixin.py:151} INFO - [2024-12-24T20:46:28.919+0000] {dag.py:2915} INFO - Sync 2 DAGs
[2024-12-24T20:46:28.940+0000] {logging_mixin.py:151} INFO - [2024-12-24T20:46:28.939+0000] {dag.py:3696} INFO - Setting next_dagrun for education_inventory_medical_object_vocation_dag to 2024-12-16T06:00:00+00:00, run_after=2024-12-23T06:00:00+00:00
[2024-12-24T20:46:28.943+0000] {logging_mixin.py:151} INFO - [2024-12-24T20:46:28.943+0000] {dag.py:3696} INFO - Setting next_dagrun for main_dag to None, run_after=None
[2024-12-24T20:46:28.975+0000] {processor.py:179} INFO - Processing /opt/airflow/dags/education_inventory_medical_object_vocation_dag.py took 0.382 seconds
[2024-12-24T20:46:59.198+0000] {processor.py:157} INFO - Started process (PID=1621) to work on /opt/airflow/dags/education_inventory_medical_object_vocation_dag.py
[2024-12-24T20:46:59.199+0000] {processor.py:829} INFO - Processing file /opt/airflow/dags/education_inventory_medical_object_vocation_dag.py for tasks to queue
[2024-12-24T20:46:59.200+0000] {logging_mixin.py:151} INFO - [2024-12-24T20:46:59.200+0000] {dagbag.py:539} INFO - Filling up the DagBag from /opt/airflow/dags/education_inventory_medical_object_vocation_dag.py
[2024-12-24T20:46:59.519+0000] {processor.py:839} INFO - DAG(s) dict_keys(['main_dag', 'education_inventory_medical_object_vocation_dag']) retrieved from /opt/airflow/dags/education_inventory_medical_object_vocation_dag.py
[2024-12-24T20:46:59.552+0000] {logging_mixin.py:151} INFO - [2024-12-24T20:46:59.551+0000] {dag.py:2915} INFO - Sync 2 DAGs
[2024-12-24T20:46:59.574+0000] {logging_mixin.py:151} INFO - [2024-12-24T20:46:59.574+0000] {dag.py:3696} INFO - Setting next_dagrun for education_inventory_medical_object_vocation_dag to 2024-12-16T06:00:00+00:00, run_after=2024-12-23T06:00:00+00:00
[2024-12-24T20:46:59.577+0000] {logging_mixin.py:151} INFO - [2024-12-24T20:46:59.577+0000] {dag.py:3696} INFO - Setting next_dagrun for main_dag to None, run_after=None
[2024-12-24T20:46:59.593+0000] {processor.py:179} INFO - Processing /opt/airflow/dags/education_inventory_medical_object_vocation_dag.py took 0.399 seconds
[2024-12-24T20:47:29.843+0000] {processor.py:157} INFO - Started process (PID=1650) to work on /opt/airflow/dags/education_inventory_medical_object_vocation_dag.py
[2024-12-24T20:47:29.844+0000] {processor.py:829} INFO - Processing file /opt/airflow/dags/education_inventory_medical_object_vocation_dag.py for tasks to queue
[2024-12-24T20:47:29.845+0000] {logging_mixin.py:151} INFO - [2024-12-24T20:47:29.844+0000] {dagbag.py:539} INFO - Filling up the DagBag from /opt/airflow/dags/education_inventory_medical_object_vocation_dag.py
[2024-12-24T20:47:30.178+0000] {processor.py:839} INFO - DAG(s) dict_keys(['education_inventory_medical_object_vocation_dag', 'main_dag']) retrieved from /opt/airflow/dags/education_inventory_medical_object_vocation_dag.py
[2024-12-24T20:47:30.213+0000] {logging_mixin.py:151} INFO - [2024-12-24T20:47:30.213+0000] {dag.py:2915} INFO - Sync 2 DAGs
[2024-12-24T20:47:30.234+0000] {logging_mixin.py:151} INFO - [2024-12-24T20:47:30.234+0000] {dag.py:3696} INFO - Setting next_dagrun for education_inventory_medical_object_vocation_dag to 2024-12-16T06:00:00+00:00, run_after=2024-12-23T06:00:00+00:00
[2024-12-24T20:47:30.237+0000] {logging_mixin.py:151} INFO - [2024-12-24T20:47:30.237+0000] {dag.py:3696} INFO - Setting next_dagrun for main_dag to None, run_after=None
[2024-12-24T20:47:30.266+0000] {processor.py:179} INFO - Processing /opt/airflow/dags/education_inventory_medical_object_vocation_dag.py took 0.427 seconds
[2024-12-24T20:48:00.565+0000] {processor.py:157} INFO - Started process (PID=1679) to work on /opt/airflow/dags/education_inventory_medical_object_vocation_dag.py
[2024-12-24T20:48:00.566+0000] {processor.py:829} INFO - Processing file /opt/airflow/dags/education_inventory_medical_object_vocation_dag.py for tasks to queue
[2024-12-24T20:48:00.567+0000] {logging_mixin.py:151} INFO - [2024-12-24T20:48:00.566+0000] {dagbag.py:539} INFO - Filling up the DagBag from /opt/airflow/dags/education_inventory_medical_object_vocation_dag.py
[2024-12-24T20:48:00.854+0000] {processor.py:839} INFO - DAG(s) dict_keys(['education_inventory_medical_object_vocation_dag', 'main_dag']) retrieved from /opt/airflow/dags/education_inventory_medical_object_vocation_dag.py
[2024-12-24T20:48:00.881+0000] {logging_mixin.py:151} INFO - [2024-12-24T20:48:00.880+0000] {dag.py:2915} INFO - Sync 2 DAGs
[2024-12-24T20:48:00.904+0000] {logging_mixin.py:151} INFO - [2024-12-24T20:48:00.903+0000] {dag.py:3696} INFO - Setting next_dagrun for education_inventory_medical_object_vocation_dag to 2024-12-16T06:00:00+00:00, run_after=2024-12-23T06:00:00+00:00
[2024-12-24T20:48:00.907+0000] {logging_mixin.py:151} INFO - [2024-12-24T20:48:00.906+0000] {dag.py:3696} INFO - Setting next_dagrun for main_dag to None, run_after=None
[2024-12-24T20:48:00.922+0000] {processor.py:179} INFO - Processing /opt/airflow/dags/education_inventory_medical_object_vocation_dag.py took 0.360 seconds
[2024-12-24T20:48:31.196+0000] {processor.py:157} INFO - Started process (PID=1708) to work on /opt/airflow/dags/education_inventory_medical_object_vocation_dag.py
[2024-12-24T20:48:31.197+0000] {processor.py:829} INFO - Processing file /opt/airflow/dags/education_inventory_medical_object_vocation_dag.py for tasks to queue
[2024-12-24T20:48:31.198+0000] {logging_mixin.py:151} INFO - [2024-12-24T20:48:31.198+0000] {dagbag.py:539} INFO - Filling up the DagBag from /opt/airflow/dags/education_inventory_medical_object_vocation_dag.py
[2024-12-24T20:48:31.483+0000] {processor.py:839} INFO - DAG(s) dict_keys(['main_dag', 'education_inventory_medical_object_vocation_dag']) retrieved from /opt/airflow/dags/education_inventory_medical_object_vocation_dag.py
[2024-12-24T20:48:31.509+0000] {logging_mixin.py:151} INFO - [2024-12-24T20:48:31.508+0000] {dag.py:2915} INFO - Sync 2 DAGs
[2024-12-24T20:48:31.529+0000] {logging_mixin.py:151} INFO - [2024-12-24T20:48:31.529+0000] {dag.py:3696} INFO - Setting next_dagrun for education_inventory_medical_object_vocation_dag to 2024-12-16T06:00:00+00:00, run_after=2024-12-23T06:00:00+00:00
[2024-12-24T20:48:31.532+0000] {logging_mixin.py:151} INFO - [2024-12-24T20:48:31.532+0000] {dag.py:3696} INFO - Setting next_dagrun for main_dag to None, run_after=None
[2024-12-24T20:48:31.558+0000] {processor.py:179} INFO - Processing /opt/airflow/dags/education_inventory_medical_object_vocation_dag.py took 0.365 seconds
[2024-12-24T20:49:01.693+0000] {processor.py:157} INFO - Started process (PID=1737) to work on /opt/airflow/dags/education_inventory_medical_object_vocation_dag.py
[2024-12-24T20:49:01.694+0000] {processor.py:829} INFO - Processing file /opt/airflow/dags/education_inventory_medical_object_vocation_dag.py for tasks to queue
[2024-12-24T20:49:01.695+0000] {logging_mixin.py:151} INFO - [2024-12-24T20:49:01.695+0000] {dagbag.py:539} INFO - Filling up the DagBag from /opt/airflow/dags/education_inventory_medical_object_vocation_dag.py
[2024-12-24T20:49:01.990+0000] {processor.py:839} INFO - DAG(s) dict_keys(['main_dag', 'education_inventory_medical_object_vocation_dag']) retrieved from /opt/airflow/dags/education_inventory_medical_object_vocation_dag.py
[2024-12-24T20:49:02.019+0000] {logging_mixin.py:151} INFO - [2024-12-24T20:49:02.018+0000] {dag.py:2915} INFO - Sync 2 DAGs
[2024-12-24T20:49:02.040+0000] {logging_mixin.py:151} INFO - [2024-12-24T20:49:02.040+0000] {dag.py:3696} INFO - Setting next_dagrun for education_inventory_medical_object_vocation_dag to 2024-12-16T06:00:00+00:00, run_after=2024-12-23T06:00:00+00:00
[2024-12-24T20:49:02.044+0000] {logging_mixin.py:151} INFO - [2024-12-24T20:49:02.043+0000] {dag.py:3696} INFO - Setting next_dagrun for main_dag to None, run_after=None
[2024-12-24T20:49:02.057+0000] {processor.py:179} INFO - Processing /opt/airflow/dags/education_inventory_medical_object_vocation_dag.py took 0.367 seconds
[2024-12-24T20:49:32.381+0000] {processor.py:157} INFO - Started process (PID=1769) to work on /opt/airflow/dags/education_inventory_medical_object_vocation_dag.py
[2024-12-24T20:49:32.382+0000] {processor.py:829} INFO - Processing file /opt/airflow/dags/education_inventory_medical_object_vocation_dag.py for tasks to queue
[2024-12-24T20:49:32.383+0000] {logging_mixin.py:151} INFO - [2024-12-24T20:49:32.383+0000] {dagbag.py:539} INFO - Filling up the DagBag from /opt/airflow/dags/education_inventory_medical_object_vocation_dag.py
[2024-12-24T20:49:32.697+0000] {processor.py:839} INFO - DAG(s) dict_keys(['education_inventory_medical_object_vocation_dag', 'main_dag']) retrieved from /opt/airflow/dags/education_inventory_medical_object_vocation_dag.py
[2024-12-24T20:49:32.724+0000] {logging_mixin.py:151} INFO - [2024-12-24T20:49:32.724+0000] {dag.py:2915} INFO - Sync 2 DAGs
[2024-12-24T20:49:32.746+0000] {logging_mixin.py:151} INFO - [2024-12-24T20:49:32.746+0000] {dag.py:3696} INFO - Setting next_dagrun for education_inventory_medical_object_vocation_dag to 2024-12-23T06:00:00+00:00, run_after=2024-12-30T06:00:00+00:00
[2024-12-24T20:49:32.749+0000] {logging_mixin.py:151} INFO - [2024-12-24T20:49:32.749+0000] {dag.py:3696} INFO - Setting next_dagrun for main_dag to None, run_after=None
[2024-12-24T20:49:32.765+0000] {processor.py:179} INFO - Processing /opt/airflow/dags/education_inventory_medical_object_vocation_dag.py took 0.389 seconds
[2024-12-24T20:50:02.981+0000] {processor.py:157} INFO - Started process (PID=1801) to work on /opt/airflow/dags/education_inventory_medical_object_vocation_dag.py
[2024-12-24T20:50:02.981+0000] {processor.py:829} INFO - Processing file /opt/airflow/dags/education_inventory_medical_object_vocation_dag.py for tasks to queue
[2024-12-24T20:50:02.982+0000] {logging_mixin.py:151} INFO - [2024-12-24T20:50:02.982+0000] {dagbag.py:539} INFO - Filling up the DagBag from /opt/airflow/dags/education_inventory_medical_object_vocation_dag.py
[2024-12-24T20:50:03.287+0000] {processor.py:839} INFO - DAG(s) dict_keys(['main_dag', 'education_inventory_medical_object_vocation_dag']) retrieved from /opt/airflow/dags/education_inventory_medical_object_vocation_dag.py
[2024-12-24T20:50:03.317+0000] {logging_mixin.py:151} INFO - [2024-12-24T20:50:03.316+0000] {dag.py:2915} INFO - Sync 2 DAGs
[2024-12-24T20:50:03.338+0000] {logging_mixin.py:151} INFO - [2024-12-24T20:50:03.337+0000] {dag.py:3696} INFO - Setting next_dagrun for education_inventory_medical_object_vocation_dag to 2024-12-23T06:00:00+00:00, run_after=2024-12-30T06:00:00+00:00
[2024-12-24T20:50:03.342+0000] {logging_mixin.py:151} INFO - [2024-12-24T20:50:03.342+0000] {dag.py:3696} INFO - Setting next_dagrun for main_dag to None, run_after=None
[2024-12-24T20:50:03.369+0000] {processor.py:179} INFO - Processing /opt/airflow/dags/education_inventory_medical_object_vocation_dag.py took 0.392 seconds
[2024-12-24T20:50:33.568+0000] {processor.py:157} INFO - Started process (PID=1836) to work on /opt/airflow/dags/education_inventory_medical_object_vocation_dag.py
[2024-12-24T20:50:33.569+0000] {processor.py:829} INFO - Processing file /opt/airflow/dags/education_inventory_medical_object_vocation_dag.py for tasks to queue
[2024-12-24T20:50:33.570+0000] {logging_mixin.py:151} INFO - [2024-12-24T20:50:33.570+0000] {dagbag.py:539} INFO - Filling up the DagBag from /opt/airflow/dags/education_inventory_medical_object_vocation_dag.py
[2024-12-24T20:50:33.892+0000] {processor.py:839} INFO - DAG(s) dict_keys(['education_inventory_medical_object_vocation_dag', 'main_dag']) retrieved from /opt/airflow/dags/education_inventory_medical_object_vocation_dag.py
[2024-12-24T20:50:33.922+0000] {logging_mixin.py:151} INFO - [2024-12-24T20:50:33.921+0000] {dag.py:2915} INFO - Sync 2 DAGs
[2024-12-24T20:50:33.945+0000] {logging_mixin.py:151} INFO - [2024-12-24T20:50:33.945+0000] {dag.py:3696} INFO - Setting next_dagrun for education_inventory_medical_object_vocation_dag to 2024-12-23T06:00:00+00:00, run_after=2024-12-30T06:00:00+00:00
[2024-12-24T20:50:33.950+0000] {logging_mixin.py:151} INFO - [2024-12-24T20:50:33.950+0000] {dag.py:3696} INFO - Setting next_dagrun for main_dag to None, run_after=None
[2024-12-24T20:50:33.971+0000] {processor.py:179} INFO - Processing /opt/airflow/dags/education_inventory_medical_object_vocation_dag.py took 0.406 seconds
[2024-12-24T20:51:04.194+0000] {processor.py:157} INFO - Started process (PID=1871) to work on /opt/airflow/dags/education_inventory_medical_object_vocation_dag.py
[2024-12-24T20:51:04.196+0000] {processor.py:829} INFO - Processing file /opt/airflow/dags/education_inventory_medical_object_vocation_dag.py for tasks to queue
[2024-12-24T20:51:04.197+0000] {logging_mixin.py:151} INFO - [2024-12-24T20:51:04.196+0000] {dagbag.py:539} INFO - Filling up the DagBag from /opt/airflow/dags/education_inventory_medical_object_vocation_dag.py
[2024-12-24T20:51:04.493+0000] {processor.py:839} INFO - DAG(s) dict_keys(['education_inventory_medical_object_vocation_dag', 'main_dag']) retrieved from /opt/airflow/dags/education_inventory_medical_object_vocation_dag.py
[2024-12-24T20:51:04.524+0000] {logging_mixin.py:151} INFO - [2024-12-24T20:51:04.523+0000] {dag.py:2915} INFO - Sync 2 DAGs
[2024-12-24T20:51:04.545+0000] {logging_mixin.py:151} INFO - [2024-12-24T20:51:04.545+0000] {dag.py:3696} INFO - Setting next_dagrun for education_inventory_medical_object_vocation_dag to 2024-12-23T06:00:00+00:00, run_after=2024-12-30T06:00:00+00:00
[2024-12-24T20:51:04.548+0000] {logging_mixin.py:151} INFO - [2024-12-24T20:51:04.548+0000] {dag.py:3696} INFO - Setting next_dagrun for main_dag to None, run_after=None
[2024-12-24T20:51:04.574+0000] {processor.py:179} INFO - Processing /opt/airflow/dags/education_inventory_medical_object_vocation_dag.py took 0.384 seconds
[2024-12-24T20:51:15.691+0000] {processor.py:157} INFO - Started process (PID=1877) to work on /opt/airflow/dags/education_inventory_medical_object_vocation_dag.py
[2024-12-24T20:51:15.691+0000] {processor.py:829} INFO - Processing file /opt/airflow/dags/education_inventory_medical_object_vocation_dag.py for tasks to queue
[2024-12-24T20:51:15.692+0000] {logging_mixin.py:151} INFO - [2024-12-24T20:51:15.692+0000] {dagbag.py:539} INFO - Filling up the DagBag from /opt/airflow/dags/education_inventory_medical_object_vocation_dag.py
[2024-12-24T20:51:15.997+0000] {processor.py:839} INFO - DAG(s) dict_keys(['education_inventory_medical_object_vocation_dag', 'main_dag']) retrieved from /opt/airflow/dags/education_inventory_medical_object_vocation_dag.py
[2024-12-24T20:51:16.025+0000] {logging_mixin.py:151} INFO - [2024-12-24T20:51:16.025+0000] {dag.py:2915} INFO - Sync 2 DAGs
[2024-12-24T20:51:16.048+0000] {logging_mixin.py:151} INFO - [2024-12-24T20:51:16.048+0000] {dag.py:3696} INFO - Setting next_dagrun for education_inventory_medical_object_vocation_dag to 2024-12-23T06:00:00+00:00, run_after=2024-12-30T06:00:00+00:00
[2024-12-24T20:51:16.051+0000] {logging_mixin.py:151} INFO - [2024-12-24T20:51:16.051+0000] {dag.py:3696} INFO - Setting next_dagrun for main_dag to None, run_after=None
[2024-12-24T20:51:16.081+0000] {processor.py:179} INFO - Processing /opt/airflow/dags/education_inventory_medical_object_vocation_dag.py took 0.393 seconds
[2024-12-24T20:51:46.284+0000] {processor.py:157} INFO - Started process (PID=1915) to work on /opt/airflow/dags/education_inventory_medical_object_vocation_dag.py
[2024-12-24T20:51:46.285+0000] {processor.py:829} INFO - Processing file /opt/airflow/dags/education_inventory_medical_object_vocation_dag.py for tasks to queue
[2024-12-24T20:51:46.286+0000] {logging_mixin.py:151} INFO - [2024-12-24T20:51:46.285+0000] {dagbag.py:539} INFO - Filling up the DagBag from /opt/airflow/dags/education_inventory_medical_object_vocation_dag.py
[2024-12-24T20:51:46.573+0000] {processor.py:839} INFO - DAG(s) dict_keys(['main_dag', 'education_inventory_medical_object_vocation_dag']) retrieved from /opt/airflow/dags/education_inventory_medical_object_vocation_dag.py
[2024-12-24T20:51:46.602+0000] {logging_mixin.py:151} INFO - [2024-12-24T20:51:46.601+0000] {dag.py:2915} INFO - Sync 2 DAGs
[2024-12-24T20:51:46.653+0000] {logging_mixin.py:151} INFO - [2024-12-24T20:51:46.652+0000] {dag.py:3696} INFO - Setting next_dagrun for education_inventory_medical_object_vocation_dag to 2024-12-23T06:00:00+00:00, run_after=2024-12-30T06:00:00+00:00
[2024-12-24T20:51:46.656+0000] {logging_mixin.py:151} INFO - [2024-12-24T20:51:46.656+0000] {dag.py:3696} INFO - Setting next_dagrun for main_dag to None, run_after=None
[2024-12-24T20:51:46.671+0000] {processor.py:179} INFO - Processing /opt/airflow/dags/education_inventory_medical_object_vocation_dag.py took 0.390 seconds
[2024-12-24T20:52:16.945+0000] {processor.py:157} INFO - Started process (PID=1950) to work on /opt/airflow/dags/education_inventory_medical_object_vocation_dag.py
[2024-12-24T20:52:16.946+0000] {processor.py:829} INFO - Processing file /opt/airflow/dags/education_inventory_medical_object_vocation_dag.py for tasks to queue
[2024-12-24T20:52:16.947+0000] {logging_mixin.py:151} INFO - [2024-12-24T20:52:16.947+0000] {dagbag.py:539} INFO - Filling up the DagBag from /opt/airflow/dags/education_inventory_medical_object_vocation_dag.py
[2024-12-24T20:52:17.266+0000] {processor.py:839} INFO - DAG(s) dict_keys(['main_dag', 'education_inventory_medical_object_vocation_dag']) retrieved from /opt/airflow/dags/education_inventory_medical_object_vocation_dag.py
[2024-12-24T20:52:17.296+0000] {logging_mixin.py:151} INFO - [2024-12-24T20:52:17.296+0000] {dag.py:2915} INFO - Sync 2 DAGs
[2024-12-24T20:52:17.317+0000] {logging_mixin.py:151} INFO - [2024-12-24T20:52:17.317+0000] {dag.py:3696} INFO - Setting next_dagrun for education_inventory_medical_object_vocation_dag to 2024-12-23T06:00:00+00:00, run_after=2024-12-30T06:00:00+00:00
[2024-12-24T20:52:17.320+0000] {logging_mixin.py:151} INFO - [2024-12-24T20:52:17.320+0000] {dag.py:3696} INFO - Setting next_dagrun for main_dag to None, run_after=None
[2024-12-24T20:52:17.336+0000] {processor.py:179} INFO - Processing /opt/airflow/dags/education_inventory_medical_object_vocation_dag.py took 0.395 seconds
[2024-12-24T20:52:47.689+0000] {processor.py:157} INFO - Started process (PID=1985) to work on /opt/airflow/dags/education_inventory_medical_object_vocation_dag.py
[2024-12-24T20:52:47.690+0000] {processor.py:829} INFO - Processing file /opt/airflow/dags/education_inventory_medical_object_vocation_dag.py for tasks to queue
[2024-12-24T20:52:47.690+0000] {logging_mixin.py:151} INFO - [2024-12-24T20:52:47.690+0000] {dagbag.py:539} INFO - Filling up the DagBag from /opt/airflow/dags/education_inventory_medical_object_vocation_dag.py
[2024-12-24T20:52:48.054+0000] {processor.py:839} INFO - DAG(s) dict_keys(['education_inventory_medical_object_vocation_dag', 'main_dag']) retrieved from /opt/airflow/dags/education_inventory_medical_object_vocation_dag.py
[2024-12-24T20:52:48.086+0000] {logging_mixin.py:151} INFO - [2024-12-24T20:52:48.085+0000] {dag.py:2915} INFO - Sync 2 DAGs
[2024-12-24T20:52:48.111+0000] {logging_mixin.py:151} INFO - [2024-12-24T20:52:48.110+0000] {dag.py:3696} INFO - Setting next_dagrun for education_inventory_medical_object_vocation_dag to 2024-12-23T06:00:00+00:00, run_after=2024-12-30T06:00:00+00:00
[2024-12-24T20:52:48.114+0000] {logging_mixin.py:151} INFO - [2024-12-24T20:52:48.113+0000] {dag.py:3696} INFO - Setting next_dagrun for main_dag to None, run_after=None
[2024-12-24T20:52:48.133+0000] {processor.py:179} INFO - Processing /opt/airflow/dags/education_inventory_medical_object_vocation_dag.py took 0.448 seconds
[2024-12-24T20:53:18.450+0000] {processor.py:157} INFO - Started process (PID=2020) to work on /opt/airflow/dags/education_inventory_medical_object_vocation_dag.py
[2024-12-24T20:53:18.451+0000] {processor.py:829} INFO - Processing file /opt/airflow/dags/education_inventory_medical_object_vocation_dag.py for tasks to queue
[2024-12-24T20:53:18.452+0000] {logging_mixin.py:151} INFO - [2024-12-24T20:53:18.451+0000] {dagbag.py:539} INFO - Filling up the DagBag from /opt/airflow/dags/education_inventory_medical_object_vocation_dag.py
[2024-12-24T20:53:18.759+0000] {processor.py:839} INFO - DAG(s) dict_keys(['education_inventory_medical_object_vocation_dag', 'main_dag']) retrieved from /opt/airflow/dags/education_inventory_medical_object_vocation_dag.py
[2024-12-24T20:53:18.789+0000] {logging_mixin.py:151} INFO - [2024-12-24T20:53:18.789+0000] {dag.py:2915} INFO - Sync 2 DAGs
[2024-12-24T20:53:18.812+0000] {logging_mixin.py:151} INFO - [2024-12-24T20:53:18.812+0000] {dag.py:3696} INFO - Setting next_dagrun for education_inventory_medical_object_vocation_dag to 2024-12-23T06:00:00+00:00, run_after=2024-12-30T06:00:00+00:00
[2024-12-24T20:53:18.815+0000] {logging_mixin.py:151} INFO - [2024-12-24T20:53:18.815+0000] {dag.py:3696} INFO - Setting next_dagrun for main_dag to None, run_after=None
[2024-12-24T20:53:18.842+0000] {processor.py:179} INFO - Processing /opt/airflow/dags/education_inventory_medical_object_vocation_dag.py took 0.394 seconds
[2024-12-24T20:53:48.882+0000] {processor.py:157} INFO - Started process (PID=2055) to work on /opt/airflow/dags/education_inventory_medical_object_vocation_dag.py
[2024-12-24T20:53:48.883+0000] {processor.py:829} INFO - Processing file /opt/airflow/dags/education_inventory_medical_object_vocation_dag.py for tasks to queue
[2024-12-24T20:53:48.884+0000] {logging_mixin.py:151} INFO - [2024-12-24T20:53:48.884+0000] {dagbag.py:539} INFO - Filling up the DagBag from /opt/airflow/dags/education_inventory_medical_object_vocation_dag.py
[2024-12-24T20:53:49.208+0000] {processor.py:839} INFO - DAG(s) dict_keys(['education_inventory_medical_object_vocation_dag', 'main_dag']) retrieved from /opt/airflow/dags/education_inventory_medical_object_vocation_dag.py
[2024-12-24T20:53:49.241+0000] {logging_mixin.py:151} INFO - [2024-12-24T20:53:49.240+0000] {dag.py:2915} INFO - Sync 2 DAGs
[2024-12-24T20:53:49.289+0000] {logging_mixin.py:151} INFO - [2024-12-24T20:53:49.289+0000] {dag.py:3696} INFO - Setting next_dagrun for education_inventory_medical_object_vocation_dag to 2024-12-23T06:00:00+00:00, run_after=2024-12-30T06:00:00+00:00
[2024-12-24T20:53:49.293+0000] {logging_mixin.py:151} INFO - [2024-12-24T20:53:49.292+0000] {dag.py:3696} INFO - Setting next_dagrun for main_dag to None, run_after=None
[2024-12-24T20:53:49.311+0000] {processor.py:179} INFO - Processing /opt/airflow/dags/education_inventory_medical_object_vocation_dag.py took 0.432 seconds
[2024-12-24T20:54:19.617+0000] {processor.py:157} INFO - Started process (PID=2090) to work on /opt/airflow/dags/education_inventory_medical_object_vocation_dag.py
[2024-12-24T20:54:19.618+0000] {processor.py:829} INFO - Processing file /opt/airflow/dags/education_inventory_medical_object_vocation_dag.py for tasks to queue
[2024-12-24T20:54:19.618+0000] {logging_mixin.py:151} INFO - [2024-12-24T20:54:19.618+0000] {dagbag.py:539} INFO - Filling up the DagBag from /opt/airflow/dags/education_inventory_medical_object_vocation_dag.py
[2024-12-24T20:54:19.900+0000] {processor.py:839} INFO - DAG(s) dict_keys(['main_dag', 'education_inventory_medical_object_vocation_dag']) retrieved from /opt/airflow/dags/education_inventory_medical_object_vocation_dag.py
[2024-12-24T20:54:19.926+0000] {logging_mixin.py:151} INFO - [2024-12-24T20:54:19.925+0000] {dag.py:2915} INFO - Sync 2 DAGs
[2024-12-24T20:54:19.946+0000] {logging_mixin.py:151} INFO - [2024-12-24T20:54:19.946+0000] {dag.py:3696} INFO - Setting next_dagrun for education_inventory_medical_object_vocation_dag to 2024-12-23T06:00:00+00:00, run_after=2024-12-30T06:00:00+00:00
[2024-12-24T20:54:19.949+0000] {logging_mixin.py:151} INFO - [2024-12-24T20:54:19.948+0000] {dag.py:3696} INFO - Setting next_dagrun for main_dag to None, run_after=None
[2024-12-24T20:54:19.963+0000] {processor.py:179} INFO - Processing /opt/airflow/dags/education_inventory_medical_object_vocation_dag.py took 0.349 seconds
[2024-12-24T20:54:50.285+0000] {processor.py:157} INFO - Started process (PID=2131) to work on /opt/airflow/dags/education_inventory_medical_object_vocation_dag.py
[2024-12-24T20:54:50.286+0000] {processor.py:829} INFO - Processing file /opt/airflow/dags/education_inventory_medical_object_vocation_dag.py for tasks to queue
[2024-12-24T20:54:50.287+0000] {logging_mixin.py:151} INFO - [2024-12-24T20:54:50.287+0000] {dagbag.py:539} INFO - Filling up the DagBag from /opt/airflow/dags/education_inventory_medical_object_vocation_dag.py
[2024-12-24T20:54:50.581+0000] {processor.py:839} INFO - DAG(s) dict_keys(['education_inventory_medical_object_vocation_dag', 'main_dag']) retrieved from /opt/airflow/dags/education_inventory_medical_object_vocation_dag.py
[2024-12-24T20:54:50.608+0000] {logging_mixin.py:151} INFO - [2024-12-24T20:54:50.607+0000] {dag.py:2915} INFO - Sync 2 DAGs
[2024-12-24T20:54:50.628+0000] {logging_mixin.py:151} INFO - [2024-12-24T20:54:50.627+0000] {dag.py:3696} INFO - Setting next_dagrun for education_inventory_medical_object_vocation_dag to 2024-12-23T06:00:00+00:00, run_after=2024-12-30T06:00:00+00:00
[2024-12-24T20:54:50.630+0000] {logging_mixin.py:151} INFO - [2024-12-24T20:54:50.630+0000] {dag.py:3696} INFO - Setting next_dagrun for main_dag to None, run_after=None
[2024-12-24T20:54:50.655+0000] {processor.py:179} INFO - Processing /opt/airflow/dags/education_inventory_medical_object_vocation_dag.py took 0.373 seconds
[2024-12-24T20:55:20.953+0000] {processor.py:157} INFO - Started process (PID=2166) to work on /opt/airflow/dags/education_inventory_medical_object_vocation_dag.py
[2024-12-24T20:55:20.954+0000] {processor.py:829} INFO - Processing file /opt/airflow/dags/education_inventory_medical_object_vocation_dag.py for tasks to queue
[2024-12-24T20:55:20.955+0000] {logging_mixin.py:151} INFO - [2024-12-24T20:55:20.954+0000] {dagbag.py:539} INFO - Filling up the DagBag from /opt/airflow/dags/education_inventory_medical_object_vocation_dag.py
[2024-12-24T20:55:21.230+0000] {processor.py:839} INFO - DAG(s) dict_keys(['main_dag', 'education_inventory_medical_object_vocation_dag']) retrieved from /opt/airflow/dags/education_inventory_medical_object_vocation_dag.py
[2024-12-24T20:55:21.256+0000] {logging_mixin.py:151} INFO - [2024-12-24T20:55:21.256+0000] {dag.py:2915} INFO - Sync 2 DAGs
[2024-12-24T20:55:21.277+0000] {logging_mixin.py:151} INFO - [2024-12-24T20:55:21.277+0000] {dag.py:3696} INFO - Setting next_dagrun for education_inventory_medical_object_vocation_dag to 2024-12-23T06:00:00+00:00, run_after=2024-12-30T06:00:00+00:00
[2024-12-24T20:55:21.281+0000] {logging_mixin.py:151} INFO - [2024-12-24T20:55:21.281+0000] {dag.py:3696} INFO - Setting next_dagrun for main_dag to None, run_after=None
[2024-12-24T20:55:21.306+0000] {processor.py:179} INFO - Processing /opt/airflow/dags/education_inventory_medical_object_vocation_dag.py took 0.356 seconds
[2024-12-24T20:55:51.662+0000] {processor.py:157} INFO - Started process (PID=2201) to work on /opt/airflow/dags/education_inventory_medical_object_vocation_dag.py
[2024-12-24T20:55:51.662+0000] {processor.py:829} INFO - Processing file /opt/airflow/dags/education_inventory_medical_object_vocation_dag.py for tasks to queue
[2024-12-24T20:55:51.663+0000] {logging_mixin.py:151} INFO - [2024-12-24T20:55:51.663+0000] {dagbag.py:539} INFO - Filling up the DagBag from /opt/airflow/dags/education_inventory_medical_object_vocation_dag.py
[2024-12-24T20:55:51.969+0000] {processor.py:839} INFO - DAG(s) dict_keys(['main_dag', 'education_inventory_medical_object_vocation_dag']) retrieved from /opt/airflow/dags/education_inventory_medical_object_vocation_dag.py
[2024-12-24T20:55:51.995+0000] {logging_mixin.py:151} INFO - [2024-12-24T20:55:51.995+0000] {dag.py:2915} INFO - Sync 2 DAGs
[2024-12-24T20:55:52.018+0000] {logging_mixin.py:151} INFO - [2024-12-24T20:55:52.018+0000] {dag.py:3696} INFO - Setting next_dagrun for education_inventory_medical_object_vocation_dag to 2024-12-23T06:00:00+00:00, run_after=2024-12-30T06:00:00+00:00
[2024-12-24T20:55:52.023+0000] {logging_mixin.py:151} INFO - [2024-12-24T20:55:52.023+0000] {dag.py:3696} INFO - Setting next_dagrun for main_dag to None, run_after=None
[2024-12-24T20:55:52.049+0000] {processor.py:179} INFO - Processing /opt/airflow/dags/education_inventory_medical_object_vocation_dag.py took 0.390 seconds
[2024-12-24T20:56:22.450+0000] {processor.py:157} INFO - Started process (PID=2236) to work on /opt/airflow/dags/education_inventory_medical_object_vocation_dag.py
[2024-12-24T20:56:22.451+0000] {processor.py:829} INFO - Processing file /opt/airflow/dags/education_inventory_medical_object_vocation_dag.py for tasks to queue
[2024-12-24T20:56:22.452+0000] {logging_mixin.py:151} INFO - [2024-12-24T20:56:22.451+0000] {dagbag.py:539} INFO - Filling up the DagBag from /opt/airflow/dags/education_inventory_medical_object_vocation_dag.py
[2024-12-24T20:56:22.741+0000] {processor.py:839} INFO - DAG(s) dict_keys(['education_inventory_medical_object_vocation_dag', 'main_dag']) retrieved from /opt/airflow/dags/education_inventory_medical_object_vocation_dag.py
[2024-12-24T20:56:22.769+0000] {logging_mixin.py:151} INFO - [2024-12-24T20:56:22.769+0000] {dag.py:2915} INFO - Sync 2 DAGs
[2024-12-24T20:56:22.792+0000] {logging_mixin.py:151} INFO - [2024-12-24T20:56:22.792+0000] {dag.py:3696} INFO - Setting next_dagrun for education_inventory_medical_object_vocation_dag to 2024-12-23T06:00:00+00:00, run_after=2024-12-30T06:00:00+00:00
[2024-12-24T20:56:22.796+0000] {logging_mixin.py:151} INFO - [2024-12-24T20:56:22.796+0000] {dag.py:3696} INFO - Setting next_dagrun for main_dag to None, run_after=None
[2024-12-24T20:56:22.810+0000] {processor.py:179} INFO - Processing /opt/airflow/dags/education_inventory_medical_object_vocation_dag.py took 0.363 seconds
[2024-12-24T20:56:53.076+0000] {processor.py:157} INFO - Started process (PID=2274) to work on /opt/airflow/dags/education_inventory_medical_object_vocation_dag.py
[2024-12-24T20:56:53.077+0000] {processor.py:829} INFO - Processing file /opt/airflow/dags/education_inventory_medical_object_vocation_dag.py for tasks to queue
[2024-12-24T20:56:53.078+0000] {logging_mixin.py:151} INFO - [2024-12-24T20:56:53.077+0000] {dagbag.py:539} INFO - Filling up the DagBag from /opt/airflow/dags/education_inventory_medical_object_vocation_dag.py
[2024-12-24T20:56:53.390+0000] {processor.py:839} INFO - DAG(s) dict_keys(['main_dag', 'education_inventory_medical_object_vocation_dag']) retrieved from /opt/airflow/dags/education_inventory_medical_object_vocation_dag.py
[2024-12-24T20:56:53.418+0000] {logging_mixin.py:151} INFO - [2024-12-24T20:56:53.417+0000] {dag.py:2915} INFO - Sync 2 DAGs
[2024-12-24T20:56:53.439+0000] {logging_mixin.py:151} INFO - [2024-12-24T20:56:53.439+0000] {dag.py:3696} INFO - Setting next_dagrun for education_inventory_medical_object_vocation_dag to 2024-12-23T06:00:00+00:00, run_after=2024-12-30T06:00:00+00:00
[2024-12-24T20:56:53.442+0000] {logging_mixin.py:151} INFO - [2024-12-24T20:56:53.442+0000] {dag.py:3696} INFO - Setting next_dagrun for main_dag to None, run_after=None
[2024-12-24T20:56:53.457+0000] {processor.py:179} INFO - Processing /opt/airflow/dags/education_inventory_medical_object_vocation_dag.py took 0.386 seconds
[2024-12-24T20:57:23.854+0000] {processor.py:157} INFO - Started process (PID=2309) to work on /opt/airflow/dags/education_inventory_medical_object_vocation_dag.py
[2024-12-24T20:57:23.855+0000] {processor.py:829} INFO - Processing file /opt/airflow/dags/education_inventory_medical_object_vocation_dag.py for tasks to queue
[2024-12-24T20:57:23.855+0000] {logging_mixin.py:151} INFO - [2024-12-24T20:57:23.855+0000] {dagbag.py:539} INFO - Filling up the DagBag from /opt/airflow/dags/education_inventory_medical_object_vocation_dag.py
[2024-12-24T20:57:24.140+0000] {processor.py:839} INFO - DAG(s) dict_keys(['main_dag', 'education_inventory_medical_object_vocation_dag']) retrieved from /opt/airflow/dags/education_inventory_medical_object_vocation_dag.py
[2024-12-24T20:57:24.170+0000] {logging_mixin.py:151} INFO - [2024-12-24T20:57:24.169+0000] {dag.py:2915} INFO - Sync 2 DAGs
[2024-12-24T20:57:24.194+0000] {logging_mixin.py:151} INFO - [2024-12-24T20:57:24.194+0000] {dag.py:3696} INFO - Setting next_dagrun for education_inventory_medical_object_vocation_dag to 2024-12-23T06:00:00+00:00, run_after=2024-12-30T06:00:00+00:00
[2024-12-24T20:57:24.197+0000] {logging_mixin.py:151} INFO - [2024-12-24T20:57:24.197+0000] {dag.py:3696} INFO - Setting next_dagrun for main_dag to None, run_after=None
[2024-12-24T20:57:24.213+0000] {processor.py:179} INFO - Processing /opt/airflow/dags/education_inventory_medical_object_vocation_dag.py took 0.362 seconds
[2024-12-24T20:57:54.675+0000] {processor.py:157} INFO - Started process (PID=2344) to work on /opt/airflow/dags/education_inventory_medical_object_vocation_dag.py
[2024-12-24T20:57:54.676+0000] {processor.py:829} INFO - Processing file /opt/airflow/dags/education_inventory_medical_object_vocation_dag.py for tasks to queue
[2024-12-24T20:57:54.677+0000] {logging_mixin.py:151} INFO - [2024-12-24T20:57:54.677+0000] {dagbag.py:539} INFO - Filling up the DagBag from /opt/airflow/dags/education_inventory_medical_object_vocation_dag.py
[2024-12-24T20:57:54.988+0000] {processor.py:839} INFO - DAG(s) dict_keys(['main_dag', 'education_inventory_medical_object_vocation_dag']) retrieved from /opt/airflow/dags/education_inventory_medical_object_vocation_dag.py
[2024-12-24T20:57:55.015+0000] {logging_mixin.py:151} INFO - [2024-12-24T20:57:55.015+0000] {dag.py:2915} INFO - Sync 2 DAGs
[2024-12-24T20:57:55.039+0000] {logging_mixin.py:151} INFO - [2024-12-24T20:57:55.039+0000] {dag.py:3696} INFO - Setting next_dagrun for education_inventory_medical_object_vocation_dag to 2024-12-23T06:00:00+00:00, run_after=2024-12-30T06:00:00+00:00
[2024-12-24T20:57:55.133+0000] {logging_mixin.py:151} INFO - [2024-12-24T20:57:55.133+0000] {dag.py:3696} INFO - Setting next_dagrun for main_dag to None, run_after=None
[2024-12-24T20:57:55.158+0000] {processor.py:179} INFO - Processing /opt/airflow/dags/education_inventory_medical_object_vocation_dag.py took 0.486 seconds
[2024-12-24T20:58:25.509+0000] {processor.py:157} INFO - Started process (PID=2379) to work on /opt/airflow/dags/education_inventory_medical_object_vocation_dag.py
[2024-12-24T20:58:25.510+0000] {processor.py:829} INFO - Processing file /opt/airflow/dags/education_inventory_medical_object_vocation_dag.py for tasks to queue
[2024-12-24T20:58:25.511+0000] {logging_mixin.py:151} INFO - [2024-12-24T20:58:25.511+0000] {dagbag.py:539} INFO - Filling up the DagBag from /opt/airflow/dags/education_inventory_medical_object_vocation_dag.py
[2024-12-24T20:58:25.807+0000] {processor.py:839} INFO - DAG(s) dict_keys(['main_dag', 'education_inventory_medical_object_vocation_dag']) retrieved from /opt/airflow/dags/education_inventory_medical_object_vocation_dag.py
[2024-12-24T20:58:25.834+0000] {logging_mixin.py:151} INFO - [2024-12-24T20:58:25.834+0000] {dag.py:2915} INFO - Sync 2 DAGs
[2024-12-24T20:58:25.855+0000] {logging_mixin.py:151} INFO - [2024-12-24T20:58:25.855+0000] {dag.py:3696} INFO - Setting next_dagrun for education_inventory_medical_object_vocation_dag to 2024-12-23T06:00:00+00:00, run_after=2024-12-30T06:00:00+00:00
[2024-12-24T20:58:25.858+0000] {logging_mixin.py:151} INFO - [2024-12-24T20:58:25.858+0000] {dag.py:3696} INFO - Setting next_dagrun for main_dag to None, run_after=None
[2024-12-24T20:58:25.880+0000] {processor.py:179} INFO - Processing /opt/airflow/dags/education_inventory_medical_object_vocation_dag.py took 0.374 seconds
[2024-12-24T20:58:56.293+0000] {processor.py:157} INFO - Started process (PID=2414) to work on /opt/airflow/dags/education_inventory_medical_object_vocation_dag.py
[2024-12-24T20:58:56.294+0000] {processor.py:829} INFO - Processing file /opt/airflow/dags/education_inventory_medical_object_vocation_dag.py for tasks to queue
[2024-12-24T20:58:56.295+0000] {logging_mixin.py:151} INFO - [2024-12-24T20:58:56.294+0000] {dagbag.py:539} INFO - Filling up the DagBag from /opt/airflow/dags/education_inventory_medical_object_vocation_dag.py
[2024-12-24T20:58:56.600+0000] {processor.py:839} INFO - DAG(s) dict_keys(['education_inventory_medical_object_vocation_dag', 'main_dag']) retrieved from /opt/airflow/dags/education_inventory_medical_object_vocation_dag.py
[2024-12-24T20:58:56.626+0000] {logging_mixin.py:151} INFO - [2024-12-24T20:58:56.625+0000] {dag.py:2915} INFO - Sync 2 DAGs
[2024-12-24T20:58:56.650+0000] {logging_mixin.py:151} INFO - [2024-12-24T20:58:56.650+0000] {dag.py:3696} INFO - Setting next_dagrun for education_inventory_medical_object_vocation_dag to 2024-12-23T06:00:00+00:00, run_after=2024-12-30T06:00:00+00:00
[2024-12-24T20:58:56.654+0000] {logging_mixin.py:151} INFO - [2024-12-24T20:58:56.654+0000] {dag.py:3696} INFO - Setting next_dagrun for main_dag to None, run_after=None
[2024-12-24T20:58:56.681+0000] {processor.py:179} INFO - Processing /opt/airflow/dags/education_inventory_medical_object_vocation_dag.py took 0.390 seconds
[2024-12-24T20:59:26.194+0000] {processor.py:157} INFO - Started process (PID=2449) to work on /opt/airflow/dags/education_inventory_medical_object_vocation_dag.py
[2024-12-24T20:59:26.195+0000] {processor.py:829} INFO - Processing file /opt/airflow/dags/education_inventory_medical_object_vocation_dag.py for tasks to queue
[2024-12-24T20:59:26.196+0000] {logging_mixin.py:151} INFO - [2024-12-24T20:59:26.196+0000] {dagbag.py:539} INFO - Filling up the DagBag from /opt/airflow/dags/education_inventory_medical_object_vocation_dag.py
[2024-12-24T20:59:26.498+0000] {processor.py:839} INFO - DAG(s) dict_keys(['education_inventory_medical_object_vocation_dag', 'main_dag']) retrieved from /opt/airflow/dags/education_inventory_medical_object_vocation_dag.py
[2024-12-24T20:59:26.524+0000] {logging_mixin.py:151} INFO - [2024-12-24T20:59:26.523+0000] {dag.py:2915} INFO - Sync 2 DAGs
[2024-12-24T20:59:26.548+0000] {logging_mixin.py:151} INFO - [2024-12-24T20:59:26.547+0000] {dag.py:3696} INFO - Setting next_dagrun for education_inventory_medical_object_vocation_dag to 2024-12-23T06:00:00+00:00, run_after=2024-12-30T06:00:00+00:00
[2024-12-24T20:59:26.551+0000] {logging_mixin.py:151} INFO - [2024-12-24T20:59:26.551+0000] {dag.py:3696} INFO - Setting next_dagrun for main_dag to None, run_after=None
[2024-12-24T20:59:26.569+0000] {processor.py:179} INFO - Processing /opt/airflow/dags/education_inventory_medical_object_vocation_dag.py took 0.377 seconds
[2024-12-24T20:59:29.311+0000] {processor.py:157} INFO - Started process (PID=2455) to work on /opt/airflow/dags/education_inventory_medical_object_vocation_dag.py
[2024-12-24T20:59:29.312+0000] {processor.py:829} INFO - Processing file /opt/airflow/dags/education_inventory_medical_object_vocation_dag.py for tasks to queue
[2024-12-24T20:59:29.313+0000] {logging_mixin.py:151} INFO - [2024-12-24T20:59:29.313+0000] {dagbag.py:539} INFO - Filling up the DagBag from /opt/airflow/dags/education_inventory_medical_object_vocation_dag.py
[2024-12-24T20:59:29.619+0000] {processor.py:839} INFO - DAG(s) dict_keys(['education_inventory_medical_object_vocation_dag', 'main_dag']) retrieved from /opt/airflow/dags/education_inventory_medical_object_vocation_dag.py
[2024-12-24T20:59:29.646+0000] {logging_mixin.py:151} INFO - [2024-12-24T20:59:29.645+0000] {dag.py:2915} INFO - Sync 2 DAGs
[2024-12-24T20:59:29.666+0000] {logging_mixin.py:151} INFO - [2024-12-24T20:59:29.666+0000] {dag.py:3696} INFO - Setting next_dagrun for education_inventory_medical_object_vocation_dag to 2024-12-23T06:00:00+00:00, run_after=2024-12-30T06:00:00+00:00
[2024-12-24T20:59:29.671+0000] {logging_mixin.py:151} INFO - [2024-12-24T20:59:29.670+0000] {dag.py:3696} INFO - Setting next_dagrun for main_dag to None, run_after=None
[2024-12-24T20:59:29.699+0000] {processor.py:179} INFO - Processing /opt/airflow/dags/education_inventory_medical_object_vocation_dag.py took 0.391 seconds
[2024-12-24T20:59:59.981+0000] {processor.py:157} INFO - Started process (PID=2502) to work on /opt/airflow/dags/education_inventory_medical_object_vocation_dag.py
[2024-12-24T20:59:59.982+0000] {processor.py:829} INFO - Processing file /opt/airflow/dags/education_inventory_medical_object_vocation_dag.py for tasks to queue
[2024-12-24T20:59:59.982+0000] {logging_mixin.py:151} INFO - [2024-12-24T20:59:59.982+0000] {dagbag.py:539} INFO - Filling up the DagBag from /opt/airflow/dags/education_inventory_medical_object_vocation_dag.py
[2024-12-24T21:00:00.297+0000] {processor.py:839} INFO - DAG(s) dict_keys(['education_inventory_medical_object_vocation_dag', 'main_dag']) retrieved from /opt/airflow/dags/education_inventory_medical_object_vocation_dag.py
[2024-12-24T21:00:00.327+0000] {logging_mixin.py:151} INFO - [2024-12-24T21:00:00.327+0000] {dag.py:2915} INFO - Sync 2 DAGs
[2024-12-24T21:00:00.352+0000] {logging_mixin.py:151} INFO - [2024-12-24T21:00:00.351+0000] {dag.py:3696} INFO - Setting next_dagrun for education_inventory_medical_object_vocation_dag to 2024-12-23T06:00:00+00:00, run_after=2024-12-30T06:00:00+00:00
[2024-12-24T21:00:00.356+0000] {logging_mixin.py:151} INFO - [2024-12-24T21:00:00.356+0000] {dag.py:3696} INFO - Setting next_dagrun for main_dag to None, run_after=None
[2024-12-24T21:00:00.384+0000] {processor.py:179} INFO - Processing /opt/airflow/dags/education_inventory_medical_object_vocation_dag.py took 0.409 seconds
[2024-12-24T21:00:31.036+0000] {processor.py:157} INFO - Started process (PID=2540) to work on /opt/airflow/dags/education_inventory_medical_object_vocation_dag.py
[2024-12-24T21:00:31.037+0000] {processor.py:829} INFO - Processing file /opt/airflow/dags/education_inventory_medical_object_vocation_dag.py for tasks to queue
[2024-12-24T21:00:31.038+0000] {logging_mixin.py:151} INFO - [2024-12-24T21:00:31.038+0000] {dagbag.py:539} INFO - Filling up the DagBag from /opt/airflow/dags/education_inventory_medical_object_vocation_dag.py
[2024-12-24T21:00:31.375+0000] {processor.py:839} INFO - DAG(s) dict_keys(['education_inventory_medical_object_vocation_dag', 'main_dag']) retrieved from /opt/airflow/dags/education_inventory_medical_object_vocation_dag.py
[2024-12-24T21:00:31.405+0000] {logging_mixin.py:151} INFO - [2024-12-24T21:00:31.404+0000] {dag.py:2915} INFO - Sync 2 DAGs
[2024-12-24T21:00:31.430+0000] {logging_mixin.py:151} INFO - [2024-12-24T21:00:31.429+0000] {dag.py:3696} INFO - Setting next_dagrun for education_inventory_medical_object_vocation_dag to 2024-12-23T06:00:00+00:00, run_after=2024-12-30T06:00:00+00:00
[2024-12-24T21:00:31.434+0000] {logging_mixin.py:151} INFO - [2024-12-24T21:00:31.434+0000] {dag.py:3696} INFO - Setting next_dagrun for main_dag to None, run_after=None
[2024-12-24T21:00:31.462+0000] {processor.py:179} INFO - Processing /opt/airflow/dags/education_inventory_medical_object_vocation_dag.py took 0.428 seconds
[2024-12-24T21:01:01.556+0000] {processor.py:157} INFO - Started process (PID=2575) to work on /opt/airflow/dags/education_inventory_medical_object_vocation_dag.py
[2024-12-24T21:01:01.557+0000] {processor.py:829} INFO - Processing file /opt/airflow/dags/education_inventory_medical_object_vocation_dag.py for tasks to queue
[2024-12-24T21:01:01.558+0000] {logging_mixin.py:151} INFO - [2024-12-24T21:01:01.558+0000] {dagbag.py:539} INFO - Filling up the DagBag from /opt/airflow/dags/education_inventory_medical_object_vocation_dag.py
[2024-12-24T21:01:01.872+0000] {processor.py:839} INFO - DAG(s) dict_keys(['education_inventory_medical_object_vocation_dag', 'main_dag']) retrieved from /opt/airflow/dags/education_inventory_medical_object_vocation_dag.py
[2024-12-24T21:01:01.900+0000] {logging_mixin.py:151} INFO - [2024-12-24T21:01:01.899+0000] {dag.py:2915} INFO - Sync 2 DAGs
[2024-12-24T21:01:01.923+0000] {logging_mixin.py:151} INFO - [2024-12-24T21:01:01.923+0000] {dag.py:3696} INFO - Setting next_dagrun for education_inventory_medical_object_vocation_dag to 2024-12-23T06:00:00+00:00, run_after=2024-12-30T06:00:00+00:00
[2024-12-24T21:01:01.926+0000] {logging_mixin.py:151} INFO - [2024-12-24T21:01:01.926+0000] {dag.py:3696} INFO - Setting next_dagrun for main_dag to None, run_after=None
[2024-12-24T21:01:01.953+0000] {processor.py:179} INFO - Processing /opt/airflow/dags/education_inventory_medical_object_vocation_dag.py took 0.401 seconds
[2024-12-24T21:01:32.433+0000] {processor.py:157} INFO - Started process (PID=2610) to work on /opt/airflow/dags/education_inventory_medical_object_vocation_dag.py
[2024-12-24T21:01:32.434+0000] {processor.py:829} INFO - Processing file /opt/airflow/dags/education_inventory_medical_object_vocation_dag.py for tasks to queue
[2024-12-24T21:01:32.435+0000] {logging_mixin.py:151} INFO - [2024-12-24T21:01:32.435+0000] {dagbag.py:539} INFO - Filling up the DagBag from /opt/airflow/dags/education_inventory_medical_object_vocation_dag.py
[2024-12-24T21:01:32.723+0000] {processor.py:839} INFO - DAG(s) dict_keys(['main_dag', 'education_inventory_medical_object_vocation_dag']) retrieved from /opt/airflow/dags/education_inventory_medical_object_vocation_dag.py
[2024-12-24T21:01:32.749+0000] {logging_mixin.py:151} INFO - [2024-12-24T21:01:32.749+0000] {dag.py:2915} INFO - Sync 2 DAGs
[2024-12-24T21:01:32.862+0000] {logging_mixin.py:151} INFO - [2024-12-24T21:01:32.861+0000] {dag.py:3696} INFO - Setting next_dagrun for education_inventory_medical_object_vocation_dag to 2024-12-23T06:00:00+00:00, run_after=2024-12-30T06:00:00+00:00
[2024-12-24T21:01:32.865+0000] {logging_mixin.py:151} INFO - [2024-12-24T21:01:32.864+0000] {dag.py:3696} INFO - Setting next_dagrun for main_dag to None, run_after=None
[2024-12-24T21:01:32.890+0000] {processor.py:179} INFO - Processing /opt/airflow/dags/education_inventory_medical_object_vocation_dag.py took 0.461 seconds
[2024-12-24T21:02:02.955+0000] {processor.py:157} INFO - Started process (PID=2645) to work on /opt/airflow/dags/education_inventory_medical_object_vocation_dag.py
[2024-12-24T21:02:02.956+0000] {processor.py:829} INFO - Processing file /opt/airflow/dags/education_inventory_medical_object_vocation_dag.py for tasks to queue
[2024-12-24T21:02:02.956+0000] {logging_mixin.py:151} INFO - [2024-12-24T21:02:02.956+0000] {dagbag.py:539} INFO - Filling up the DagBag from /opt/airflow/dags/education_inventory_medical_object_vocation_dag.py
[2024-12-24T21:02:03.250+0000] {processor.py:839} INFO - DAG(s) dict_keys(['main_dag', 'education_inventory_medical_object_vocation_dag']) retrieved from /opt/airflow/dags/education_inventory_medical_object_vocation_dag.py
[2024-12-24T21:02:03.278+0000] {logging_mixin.py:151} INFO - [2024-12-24T21:02:03.278+0000] {dag.py:2915} INFO - Sync 2 DAGs
[2024-12-24T21:02:03.300+0000] {logging_mixin.py:151} INFO - [2024-12-24T21:02:03.300+0000] {dag.py:3696} INFO - Setting next_dagrun for education_inventory_medical_object_vocation_dag to 2024-12-23T06:00:00+00:00, run_after=2024-12-30T06:00:00+00:00
[2024-12-24T21:02:03.303+0000] {logging_mixin.py:151} INFO - [2024-12-24T21:02:03.303+0000] {dag.py:3696} INFO - Setting next_dagrun for main_dag to None, run_after=None
[2024-12-24T21:02:03.330+0000] {processor.py:179} INFO - Processing /opt/airflow/dags/education_inventory_medical_object_vocation_dag.py took 0.378 seconds
[2024-12-24T21:02:33.518+0000] {processor.py:157} INFO - Started process (PID=2680) to work on /opt/airflow/dags/education_inventory_medical_object_vocation_dag.py
[2024-12-24T21:02:33.518+0000] {processor.py:829} INFO - Processing file /opt/airflow/dags/education_inventory_medical_object_vocation_dag.py for tasks to queue
[2024-12-24T21:02:33.519+0000] {logging_mixin.py:151} INFO - [2024-12-24T21:02:33.519+0000] {dagbag.py:539} INFO - Filling up the DagBag from /opt/airflow/dags/education_inventory_medical_object_vocation_dag.py
[2024-12-24T21:02:33.828+0000] {processor.py:839} INFO - DAG(s) dict_keys(['education_inventory_medical_object_vocation_dag', 'main_dag']) retrieved from /opt/airflow/dags/education_inventory_medical_object_vocation_dag.py
[2024-12-24T21:02:33.856+0000] {logging_mixin.py:151} INFO - [2024-12-24T21:02:33.856+0000] {dag.py:2915} INFO - Sync 2 DAGs
[2024-12-24T21:02:33.974+0000] {logging_mixin.py:151} INFO - [2024-12-24T21:02:33.973+0000] {dag.py:3696} INFO - Setting next_dagrun for education_inventory_medical_object_vocation_dag to 2024-12-23T06:00:00+00:00, run_after=2024-12-30T06:00:00+00:00
[2024-12-24T21:02:33.977+0000] {logging_mixin.py:151} INFO - [2024-12-24T21:02:33.977+0000] {dag.py:3696} INFO - Setting next_dagrun for main_dag to None, run_after=None
[2024-12-24T21:02:33.991+0000] {processor.py:179} INFO - Processing /opt/airflow/dags/education_inventory_medical_object_vocation_dag.py took 0.477 seconds
[2024-12-24T21:03:04.268+0000] {processor.py:157} INFO - Started process (PID=2715) to work on /opt/airflow/dags/education_inventory_medical_object_vocation_dag.py
[2024-12-24T21:03:04.269+0000] {processor.py:829} INFO - Processing file /opt/airflow/dags/education_inventory_medical_object_vocation_dag.py for tasks to queue
[2024-12-24T21:03:04.270+0000] {logging_mixin.py:151} INFO - [2024-12-24T21:03:04.269+0000] {dagbag.py:539} INFO - Filling up the DagBag from /opt/airflow/dags/education_inventory_medical_object_vocation_dag.py
[2024-12-24T21:03:04.579+0000] {processor.py:839} INFO - DAG(s) dict_keys(['education_inventory_medical_object_vocation_dag', 'main_dag']) retrieved from /opt/airflow/dags/education_inventory_medical_object_vocation_dag.py
[2024-12-24T21:03:04.607+0000] {logging_mixin.py:151} INFO - [2024-12-24T21:03:04.606+0000] {dag.py:2915} INFO - Sync 2 DAGs
[2024-12-24T21:03:04.631+0000] {logging_mixin.py:151} INFO - [2024-12-24T21:03:04.631+0000] {dag.py:3696} INFO - Setting next_dagrun for education_inventory_medical_object_vocation_dag to 2024-12-23T06:00:00+00:00, run_after=2024-12-30T06:00:00+00:00
[2024-12-24T21:03:04.635+0000] {logging_mixin.py:151} INFO - [2024-12-24T21:03:04.634+0000] {dag.py:3696} INFO - Setting next_dagrun for main_dag to None, run_after=None
[2024-12-24T21:03:04.661+0000] {processor.py:179} INFO - Processing /opt/airflow/dags/education_inventory_medical_object_vocation_dag.py took 0.396 seconds
[2024-12-24T21:03:34.736+0000] {processor.py:157} INFO - Started process (PID=2750) to work on /opt/airflow/dags/education_inventory_medical_object_vocation_dag.py
[2024-12-24T21:03:34.736+0000] {processor.py:829} INFO - Processing file /opt/airflow/dags/education_inventory_medical_object_vocation_dag.py for tasks to queue
[2024-12-24T21:03:34.737+0000] {logging_mixin.py:151} INFO - [2024-12-24T21:03:34.737+0000] {dagbag.py:539} INFO - Filling up the DagBag from /opt/airflow/dags/education_inventory_medical_object_vocation_dag.py
[2024-12-24T21:03:35.026+0000] {processor.py:839} INFO - DAG(s) dict_keys(['education_inventory_medical_object_vocation_dag', 'main_dag']) retrieved from /opt/airflow/dags/education_inventory_medical_object_vocation_dag.py
[2024-12-24T21:03:35.055+0000] {logging_mixin.py:151} INFO - [2024-12-24T21:03:35.054+0000] {dag.py:2915} INFO - Sync 2 DAGs
[2024-12-24T21:03:35.171+0000] {logging_mixin.py:151} INFO - [2024-12-24T21:03:35.171+0000] {dag.py:3696} INFO - Setting next_dagrun for education_inventory_medical_object_vocation_dag to 2024-12-23T06:00:00+00:00, run_after=2024-12-30T06:00:00+00:00
[2024-12-24T21:03:35.175+0000] {logging_mixin.py:151} INFO - [2024-12-24T21:03:35.175+0000] {dag.py:3696} INFO - Setting next_dagrun for main_dag to None, run_after=None
[2024-12-24T21:03:35.222+0000] {processor.py:179} INFO - Processing /opt/airflow/dags/education_inventory_medical_object_vocation_dag.py took 0.490 seconds
[2024-12-24T21:04:05.527+0000] {processor.py:157} INFO - Started process (PID=2785) to work on /opt/airflow/dags/education_inventory_medical_object_vocation_dag.py
[2024-12-24T21:04:05.528+0000] {processor.py:829} INFO - Processing file /opt/airflow/dags/education_inventory_medical_object_vocation_dag.py for tasks to queue
[2024-12-24T21:04:05.529+0000] {logging_mixin.py:151} INFO - [2024-12-24T21:04:05.529+0000] {dagbag.py:539} INFO - Filling up the DagBag from /opt/airflow/dags/education_inventory_medical_object_vocation_dag.py
[2024-12-24T21:04:05.820+0000] {processor.py:839} INFO - DAG(s) dict_keys(['main_dag', 'education_inventory_medical_object_vocation_dag']) retrieved from /opt/airflow/dags/education_inventory_medical_object_vocation_dag.py
[2024-12-24T21:04:05.949+0000] {logging_mixin.py:151} INFO - [2024-12-24T21:04:05.949+0000] {dag.py:2915} INFO - Sync 2 DAGs
[2024-12-24T21:04:05.972+0000] {logging_mixin.py:151} INFO - [2024-12-24T21:04:05.972+0000] {dag.py:3696} INFO - Setting next_dagrun for education_inventory_medical_object_vocation_dag to 2024-12-23T06:00:00+00:00, run_after=2024-12-30T06:00:00+00:00
[2024-12-24T21:04:05.976+0000] {logging_mixin.py:151} INFO - [2024-12-24T21:04:05.976+0000] {dag.py:3696} INFO - Setting next_dagrun for main_dag to None, run_after=None
[2024-12-24T21:04:06.002+0000] {processor.py:179} INFO - Processing /opt/airflow/dags/education_inventory_medical_object_vocation_dag.py took 0.478 seconds
[2024-12-24T21:04:11.948+0000] {processor.py:157} INFO - Started process (PID=2814) to work on /opt/airflow/dags/education_inventory_medical_object_vocation_dag.py
[2024-12-24T21:04:11.949+0000] {processor.py:829} INFO - Processing file /opt/airflow/dags/education_inventory_medical_object_vocation_dag.py for tasks to queue
[2024-12-24T21:04:11.950+0000] {logging_mixin.py:151} INFO - [2024-12-24T21:04:11.949+0000] {dagbag.py:539} INFO - Filling up the DagBag from /opt/airflow/dags/education_inventory_medical_object_vocation_dag.py
[2024-12-24T21:04:12.301+0000] {processor.py:839} INFO - DAG(s) dict_keys(['education_inventory_medical_object_vocation_dag', 'main_dag']) retrieved from /opt/airflow/dags/education_inventory_medical_object_vocation_dag.py
[2024-12-24T21:04:12.330+0000] {logging_mixin.py:151} INFO - [2024-12-24T21:04:12.330+0000] {dag.py:2915} INFO - Sync 2 DAGs
[2024-12-24T21:04:12.352+0000] {logging_mixin.py:151} INFO - [2024-12-24T21:04:12.352+0000] {dag.py:3696} INFO - Setting next_dagrun for education_inventory_medical_object_vocation_dag to 2024-12-23T06:00:00+00:00, run_after=2024-12-30T06:00:00+00:00
[2024-12-24T21:04:12.358+0000] {logging_mixin.py:151} INFO - [2024-12-24T21:04:12.358+0000] {dag.py:3696} INFO - Setting next_dagrun for main_dag to None, run_after=None
[2024-12-24T21:04:12.485+0000] {processor.py:179} INFO - Processing /opt/airflow/dags/education_inventory_medical_object_vocation_dag.py took 0.540 seconds
[2024-12-24T21:04:42.522+0000] {processor.py:157} INFO - Started process (PID=2861) to work on /opt/airflow/dags/education_inventory_medical_object_vocation_dag.py
[2024-12-24T21:04:42.523+0000] {processor.py:829} INFO - Processing file /opt/airflow/dags/education_inventory_medical_object_vocation_dag.py for tasks to queue
[2024-12-24T21:04:42.524+0000] {logging_mixin.py:151} INFO - [2024-12-24T21:04:42.524+0000] {dagbag.py:539} INFO - Filling up the DagBag from /opt/airflow/dags/education_inventory_medical_object_vocation_dag.py
[2024-12-24T21:04:42.832+0000] {processor.py:839} INFO - DAG(s) dict_keys(['main_dag', 'education_inventory_medical_object_vocation_dag']) retrieved from /opt/airflow/dags/education_inventory_medical_object_vocation_dag.py
[2024-12-24T21:04:42.863+0000] {logging_mixin.py:151} INFO - [2024-12-24T21:04:42.863+0000] {dag.py:2915} INFO - Sync 2 DAGs
[2024-12-24T21:04:42.993+0000] {logging_mixin.py:151} INFO - [2024-12-24T21:04:42.993+0000] {dag.py:3696} INFO - Setting next_dagrun for education_inventory_medical_object_vocation_dag to 2024-12-23T06:00:00+00:00, run_after=2024-12-30T06:00:00+00:00
[2024-12-24T21:04:42.997+0000] {logging_mixin.py:151} INFO - [2024-12-24T21:04:42.997+0000] {dag.py:3696} INFO - Setting next_dagrun for main_dag to None, run_after=None
[2024-12-24T21:04:43.012+0000] {processor.py:179} INFO - Processing /opt/airflow/dags/education_inventory_medical_object_vocation_dag.py took 0.493 seconds
[2024-12-24T21:05:13.578+0000] {processor.py:157} INFO - Started process (PID=2899) to work on /opt/airflow/dags/education_inventory_medical_object_vocation_dag.py
[2024-12-24T21:05:13.579+0000] {processor.py:829} INFO - Processing file /opt/airflow/dags/education_inventory_medical_object_vocation_dag.py for tasks to queue
[2024-12-24T21:05:13.580+0000] {logging_mixin.py:151} INFO - [2024-12-24T21:05:13.579+0000] {dagbag.py:539} INFO - Filling up the DagBag from /opt/airflow/dags/education_inventory_medical_object_vocation_dag.py
[2024-12-24T21:05:13.912+0000] {processor.py:839} INFO - DAG(s) dict_keys(['education_inventory_medical_object_vocation_dag', 'main_dag']) retrieved from /opt/airflow/dags/education_inventory_medical_object_vocation_dag.py
[2024-12-24T21:05:13.944+0000] {logging_mixin.py:151} INFO - [2024-12-24T21:05:13.944+0000] {dag.py:2915} INFO - Sync 2 DAGs
[2024-12-24T21:05:13.969+0000] {logging_mixin.py:151} INFO - [2024-12-24T21:05:13.968+0000] {dag.py:3696} INFO - Setting next_dagrun for education_inventory_medical_object_vocation_dag to 2024-12-23T06:00:00+00:00, run_after=2024-12-30T06:00:00+00:00
[2024-12-24T21:05:13.972+0000] {logging_mixin.py:151} INFO - [2024-12-24T21:05:13.972+0000] {dag.py:3696} INFO - Setting next_dagrun for main_dag to None, run_after=None
[2024-12-24T21:05:14.004+0000] {processor.py:179} INFO - Processing /opt/airflow/dags/education_inventory_medical_object_vocation_dag.py took 0.429 seconds
[2024-12-24T21:05:44.445+0000] {processor.py:157} INFO - Started process (PID=2934) to work on /opt/airflow/dags/education_inventory_medical_object_vocation_dag.py
[2024-12-24T21:05:44.446+0000] {processor.py:829} INFO - Processing file /opt/airflow/dags/education_inventory_medical_object_vocation_dag.py for tasks to queue
[2024-12-24T21:05:44.447+0000] {logging_mixin.py:151} INFO - [2024-12-24T21:05:44.447+0000] {dagbag.py:539} INFO - Filling up the DagBag from /opt/airflow/dags/education_inventory_medical_object_vocation_dag.py
[2024-12-24T21:05:44.751+0000] {processor.py:839} INFO - DAG(s) dict_keys(['main_dag', 'education_inventory_medical_object_vocation_dag']) retrieved from /opt/airflow/dags/education_inventory_medical_object_vocation_dag.py
[2024-12-24T21:05:44.780+0000] {logging_mixin.py:151} INFO - [2024-12-24T21:05:44.779+0000] {dag.py:2915} INFO - Sync 2 DAGs
[2024-12-24T21:05:44.900+0000] {logging_mixin.py:151} INFO - [2024-12-24T21:05:44.900+0000] {dag.py:3696} INFO - Setting next_dagrun for education_inventory_medical_object_vocation_dag to 2024-12-23T06:00:00+00:00, run_after=2024-12-30T06:00:00+00:00
[2024-12-24T21:05:44.903+0000] {logging_mixin.py:151} INFO - [2024-12-24T21:05:44.903+0000] {dag.py:3696} INFO - Setting next_dagrun for main_dag to None, run_after=None
[2024-12-24T21:05:44.919+0000] {processor.py:179} INFO - Processing /opt/airflow/dags/education_inventory_medical_object_vocation_dag.py took 0.477 seconds
[2024-12-24T21:06:15.266+0000] {processor.py:157} INFO - Started process (PID=2969) to work on /opt/airflow/dags/education_inventory_medical_object_vocation_dag.py
[2024-12-24T21:06:15.267+0000] {processor.py:829} INFO - Processing file /opt/airflow/dags/education_inventory_medical_object_vocation_dag.py for tasks to queue
[2024-12-24T21:06:15.268+0000] {logging_mixin.py:151} INFO - [2024-12-24T21:06:15.268+0000] {dagbag.py:539} INFO - Filling up the DagBag from /opt/airflow/dags/education_inventory_medical_object_vocation_dag.py
[2024-12-24T21:06:15.615+0000] {processor.py:839} INFO - DAG(s) dict_keys(['education_inventory_medical_object_vocation_dag', 'main_dag']) retrieved from /opt/airflow/dags/education_inventory_medical_object_vocation_dag.py
[2024-12-24T21:06:15.646+0000] {logging_mixin.py:151} INFO - [2024-12-24T21:06:15.645+0000] {dag.py:2915} INFO - Sync 2 DAGs
[2024-12-24T21:06:15.667+0000] {logging_mixin.py:151} INFO - [2024-12-24T21:06:15.667+0000] {dag.py:3696} INFO - Setting next_dagrun for education_inventory_medical_object_vocation_dag to 2024-12-23T06:00:00+00:00, run_after=2024-12-30T06:00:00+00:00
[2024-12-24T21:06:15.672+0000] {logging_mixin.py:151} INFO - [2024-12-24T21:06:15.672+0000] {dag.py:3696} INFO - Setting next_dagrun for main_dag to None, run_after=None
[2024-12-24T21:06:15.690+0000] {processor.py:179} INFO - Processing /opt/airflow/dags/education_inventory_medical_object_vocation_dag.py took 0.427 seconds
[2024-12-24T21:06:27.835+0000] {processor.py:157} INFO - Started process (PID=2981) to work on /opt/airflow/dags/education_inventory_medical_object_vocation_dag.py
[2024-12-24T21:06:27.836+0000] {processor.py:829} INFO - Processing file /opt/airflow/dags/education_inventory_medical_object_vocation_dag.py for tasks to queue
[2024-12-24T21:06:27.837+0000] {logging_mixin.py:151} INFO - [2024-12-24T21:06:27.837+0000] {dagbag.py:539} INFO - Filling up the DagBag from /opt/airflow/dags/education_inventory_medical_object_vocation_dag.py
[2024-12-24T21:06:28.194+0000] {processor.py:839} INFO - DAG(s) dict_keys(['education_inventory_medical_object_vocation_dag', 'main_dag']) retrieved from /opt/airflow/dags/education_inventory_medical_object_vocation_dag.py
[2024-12-24T21:06:28.226+0000] {logging_mixin.py:151} INFO - [2024-12-24T21:06:28.226+0000] {dag.py:2915} INFO - Sync 2 DAGs
[2024-12-24T21:06:28.251+0000] {logging_mixin.py:151} INFO - [2024-12-24T21:06:28.251+0000] {dag.py:3696} INFO - Setting next_dagrun for education_inventory_medical_object_vocation_dag to 2024-12-23T06:00:00+00:00, run_after=2024-12-30T06:00:00+00:00
[2024-12-24T21:06:28.369+0000] {logging_mixin.py:151} INFO - [2024-12-24T21:06:28.369+0000] {dag.py:3696} INFO - Setting next_dagrun for main_dag to None, run_after=None
[2024-12-24T21:06:28.388+0000] {processor.py:179} INFO - Processing /opt/airflow/dags/education_inventory_medical_object_vocation_dag.py took 0.557 seconds
[2024-12-24T21:06:59.269+0000] {processor.py:157} INFO - Started process (PID=3019) to work on /opt/airflow/dags/education_inventory_medical_object_vocation_dag.py
[2024-12-24T21:06:59.269+0000] {processor.py:829} INFO - Processing file /opt/airflow/dags/education_inventory_medical_object_vocation_dag.py for tasks to queue
[2024-12-24T21:06:59.270+0000] {logging_mixin.py:151} INFO - [2024-12-24T21:06:59.270+0000] {dagbag.py:539} INFO - Filling up the DagBag from /opt/airflow/dags/education_inventory_medical_object_vocation_dag.py
[2024-12-24T21:06:59.578+0000] {processor.py:839} INFO - DAG(s) dict_keys(['education_inventory_medical_object_vocation_dag', 'main_dag']) retrieved from /opt/airflow/dags/education_inventory_medical_object_vocation_dag.py
[2024-12-24T21:06:59.700+0000] {logging_mixin.py:151} INFO - [2024-12-24T21:06:59.699+0000] {dag.py:2915} INFO - Sync 2 DAGs
[2024-12-24T21:06:59.718+0000] {logging_mixin.py:151} INFO - [2024-12-24T21:06:59.718+0000] {dag.py:3696} INFO - Setting next_dagrun for education_inventory_medical_object_vocation_dag to 2024-12-23T06:00:00+00:00, run_after=2024-12-30T06:00:00+00:00
[2024-12-24T21:06:59.722+0000] {logging_mixin.py:151} INFO - [2024-12-24T21:06:59.722+0000] {dag.py:3696} INFO - Setting next_dagrun for main_dag to None, run_after=None
[2024-12-24T21:06:59.748+0000] {processor.py:179} INFO - Processing /opt/airflow/dags/education_inventory_medical_object_vocation_dag.py took 0.482 seconds
[2024-12-24T21:07:30.304+0000] {processor.py:157} INFO - Started process (PID=3054) to work on /opt/airflow/dags/education_inventory_medical_object_vocation_dag.py
[2024-12-24T21:07:30.305+0000] {processor.py:829} INFO - Processing file /opt/airflow/dags/education_inventory_medical_object_vocation_dag.py for tasks to queue
[2024-12-24T21:07:30.306+0000] {logging_mixin.py:151} INFO - [2024-12-24T21:07:30.305+0000] {dagbag.py:539} INFO - Filling up the DagBag from /opt/airflow/dags/education_inventory_medical_object_vocation_dag.py
[2024-12-24T21:07:30.622+0000] {processor.py:839} INFO - DAG(s) dict_keys(['main_dag', 'education_inventory_medical_object_vocation_dag']) retrieved from /opt/airflow/dags/education_inventory_medical_object_vocation_dag.py
[2024-12-24T21:07:30.650+0000] {logging_mixin.py:151} INFO - [2024-12-24T21:07:30.649+0000] {dag.py:2915} INFO - Sync 2 DAGs
[2024-12-24T21:07:30.675+0000] {logging_mixin.py:151} INFO - [2024-12-24T21:07:30.675+0000] {dag.py:3696} INFO - Setting next_dagrun for education_inventory_medical_object_vocation_dag to 2024-12-23T06:00:00+00:00, run_after=2024-12-30T06:00:00+00:00
[2024-12-24T21:07:30.772+0000] {logging_mixin.py:151} INFO - [2024-12-24T21:07:30.772+0000] {dag.py:3696} INFO - Setting next_dagrun for main_dag to None, run_after=None
[2024-12-24T21:07:30.788+0000] {processor.py:179} INFO - Processing /opt/airflow/dags/education_inventory_medical_object_vocation_dag.py took 0.486 seconds
[2024-12-24T21:08:01.161+0000] {processor.py:157} INFO - Started process (PID=3089) to work on /opt/airflow/dags/education_inventory_medical_object_vocation_dag.py
[2024-12-24T21:08:01.162+0000] {processor.py:829} INFO - Processing file /opt/airflow/dags/education_inventory_medical_object_vocation_dag.py for tasks to queue
[2024-12-24T21:08:01.164+0000] {logging_mixin.py:151} INFO - [2024-12-24T21:08:01.164+0000] {dagbag.py:539} INFO - Filling up the DagBag from /opt/airflow/dags/education_inventory_medical_object_vocation_dag.py
[2024-12-24T21:08:01.455+0000] {processor.py:839} INFO - DAG(s) dict_keys(['main_dag', 'education_inventory_medical_object_vocation_dag']) retrieved from /opt/airflow/dags/education_inventory_medical_object_vocation_dag.py
[2024-12-24T21:08:01.483+0000] {logging_mixin.py:151} INFO - [2024-12-24T21:08:01.483+0000] {dag.py:2915} INFO - Sync 2 DAGs
[2024-12-24T21:08:01.598+0000] {logging_mixin.py:151} INFO - [2024-12-24T21:08:01.598+0000] {dag.py:3696} INFO - Setting next_dagrun for education_inventory_medical_object_vocation_dag to 2024-12-23T06:00:00+00:00, run_after=2024-12-30T06:00:00+00:00
[2024-12-24T21:08:01.601+0000] {logging_mixin.py:151} INFO - [2024-12-24T21:08:01.601+0000] {dag.py:3696} INFO - Setting next_dagrun for main_dag to None, run_after=None
[2024-12-24T21:08:01.617+0000] {processor.py:179} INFO - Processing /opt/airflow/dags/education_inventory_medical_object_vocation_dag.py took 0.461 seconds
[2024-12-24T21:08:31.997+0000] {processor.py:157} INFO - Started process (PID=3124) to work on /opt/airflow/dags/education_inventory_medical_object_vocation_dag.py
[2024-12-24T21:08:31.998+0000] {processor.py:829} INFO - Processing file /opt/airflow/dags/education_inventory_medical_object_vocation_dag.py for tasks to queue
[2024-12-24T21:08:31.999+0000] {logging_mixin.py:151} INFO - [2024-12-24T21:08:31.999+0000] {dagbag.py:539} INFO - Filling up the DagBag from /opt/airflow/dags/education_inventory_medical_object_vocation_dag.py
[2024-12-24T21:08:32.330+0000] {processor.py:839} INFO - DAG(s) dict_keys(['education_inventory_medical_object_vocation_dag', 'main_dag']) retrieved from /opt/airflow/dags/education_inventory_medical_object_vocation_dag.py
[2024-12-24T21:08:32.358+0000] {logging_mixin.py:151} INFO - [2024-12-24T21:08:32.358+0000] {dag.py:2915} INFO - Sync 2 DAGs
[2024-12-24T21:08:32.383+0000] {logging_mixin.py:151} INFO - [2024-12-24T21:08:32.382+0000] {dag.py:3696} INFO - Setting next_dagrun for education_inventory_medical_object_vocation_dag to 2024-12-23T06:00:00+00:00, run_after=2024-12-30T06:00:00+00:00
[2024-12-24T21:08:32.387+0000] {logging_mixin.py:151} INFO - [2024-12-24T21:08:32.387+0000] {dag.py:3696} INFO - Setting next_dagrun for main_dag to None, run_after=None
[2024-12-24T21:08:32.503+0000] {processor.py:179} INFO - Processing /opt/airflow/dags/education_inventory_medical_object_vocation_dag.py took 0.511 seconds
[2024-12-24T21:09:02.973+0000] {processor.py:157} INFO - Started process (PID=3159) to work on /opt/airflow/dags/education_inventory_medical_object_vocation_dag.py
[2024-12-24T21:09:02.974+0000] {processor.py:829} INFO - Processing file /opt/airflow/dags/education_inventory_medical_object_vocation_dag.py for tasks to queue
[2024-12-24T21:09:02.975+0000] {logging_mixin.py:151} INFO - [2024-12-24T21:09:02.974+0000] {dagbag.py:539} INFO - Filling up the DagBag from /opt/airflow/dags/education_inventory_medical_object_vocation_dag.py
[2024-12-24T21:09:03.254+0000] {processor.py:839} INFO - DAG(s) dict_keys(['main_dag', 'education_inventory_medical_object_vocation_dag']) retrieved from /opt/airflow/dags/education_inventory_medical_object_vocation_dag.py
[2024-12-24T21:09:03.279+0000] {logging_mixin.py:151} INFO - [2024-12-24T21:09:03.279+0000] {dag.py:2915} INFO - Sync 2 DAGs
[2024-12-24T21:09:03.381+0000] {logging_mixin.py:151} INFO - [2024-12-24T21:09:03.381+0000] {dag.py:3696} INFO - Setting next_dagrun for education_inventory_medical_object_vocation_dag to 2024-12-23T06:00:00+00:00, run_after=2024-12-30T06:00:00+00:00
[2024-12-24T21:09:03.384+0000] {logging_mixin.py:151} INFO - [2024-12-24T21:09:03.384+0000] {dag.py:3696} INFO - Setting next_dagrun for main_dag to None, run_after=None
[2024-12-24T21:09:03.409+0000] {processor.py:179} INFO - Processing /opt/airflow/dags/education_inventory_medical_object_vocation_dag.py took 0.440 seconds
[2024-12-24T21:09:04.417+0000] {processor.py:157} INFO - Started process (PID=3165) to work on /opt/airflow/dags/education_inventory_medical_object_vocation_dag.py
[2024-12-24T21:09:04.418+0000] {processor.py:829} INFO - Processing file /opt/airflow/dags/education_inventory_medical_object_vocation_dag.py for tasks to queue
[2024-12-24T21:09:04.419+0000] {logging_mixin.py:151} INFO - [2024-12-24T21:09:04.419+0000] {dagbag.py:539} INFO - Filling up the DagBag from /opt/airflow/dags/education_inventory_medical_object_vocation_dag.py
[2024-12-24T21:09:04.719+0000] {processor.py:839} INFO - DAG(s) dict_keys(['education_inventory_medical_object_vocation_dag', 'main_dag']) retrieved from /opt/airflow/dags/education_inventory_medical_object_vocation_dag.py
[2024-12-24T21:09:04.841+0000] {logging_mixin.py:151} INFO - [2024-12-24T21:09:04.840+0000] {dag.py:2915} INFO - Sync 2 DAGs
[2024-12-24T21:09:04.864+0000] {logging_mixin.py:151} INFO - [2024-12-24T21:09:04.863+0000] {dag.py:3696} INFO - Setting next_dagrun for education_inventory_medical_object_vocation_dag to 2024-12-23T06:00:00+00:00, run_after=2024-12-30T06:00:00+00:00
[2024-12-24T21:09:04.868+0000] {logging_mixin.py:151} INFO - [2024-12-24T21:09:04.867+0000] {dag.py:3696} INFO - Setting next_dagrun for main_dag to None, run_after=None
[2024-12-24T21:09:04.899+0000] {processor.py:179} INFO - Processing /opt/airflow/dags/education_inventory_medical_object_vocation_dag.py took 0.484 seconds
[2024-12-24T21:09:35.041+0000] {processor.py:157} INFO - Started process (PID=3218) to work on /opt/airflow/dags/education_inventory_medical_object_vocation_dag.py
[2024-12-24T21:09:35.042+0000] {processor.py:829} INFO - Processing file /opt/airflow/dags/education_inventory_medical_object_vocation_dag.py for tasks to queue
[2024-12-24T21:09:35.043+0000] {logging_mixin.py:151} INFO - [2024-12-24T21:09:35.042+0000] {dagbag.py:539} INFO - Filling up the DagBag from /opt/airflow/dags/education_inventory_medical_object_vocation_dag.py
[2024-12-24T21:09:35.392+0000] {processor.py:839} INFO - DAG(s) dict_keys(['education_inventory_medical_object_vocation_dag', 'main_dag']) retrieved from /opt/airflow/dags/education_inventory_medical_object_vocation_dag.py
[2024-12-24T21:09:35.421+0000] {logging_mixin.py:151} INFO - [2024-12-24T21:09:35.421+0000] {dag.py:2915} INFO - Sync 2 DAGs
[2024-12-24T21:09:35.447+0000] {logging_mixin.py:151} INFO - [2024-12-24T21:09:35.447+0000] {dag.py:3696} INFO - Setting next_dagrun for education_inventory_medical_object_vocation_dag to 2024-12-23T06:00:00+00:00, run_after=2024-12-30T06:00:00+00:00
[2024-12-24T21:09:35.555+0000] {logging_mixin.py:151} INFO - [2024-12-24T21:09:35.555+0000] {dag.py:3696} INFO - Setting next_dagrun for main_dag to None, run_after=None
[2024-12-24T21:09:35.572+0000] {processor.py:179} INFO - Processing /opt/airflow/dags/education_inventory_medical_object_vocation_dag.py took 0.534 seconds
[2024-12-24T21:10:05.942+0000] {processor.py:157} INFO - Started process (PID=3256) to work on /opt/airflow/dags/education_inventory_medical_object_vocation_dag.py
[2024-12-24T21:10:05.944+0000] {processor.py:829} INFO - Processing file /opt/airflow/dags/education_inventory_medical_object_vocation_dag.py for tasks to queue
[2024-12-24T21:10:05.945+0000] {logging_mixin.py:151} INFO - [2024-12-24T21:10:05.945+0000] {dagbag.py:539} INFO - Filling up the DagBag from /opt/airflow/dags/education_inventory_medical_object_vocation_dag.py
[2024-12-24T21:10:06.252+0000] {processor.py:839} INFO - DAG(s) dict_keys(['main_dag', 'education_inventory_medical_object_vocation_dag']) retrieved from /opt/airflow/dags/education_inventory_medical_object_vocation_dag.py
[2024-12-24T21:10:06.383+0000] {logging_mixin.py:151} INFO - [2024-12-24T21:10:06.382+0000] {dag.py:2915} INFO - Sync 2 DAGs
[2024-12-24T21:10:06.405+0000] {logging_mixin.py:151} INFO - [2024-12-24T21:10:06.405+0000] {dag.py:3696} INFO - Setting next_dagrun for education_inventory_medical_object_vocation_dag to 2024-12-23T06:00:00+00:00, run_after=2024-12-30T06:00:00+00:00
[2024-12-24T21:10:06.409+0000] {logging_mixin.py:151} INFO - [2024-12-24T21:10:06.408+0000] {dag.py:3696} INFO - Setting next_dagrun for main_dag to None, run_after=None
[2024-12-24T21:10:06.423+0000] {processor.py:179} INFO - Processing /opt/airflow/dags/education_inventory_medical_object_vocation_dag.py took 0.484 seconds
[2024-12-24T21:10:36.551+0000] {processor.py:157} INFO - Started process (PID=3291) to work on /opt/airflow/dags/education_inventory_medical_object_vocation_dag.py
[2024-12-24T21:10:36.552+0000] {processor.py:829} INFO - Processing file /opt/airflow/dags/education_inventory_medical_object_vocation_dag.py for tasks to queue
[2024-12-24T21:10:36.553+0000] {logging_mixin.py:151} INFO - [2024-12-24T21:10:36.552+0000] {dagbag.py:539} INFO - Filling up the DagBag from /opt/airflow/dags/education_inventory_medical_object_vocation_dag.py
[2024-12-24T21:10:36.848+0000] {processor.py:839} INFO - DAG(s) dict_keys(['education_inventory_medical_object_vocation_dag', 'main_dag']) retrieved from /opt/airflow/dags/education_inventory_medical_object_vocation_dag.py
[2024-12-24T21:10:36.881+0000] {logging_mixin.py:151} INFO - [2024-12-24T21:10:36.881+0000] {dag.py:2915} INFO - Sync 2 DAGs
[2024-12-24T21:10:36.905+0000] {logging_mixin.py:151} INFO - [2024-12-24T21:10:36.905+0000] {dag.py:3696} INFO - Setting next_dagrun for education_inventory_medical_object_vocation_dag to 2024-12-23T06:00:00+00:00, run_after=2024-12-30T06:00:00+00:00
[2024-12-24T21:10:37.009+0000] {logging_mixin.py:151} INFO - [2024-12-24T21:10:37.009+0000] {dag.py:3696} INFO - Setting next_dagrun for main_dag to None, run_after=None
[2024-12-24T21:10:37.024+0000] {processor.py:179} INFO - Processing /opt/airflow/dags/education_inventory_medical_object_vocation_dag.py took 0.477 seconds
[2024-12-24T21:11:08.007+0000] {processor.py:157} INFO - Started process (PID=3326) to work on /opt/airflow/dags/education_inventory_medical_object_vocation_dag.py
[2024-12-24T21:11:08.008+0000] {processor.py:829} INFO - Processing file /opt/airflow/dags/education_inventory_medical_object_vocation_dag.py for tasks to queue
[2024-12-24T21:11:08.009+0000] {logging_mixin.py:151} INFO - [2024-12-24T21:11:08.009+0000] {dagbag.py:539} INFO - Filling up the DagBag from /opt/airflow/dags/education_inventory_medical_object_vocation_dag.py
[2024-12-24T21:11:08.288+0000] {processor.py:839} INFO - DAG(s) dict_keys(['education_inventory_medical_object_vocation_dag', 'main_dag']) retrieved from /opt/airflow/dags/education_inventory_medical_object_vocation_dag.py
[2024-12-24T21:11:08.401+0000] {logging_mixin.py:151} INFO - [2024-12-24T21:11:08.401+0000] {dag.py:2915} INFO - Sync 2 DAGs
[2024-12-24T21:11:08.420+0000] {logging_mixin.py:151} INFO - [2024-12-24T21:11:08.420+0000] {dag.py:3696} INFO - Setting next_dagrun for education_inventory_medical_object_vocation_dag to 2024-12-23T06:00:00+00:00, run_after=2024-12-30T06:00:00+00:00
[2024-12-24T21:11:08.424+0000] {logging_mixin.py:151} INFO - [2024-12-24T21:11:08.423+0000] {dag.py:3696} INFO - Setting next_dagrun for main_dag to None, run_after=None
[2024-12-24T21:11:08.450+0000] {processor.py:179} INFO - Processing /opt/airflow/dags/education_inventory_medical_object_vocation_dag.py took 0.445 seconds
[2024-12-24T21:11:26.490+0000] {processor.py:157} INFO - Started process (PID=3355) to work on /opt/airflow/dags/education_inventory_medical_object_vocation_dag.py
[2024-12-24T21:11:26.491+0000] {processor.py:829} INFO - Processing file /opt/airflow/dags/education_inventory_medical_object_vocation_dag.py for tasks to queue
[2024-12-24T21:11:26.491+0000] {logging_mixin.py:151} INFO - [2024-12-24T21:11:26.491+0000] {dagbag.py:539} INFO - Filling up the DagBag from /opt/airflow/dags/education_inventory_medical_object_vocation_dag.py
[2024-12-24T21:11:26.792+0000] {processor.py:839} INFO - DAG(s) dict_keys(['education_inventory_medical_object_vocation_dag', 'main_dag']) retrieved from /opt/airflow/dags/education_inventory_medical_object_vocation_dag.py
[2024-12-24T21:11:26.817+0000] {logging_mixin.py:151} INFO - [2024-12-24T21:11:26.816+0000] {dag.py:2915} INFO - Sync 2 DAGs
[2024-12-24T21:11:26.837+0000] {logging_mixin.py:151} INFO - [2024-12-24T21:11:26.837+0000] {dag.py:3696} INFO - Setting next_dagrun for education_inventory_medical_object_vocation_dag to 2024-12-23T06:00:00+00:00, run_after=2024-12-30T06:00:00+00:00
[2024-12-24T21:11:26.842+0000] {logging_mixin.py:151} INFO - [2024-12-24T21:11:26.842+0000] {dag.py:3696} INFO - Setting next_dagrun for main_dag to None, run_after=None
[2024-12-24T21:11:26.962+0000] {processor.py:179} INFO - Processing /opt/airflow/dags/education_inventory_medical_object_vocation_dag.py took 0.475 seconds
[2024-12-24T21:11:57.430+0000] {processor.py:157} INFO - Started process (PID=3420) to work on /opt/airflow/dags/education_inventory_medical_object_vocation_dag.py
[2024-12-24T21:11:57.431+0000] {processor.py:829} INFO - Processing file /opt/airflow/dags/education_inventory_medical_object_vocation_dag.py for tasks to queue
[2024-12-24T21:11:57.432+0000] {logging_mixin.py:151} INFO - [2024-12-24T21:11:57.432+0000] {dagbag.py:539} INFO - Filling up the DagBag from /opt/airflow/dags/education_inventory_medical_object_vocation_dag.py
[2024-12-24T21:11:57.742+0000] {processor.py:839} INFO - DAG(s) dict_keys(['main_dag', 'education_inventory_medical_object_vocation_dag']) retrieved from /opt/airflow/dags/education_inventory_medical_object_vocation_dag.py
[2024-12-24T21:11:57.771+0000] {logging_mixin.py:151} INFO - [2024-12-24T21:11:57.771+0000] {dag.py:2915} INFO - Sync 2 DAGs
[2024-12-24T21:11:57.891+0000] {logging_mixin.py:151} INFO - [2024-12-24T21:11:57.891+0000] {dag.py:3696} INFO - Setting next_dagrun for education_inventory_medical_object_vocation_dag to 2024-12-23T06:00:00+00:00, run_after=2024-12-30T06:00:00+00:00
[2024-12-24T21:11:57.895+0000] {logging_mixin.py:151} INFO - [2024-12-24T21:11:57.894+0000] {dag.py:3696} INFO - Setting next_dagrun for main_dag to None, run_after=None
[2024-12-24T21:11:57.922+0000] {processor.py:179} INFO - Processing /opt/airflow/dags/education_inventory_medical_object_vocation_dag.py took 0.495 seconds
[2024-12-24T21:12:28.301+0000] {processor.py:157} INFO - Started process (PID=3458) to work on /opt/airflow/dags/education_inventory_medical_object_vocation_dag.py
[2024-12-24T21:12:28.302+0000] {processor.py:829} INFO - Processing file /opt/airflow/dags/education_inventory_medical_object_vocation_dag.py for tasks to queue
[2024-12-24T21:12:28.303+0000] {logging_mixin.py:151} INFO - [2024-12-24T21:12:28.303+0000] {dagbag.py:539} INFO - Filling up the DagBag from /opt/airflow/dags/education_inventory_medical_object_vocation_dag.py
[2024-12-24T21:12:28.699+0000] {processor.py:839} INFO - DAG(s) dict_keys(['education_inventory_medical_object_vocation_dag', 'main_dag']) retrieved from /opt/airflow/dags/education_inventory_medical_object_vocation_dag.py
[2024-12-24T21:12:28.731+0000] {logging_mixin.py:151} INFO - [2024-12-24T21:12:28.730+0000] {dag.py:2915} INFO - Sync 2 DAGs
[2024-12-24T21:12:28.755+0000] {logging_mixin.py:151} INFO - [2024-12-24T21:12:28.755+0000] {dag.py:3696} INFO - Setting next_dagrun for education_inventory_medical_object_vocation_dag to 2024-12-23T06:00:00+00:00, run_after=2024-12-30T06:00:00+00:00
[2024-12-24T21:12:28.759+0000] {logging_mixin.py:151} INFO - [2024-12-24T21:12:28.758+0000] {dag.py:3696} INFO - Setting next_dagrun for main_dag to None, run_after=None
[2024-12-24T21:12:28.777+0000] {processor.py:179} INFO - Processing /opt/airflow/dags/education_inventory_medical_object_vocation_dag.py took 0.479 seconds
