[2024-12-24T20:50:27.204+0000] {processor.py:157} INFO - Started process (PID=1830) to work on /opt/airflow/dags/monthly_collection_dag.py
[2024-12-24T20:50:27.206+0000] {processor.py:829} INFO - Processing file /opt/airflow/dags/monthly_collection_dag.py for tasks to queue
[2024-12-24T20:50:27.207+0000] {logging_mixin.py:151} INFO - [2024-12-24T20:50:27.206+0000] {dagbag.py:539} INFO - Filling up the DagBag from /opt/airflow/dags/monthly_collection_dag.py
[2024-12-24T20:50:27.512+0000] {processor.py:839} INFO - DAG(s) dict_keys(['main_dag', 'monthly_collection_dag']) retrieved from /opt/airflow/dags/monthly_collection_dag.py
[2024-12-24T20:50:27.612+0000] {logging_mixin.py:151} INFO - [2024-12-24T20:50:27.612+0000] {manager.py:499} INFO - Created Permission View: %s
[2024-12-24T20:50:27.625+0000] {logging_mixin.py:151} INFO - [2024-12-24T20:50:27.625+0000] {manager.py:499} INFO - Created Permission View: %s
[2024-12-24T20:50:27.634+0000] {logging_mixin.py:151} INFO - [2024-12-24T20:50:27.634+0000] {manager.py:499} INFO - Created Permission View: %s
[2024-12-24T20:50:27.635+0000] {logging_mixin.py:151} INFO - [2024-12-24T20:50:27.634+0000] {security.py:708} INFO - Not syncing DAG-level permissions for DAG 'DAG:monthly_collection_dag' as access control is unset.
[2024-12-24T20:50:27.635+0000] {logging_mixin.py:151} INFO - [2024-12-24T20:50:27.635+0000] {dag.py:2915} INFO - Sync 2 DAGs
[2024-12-24T20:50:27.650+0000] {logging_mixin.py:151} INFO - [2024-12-24T20:50:27.650+0000] {dag.py:2937} INFO - Creating ORM DAG for monthly_collection_dag
[2024-12-24T20:50:27.662+0000] {logging_mixin.py:151} INFO - [2024-12-24T20:50:27.662+0000] {dag.py:3696} INFO - Setting next_dagrun for main_dag to None, run_after=None
[2024-12-24T20:50:27.669+0000] {logging_mixin.py:151} INFO - [2024-12-24T20:50:27.668+0000] {dag.py:3696} INFO - Setting next_dagrun for monthly_collection_dag to 2024-11-01T08:00:00+00:00, run_after=2024-12-01T08:00:00+00:00
[2024-12-24T20:50:27.806+0000] {processor.py:179} INFO - Processing /opt/airflow/dags/monthly_collection_dag.py took 0.605 seconds
[2024-12-24T20:50:58.141+0000] {processor.py:157} INFO - Started process (PID=1865) to work on /opt/airflow/dags/monthly_collection_dag.py
[2024-12-24T20:50:58.142+0000] {processor.py:829} INFO - Processing file /opt/airflow/dags/monthly_collection_dag.py for tasks to queue
[2024-12-24T20:50:58.142+0000] {logging_mixin.py:151} INFO - [2024-12-24T20:50:58.142+0000] {dagbag.py:539} INFO - Filling up the DagBag from /opt/airflow/dags/monthly_collection_dag.py
[2024-12-24T20:50:58.444+0000] {processor.py:839} INFO - DAG(s) dict_keys(['main_dag', 'monthly_collection_dag']) retrieved from /opt/airflow/dags/monthly_collection_dag.py
[2024-12-24T20:50:58.475+0000] {logging_mixin.py:151} INFO - [2024-12-24T20:50:58.475+0000] {dag.py:2915} INFO - Sync 2 DAGs
[2024-12-24T20:50:58.496+0000] {logging_mixin.py:151} INFO - [2024-12-24T20:50:58.496+0000] {dag.py:3696} INFO - Setting next_dagrun for main_dag to None, run_after=None
[2024-12-24T20:50:58.501+0000] {logging_mixin.py:151} INFO - [2024-12-24T20:50:58.501+0000] {dag.py:3696} INFO - Setting next_dagrun for monthly_collection_dag to 2024-11-01T08:00:00+00:00, run_after=2024-12-01T08:00:00+00:00
[2024-12-24T20:50:58.517+0000] {processor.py:179} INFO - Processing /opt/airflow/dags/monthly_collection_dag.py took 0.379 seconds
[2024-12-24T20:51:28.760+0000] {processor.py:157} INFO - Started process (PID=1909) to work on /opt/airflow/dags/monthly_collection_dag.py
[2024-12-24T20:51:28.761+0000] {processor.py:829} INFO - Processing file /opt/airflow/dags/monthly_collection_dag.py for tasks to queue
[2024-12-24T20:51:28.762+0000] {logging_mixin.py:151} INFO - [2024-12-24T20:51:28.761+0000] {dagbag.py:539} INFO - Filling up the DagBag from /opt/airflow/dags/monthly_collection_dag.py
[2024-12-24T20:51:29.045+0000] {processor.py:839} INFO - DAG(s) dict_keys(['main_dag', 'monthly_collection_dag']) retrieved from /opt/airflow/dags/monthly_collection_dag.py
[2024-12-24T20:51:29.070+0000] {logging_mixin.py:151} INFO - [2024-12-24T20:51:29.070+0000] {dag.py:2915} INFO - Sync 2 DAGs
[2024-12-24T20:51:29.087+0000] {logging_mixin.py:151} INFO - [2024-12-24T20:51:29.087+0000] {dag.py:3696} INFO - Setting next_dagrun for main_dag to None, run_after=None
[2024-12-24T20:51:29.093+0000] {logging_mixin.py:151} INFO - [2024-12-24T20:51:29.093+0000] {dag.py:3696} INFO - Setting next_dagrun for monthly_collection_dag to 2024-11-01T08:00:00+00:00, run_after=2024-12-01T08:00:00+00:00
[2024-12-24T20:51:29.109+0000] {processor.py:179} INFO - Processing /opt/airflow/dags/monthly_collection_dag.py took 0.352 seconds
[2024-12-24T20:51:59.379+0000] {processor.py:157} INFO - Started process (PID=1944) to work on /opt/airflow/dags/monthly_collection_dag.py
[2024-12-24T20:51:59.380+0000] {processor.py:829} INFO - Processing file /opt/airflow/dags/monthly_collection_dag.py for tasks to queue
[2024-12-24T20:51:59.380+0000] {logging_mixin.py:151} INFO - [2024-12-24T20:51:59.380+0000] {dagbag.py:539} INFO - Filling up the DagBag from /opt/airflow/dags/monthly_collection_dag.py
[2024-12-24T20:51:59.688+0000] {processor.py:839} INFO - DAG(s) dict_keys(['main_dag', 'monthly_collection_dag']) retrieved from /opt/airflow/dags/monthly_collection_dag.py
[2024-12-24T20:51:59.713+0000] {logging_mixin.py:151} INFO - [2024-12-24T20:51:59.713+0000] {dag.py:2915} INFO - Sync 2 DAGs
[2024-12-24T20:51:59.731+0000] {logging_mixin.py:151} INFO - [2024-12-24T20:51:59.731+0000] {dag.py:3696} INFO - Setting next_dagrun for main_dag to None, run_after=None
[2024-12-24T20:51:59.736+0000] {logging_mixin.py:151} INFO - [2024-12-24T20:51:59.736+0000] {dag.py:3696} INFO - Setting next_dagrun for monthly_collection_dag to 2024-11-01T08:00:00+00:00, run_after=2024-12-01T08:00:00+00:00
[2024-12-24T20:51:59.754+0000] {processor.py:179} INFO - Processing /opt/airflow/dags/monthly_collection_dag.py took 0.378 seconds
[2024-12-24T20:52:30.087+0000] {processor.py:157} INFO - Started process (PID=1979) to work on /opt/airflow/dags/monthly_collection_dag.py
[2024-12-24T20:52:30.088+0000] {processor.py:829} INFO - Processing file /opt/airflow/dags/monthly_collection_dag.py for tasks to queue
[2024-12-24T20:52:30.089+0000] {logging_mixin.py:151} INFO - [2024-12-24T20:52:30.088+0000] {dagbag.py:539} INFO - Filling up the DagBag from /opt/airflow/dags/monthly_collection_dag.py
[2024-12-24T20:52:30.428+0000] {processor.py:839} INFO - DAG(s) dict_keys(['monthly_collection_dag', 'main_dag']) retrieved from /opt/airflow/dags/monthly_collection_dag.py
[2024-12-24T20:52:30.456+0000] {logging_mixin.py:151} INFO - [2024-12-24T20:52:30.456+0000] {dag.py:2915} INFO - Sync 2 DAGs
[2024-12-24T20:52:30.477+0000] {logging_mixin.py:151} INFO - [2024-12-24T20:52:30.477+0000] {dag.py:3696} INFO - Setting next_dagrun for main_dag to None, run_after=None
[2024-12-24T20:52:30.481+0000] {logging_mixin.py:151} INFO - [2024-12-24T20:52:30.481+0000] {dag.py:3696} INFO - Setting next_dagrun for monthly_collection_dag to 2024-11-01T08:00:00+00:00, run_after=2024-12-01T08:00:00+00:00
[2024-12-24T20:52:30.509+0000] {processor.py:179} INFO - Processing /opt/airflow/dags/monthly_collection_dag.py took 0.427 seconds
[2024-12-24T20:53:00.867+0000] {processor.py:157} INFO - Started process (PID=2014) to work on /opt/airflow/dags/monthly_collection_dag.py
[2024-12-24T20:53:00.869+0000] {processor.py:829} INFO - Processing file /opt/airflow/dags/monthly_collection_dag.py for tasks to queue
[2024-12-24T20:53:00.870+0000] {logging_mixin.py:151} INFO - [2024-12-24T20:53:00.870+0000] {dagbag.py:539} INFO - Filling up the DagBag from /opt/airflow/dags/monthly_collection_dag.py
[2024-12-24T20:53:01.202+0000] {processor.py:839} INFO - DAG(s) dict_keys(['monthly_collection_dag', 'main_dag']) retrieved from /opt/airflow/dags/monthly_collection_dag.py
[2024-12-24T20:53:01.232+0000] {logging_mixin.py:151} INFO - [2024-12-24T20:53:01.231+0000] {dag.py:2915} INFO - Sync 2 DAGs
[2024-12-24T20:53:01.256+0000] {logging_mixin.py:151} INFO - [2024-12-24T20:53:01.256+0000] {dag.py:3696} INFO - Setting next_dagrun for main_dag to None, run_after=None
[2024-12-24T20:53:01.261+0000] {logging_mixin.py:151} INFO - [2024-12-24T20:53:01.261+0000] {dag.py:3696} INFO - Setting next_dagrun for monthly_collection_dag to 2024-11-01T08:00:00+00:00, run_after=2024-12-01T08:00:00+00:00
[2024-12-24T20:53:01.283+0000] {processor.py:179} INFO - Processing /opt/airflow/dags/monthly_collection_dag.py took 0.419 seconds
[2024-12-24T20:53:31.326+0000] {processor.py:157} INFO - Started process (PID=2049) to work on /opt/airflow/dags/monthly_collection_dag.py
[2024-12-24T20:53:31.327+0000] {processor.py:829} INFO - Processing file /opt/airflow/dags/monthly_collection_dag.py for tasks to queue
[2024-12-24T20:53:31.328+0000] {logging_mixin.py:151} INFO - [2024-12-24T20:53:31.328+0000] {dagbag.py:539} INFO - Filling up the DagBag from /opt/airflow/dags/monthly_collection_dag.py
[2024-12-24T20:53:31.651+0000] {processor.py:839} INFO - DAG(s) dict_keys(['monthly_collection_dag', 'main_dag']) retrieved from /opt/airflow/dags/monthly_collection_dag.py
[2024-12-24T20:53:31.682+0000] {logging_mixin.py:151} INFO - [2024-12-24T20:53:31.681+0000] {dag.py:2915} INFO - Sync 2 DAGs
[2024-12-24T20:53:31.704+0000] {logging_mixin.py:151} INFO - [2024-12-24T20:53:31.704+0000] {dag.py:3696} INFO - Setting next_dagrun for main_dag to None, run_after=None
[2024-12-24T20:53:31.711+0000] {logging_mixin.py:151} INFO - [2024-12-24T20:53:31.710+0000] {dag.py:3696} INFO - Setting next_dagrun for monthly_collection_dag to 2024-11-01T08:00:00+00:00, run_after=2024-12-01T08:00:00+00:00
[2024-12-24T20:53:31.730+0000] {processor.py:179} INFO - Processing /opt/airflow/dags/monthly_collection_dag.py took 0.407 seconds
[2024-12-24T20:54:02.058+0000] {processor.py:157} INFO - Started process (PID=2084) to work on /opt/airflow/dags/monthly_collection_dag.py
[2024-12-24T20:54:02.060+0000] {processor.py:829} INFO - Processing file /opt/airflow/dags/monthly_collection_dag.py for tasks to queue
[2024-12-24T20:54:02.061+0000] {logging_mixin.py:151} INFO - [2024-12-24T20:54:02.060+0000] {dagbag.py:539} INFO - Filling up the DagBag from /opt/airflow/dags/monthly_collection_dag.py
[2024-12-24T20:54:02.347+0000] {processor.py:839} INFO - DAG(s) dict_keys(['monthly_collection_dag', 'main_dag']) retrieved from /opt/airflow/dags/monthly_collection_dag.py
[2024-12-24T20:54:02.372+0000] {logging_mixin.py:151} INFO - [2024-12-24T20:54:02.371+0000] {dag.py:2915} INFO - Sync 2 DAGs
[2024-12-24T20:54:02.391+0000] {logging_mixin.py:151} INFO - [2024-12-24T20:54:02.390+0000] {dag.py:3696} INFO - Setting next_dagrun for main_dag to None, run_after=None
[2024-12-24T20:54:02.396+0000] {logging_mixin.py:151} INFO - [2024-12-24T20:54:02.396+0000] {dag.py:3696} INFO - Setting next_dagrun for monthly_collection_dag to 2024-11-01T08:00:00+00:00, run_after=2024-12-01T08:00:00+00:00
[2024-12-24T20:54:02.412+0000] {processor.py:179} INFO - Processing /opt/airflow/dags/monthly_collection_dag.py took 0.358 seconds
[2024-12-24T20:54:32.700+0000] {processor.py:157} INFO - Started process (PID=2122) to work on /opt/airflow/dags/monthly_collection_dag.py
[2024-12-24T20:54:32.701+0000] {processor.py:829} INFO - Processing file /opt/airflow/dags/monthly_collection_dag.py for tasks to queue
[2024-12-24T20:54:32.702+0000] {logging_mixin.py:151} INFO - [2024-12-24T20:54:32.702+0000] {dagbag.py:539} INFO - Filling up the DagBag from /opt/airflow/dags/monthly_collection_dag.py
[2024-12-24T20:54:32.990+0000] {processor.py:839} INFO - DAG(s) dict_keys(['monthly_collection_dag', 'main_dag']) retrieved from /opt/airflow/dags/monthly_collection_dag.py
[2024-12-24T20:54:33.020+0000] {logging_mixin.py:151} INFO - [2024-12-24T20:54:33.019+0000] {dag.py:2915} INFO - Sync 2 DAGs
[2024-12-24T20:54:33.040+0000] {logging_mixin.py:151} INFO - [2024-12-24T20:54:33.040+0000] {dag.py:3696} INFO - Setting next_dagrun for main_dag to None, run_after=None
[2024-12-24T20:54:33.045+0000] {logging_mixin.py:151} INFO - [2024-12-24T20:54:33.045+0000] {dag.py:3696} INFO - Setting next_dagrun for monthly_collection_dag to 2024-11-01T08:00:00+00:00, run_after=2024-12-01T08:00:00+00:00
[2024-12-24T20:54:33.071+0000] {processor.py:179} INFO - Processing /opt/airflow/dags/monthly_collection_dag.py took 0.374 seconds
[2024-12-24T20:55:03.449+0000] {processor.py:157} INFO - Started process (PID=2160) to work on /opt/airflow/dags/monthly_collection_dag.py
[2024-12-24T20:55:03.450+0000] {processor.py:829} INFO - Processing file /opt/airflow/dags/monthly_collection_dag.py for tasks to queue
[2024-12-24T20:55:03.451+0000] {logging_mixin.py:151} INFO - [2024-12-24T20:55:03.451+0000] {dagbag.py:539} INFO - Filling up the DagBag from /opt/airflow/dags/monthly_collection_dag.py
[2024-12-24T20:55:03.741+0000] {processor.py:839} INFO - DAG(s) dict_keys(['main_dag', 'monthly_collection_dag']) retrieved from /opt/airflow/dags/monthly_collection_dag.py
[2024-12-24T20:55:03.772+0000] {logging_mixin.py:151} INFO - [2024-12-24T20:55:03.772+0000] {dag.py:2915} INFO - Sync 2 DAGs
[2024-12-24T20:55:03.794+0000] {logging_mixin.py:151} INFO - [2024-12-24T20:55:03.794+0000] {dag.py:3696} INFO - Setting next_dagrun for main_dag to None, run_after=None
[2024-12-24T20:55:03.801+0000] {logging_mixin.py:151} INFO - [2024-12-24T20:55:03.801+0000] {dag.py:3696} INFO - Setting next_dagrun for monthly_collection_dag to 2024-11-01T08:00:00+00:00, run_after=2024-12-01T08:00:00+00:00
[2024-12-24T20:55:03.818+0000] {processor.py:179} INFO - Processing /opt/airflow/dags/monthly_collection_dag.py took 0.373 seconds
[2024-12-24T20:55:34.147+0000] {processor.py:157} INFO - Started process (PID=2195) to work on /opt/airflow/dags/monthly_collection_dag.py
[2024-12-24T20:55:34.148+0000] {processor.py:829} INFO - Processing file /opt/airflow/dags/monthly_collection_dag.py for tasks to queue
[2024-12-24T20:55:34.149+0000] {logging_mixin.py:151} INFO - [2024-12-24T20:55:34.149+0000] {dagbag.py:539} INFO - Filling up the DagBag from /opt/airflow/dags/monthly_collection_dag.py
[2024-12-24T20:55:34.429+0000] {processor.py:839} INFO - DAG(s) dict_keys(['main_dag', 'monthly_collection_dag']) retrieved from /opt/airflow/dags/monthly_collection_dag.py
[2024-12-24T20:55:34.455+0000] {logging_mixin.py:151} INFO - [2024-12-24T20:55:34.455+0000] {dag.py:2915} INFO - Sync 2 DAGs
[2024-12-24T20:55:34.477+0000] {logging_mixin.py:151} INFO - [2024-12-24T20:55:34.476+0000] {dag.py:3696} INFO - Setting next_dagrun for main_dag to None, run_after=None
[2024-12-24T20:55:34.483+0000] {logging_mixin.py:151} INFO - [2024-12-24T20:55:34.482+0000] {dag.py:3696} INFO - Setting next_dagrun for monthly_collection_dag to 2024-11-01T08:00:00+00:00, run_after=2024-12-01T08:00:00+00:00
[2024-12-24T20:55:34.500+0000] {processor.py:179} INFO - Processing /opt/airflow/dags/monthly_collection_dag.py took 0.356 seconds
[2024-12-24T20:56:04.916+0000] {processor.py:157} INFO - Started process (PID=2230) to work on /opt/airflow/dags/monthly_collection_dag.py
[2024-12-24T20:56:04.917+0000] {processor.py:829} INFO - Processing file /opt/airflow/dags/monthly_collection_dag.py for tasks to queue
[2024-12-24T20:56:04.918+0000] {logging_mixin.py:151} INFO - [2024-12-24T20:56:04.918+0000] {dagbag.py:539} INFO - Filling up the DagBag from /opt/airflow/dags/monthly_collection_dag.py
[2024-12-24T20:56:05.213+0000] {processor.py:839} INFO - DAG(s) dict_keys(['main_dag', 'monthly_collection_dag']) retrieved from /opt/airflow/dags/monthly_collection_dag.py
[2024-12-24T20:56:05.240+0000] {logging_mixin.py:151} INFO - [2024-12-24T20:56:05.239+0000] {dag.py:2915} INFO - Sync 2 DAGs
[2024-12-24T20:56:05.259+0000] {logging_mixin.py:151} INFO - [2024-12-24T20:56:05.259+0000] {dag.py:3696} INFO - Setting next_dagrun for main_dag to None, run_after=None
[2024-12-24T20:56:05.263+0000] {logging_mixin.py:151} INFO - [2024-12-24T20:56:05.263+0000] {dag.py:3696} INFO - Setting next_dagrun for monthly_collection_dag to 2024-11-01T08:00:00+00:00, run_after=2024-12-01T08:00:00+00:00
[2024-12-24T20:56:05.277+0000] {processor.py:179} INFO - Processing /opt/airflow/dags/monthly_collection_dag.py took 0.364 seconds
[2024-12-24T20:56:35.539+0000] {processor.py:157} INFO - Started process (PID=2268) to work on /opt/airflow/dags/monthly_collection_dag.py
[2024-12-24T20:56:35.540+0000] {processor.py:829} INFO - Processing file /opt/airflow/dags/monthly_collection_dag.py for tasks to queue
[2024-12-24T20:56:35.541+0000] {logging_mixin.py:151} INFO - [2024-12-24T20:56:35.541+0000] {dagbag.py:539} INFO - Filling up the DagBag from /opt/airflow/dags/monthly_collection_dag.py
[2024-12-24T20:56:35.896+0000] {processor.py:839} INFO - DAG(s) dict_keys(['main_dag', 'monthly_collection_dag']) retrieved from /opt/airflow/dags/monthly_collection_dag.py
[2024-12-24T20:56:35.927+0000] {logging_mixin.py:151} INFO - [2024-12-24T20:56:35.926+0000] {dag.py:2915} INFO - Sync 2 DAGs
[2024-12-24T20:56:35.946+0000] {logging_mixin.py:151} INFO - [2024-12-24T20:56:35.946+0000] {dag.py:3696} INFO - Setting next_dagrun for main_dag to None, run_after=None
[2024-12-24T20:56:35.953+0000] {logging_mixin.py:151} INFO - [2024-12-24T20:56:35.953+0000] {dag.py:3696} INFO - Setting next_dagrun for monthly_collection_dag to 2024-11-01T08:00:00+00:00, run_after=2024-12-01T08:00:00+00:00
[2024-12-24T20:56:35.979+0000] {processor.py:179} INFO - Processing /opt/airflow/dags/monthly_collection_dag.py took 0.443 seconds
[2024-12-24T20:57:06.309+0000] {processor.py:157} INFO - Started process (PID=2303) to work on /opt/airflow/dags/monthly_collection_dag.py
[2024-12-24T20:57:06.309+0000] {processor.py:829} INFO - Processing file /opt/airflow/dags/monthly_collection_dag.py for tasks to queue
[2024-12-24T20:57:06.310+0000] {logging_mixin.py:151} INFO - [2024-12-24T20:57:06.310+0000] {dagbag.py:539} INFO - Filling up the DagBag from /opt/airflow/dags/monthly_collection_dag.py
[2024-12-24T20:57:06.604+0000] {processor.py:839} INFO - DAG(s) dict_keys(['main_dag', 'monthly_collection_dag']) retrieved from /opt/airflow/dags/monthly_collection_dag.py
[2024-12-24T20:57:06.630+0000] {logging_mixin.py:151} INFO - [2024-12-24T20:57:06.630+0000] {dag.py:2915} INFO - Sync 2 DAGs
[2024-12-24T20:57:06.651+0000] {logging_mixin.py:151} INFO - [2024-12-24T20:57:06.651+0000] {dag.py:3696} INFO - Setting next_dagrun for main_dag to None, run_after=None
[2024-12-24T20:57:06.656+0000] {logging_mixin.py:151} INFO - [2024-12-24T20:57:06.656+0000] {dag.py:3696} INFO - Setting next_dagrun for monthly_collection_dag to 2024-11-01T08:00:00+00:00, run_after=2024-12-01T08:00:00+00:00
[2024-12-24T20:57:06.672+0000] {processor.py:179} INFO - Processing /opt/airflow/dags/monthly_collection_dag.py took 0.366 seconds
[2024-12-24T20:57:37.136+0000] {processor.py:157} INFO - Started process (PID=2338) to work on /opt/airflow/dags/monthly_collection_dag.py
[2024-12-24T20:57:37.137+0000] {processor.py:829} INFO - Processing file /opt/airflow/dags/monthly_collection_dag.py for tasks to queue
[2024-12-24T20:57:37.138+0000] {logging_mixin.py:151} INFO - [2024-12-24T20:57:37.137+0000] {dagbag.py:539} INFO - Filling up the DagBag from /opt/airflow/dags/monthly_collection_dag.py
[2024-12-24T20:57:37.411+0000] {processor.py:839} INFO - DAG(s) dict_keys(['monthly_collection_dag', 'main_dag']) retrieved from /opt/airflow/dags/monthly_collection_dag.py
[2024-12-24T20:57:37.436+0000] {logging_mixin.py:151} INFO - [2024-12-24T20:57:37.435+0000] {dag.py:2915} INFO - Sync 2 DAGs
[2024-12-24T20:57:37.454+0000] {logging_mixin.py:151} INFO - [2024-12-24T20:57:37.453+0000] {dag.py:3696} INFO - Setting next_dagrun for main_dag to None, run_after=None
[2024-12-24T20:57:37.458+0000] {logging_mixin.py:151} INFO - [2024-12-24T20:57:37.458+0000] {dag.py:3696} INFO - Setting next_dagrun for monthly_collection_dag to 2024-11-01T08:00:00+00:00, run_after=2024-12-01T08:00:00+00:00
[2024-12-24T20:57:37.490+0000] {processor.py:179} INFO - Processing /opt/airflow/dags/monthly_collection_dag.py took 0.357 seconds
[2024-12-24T20:58:08.006+0000] {processor.py:157} INFO - Started process (PID=2373) to work on /opt/airflow/dags/monthly_collection_dag.py
[2024-12-24T20:58:08.007+0000] {processor.py:829} INFO - Processing file /opt/airflow/dags/monthly_collection_dag.py for tasks to queue
[2024-12-24T20:58:08.008+0000] {logging_mixin.py:151} INFO - [2024-12-24T20:58:08.008+0000] {dagbag.py:539} INFO - Filling up the DagBag from /opt/airflow/dags/monthly_collection_dag.py
[2024-12-24T20:58:08.292+0000] {processor.py:839} INFO - DAG(s) dict_keys(['monthly_collection_dag', 'main_dag']) retrieved from /opt/airflow/dags/monthly_collection_dag.py
[2024-12-24T20:58:08.318+0000] {logging_mixin.py:151} INFO - [2024-12-24T20:58:08.318+0000] {dag.py:2915} INFO - Sync 2 DAGs
[2024-12-24T20:58:08.337+0000] {logging_mixin.py:151} INFO - [2024-12-24T20:58:08.337+0000] {dag.py:3696} INFO - Setting next_dagrun for main_dag to None, run_after=None
[2024-12-24T20:58:08.342+0000] {logging_mixin.py:151} INFO - [2024-12-24T20:58:08.342+0000] {dag.py:3696} INFO - Setting next_dagrun for monthly_collection_dag to 2024-11-01T08:00:00+00:00, run_after=2024-12-01T08:00:00+00:00
[2024-12-24T20:58:08.358+0000] {processor.py:179} INFO - Processing /opt/airflow/dags/monthly_collection_dag.py took 0.355 seconds
[2024-12-24T20:58:38.739+0000] {processor.py:157} INFO - Started process (PID=2408) to work on /opt/airflow/dags/monthly_collection_dag.py
[2024-12-24T20:58:38.740+0000] {processor.py:829} INFO - Processing file /opt/airflow/dags/monthly_collection_dag.py for tasks to queue
[2024-12-24T20:58:38.742+0000] {logging_mixin.py:151} INFO - [2024-12-24T20:58:38.741+0000] {dagbag.py:539} INFO - Filling up the DagBag from /opt/airflow/dags/monthly_collection_dag.py
[2024-12-24T20:58:39.071+0000] {processor.py:839} INFO - DAG(s) dict_keys(['main_dag', 'monthly_collection_dag']) retrieved from /opt/airflow/dags/monthly_collection_dag.py
[2024-12-24T20:58:39.100+0000] {logging_mixin.py:151} INFO - [2024-12-24T20:58:39.099+0000] {dag.py:2915} INFO - Sync 2 DAGs
[2024-12-24T20:58:39.123+0000] {logging_mixin.py:151} INFO - [2024-12-24T20:58:39.123+0000] {dag.py:3696} INFO - Setting next_dagrun for main_dag to None, run_after=None
[2024-12-24T20:58:39.130+0000] {logging_mixin.py:151} INFO - [2024-12-24T20:58:39.130+0000] {dag.py:3696} INFO - Setting next_dagrun for monthly_collection_dag to 2024-11-01T08:00:00+00:00, run_after=2024-12-01T08:00:00+00:00
[2024-12-24T20:58:39.151+0000] {processor.py:179} INFO - Processing /opt/airflow/dags/monthly_collection_dag.py took 0.414 seconds
[2024-12-24T20:59:09.567+0000] {processor.py:157} INFO - Started process (PID=2443) to work on /opt/airflow/dags/monthly_collection_dag.py
[2024-12-24T20:59:09.568+0000] {processor.py:829} INFO - Processing file /opt/airflow/dags/monthly_collection_dag.py for tasks to queue
[2024-12-24T20:59:09.569+0000] {logging_mixin.py:151} INFO - [2024-12-24T20:59:09.569+0000] {dagbag.py:539} INFO - Filling up the DagBag from /opt/airflow/dags/monthly_collection_dag.py
[2024-12-24T20:59:09.896+0000] {processor.py:839} INFO - DAG(s) dict_keys(['main_dag', 'monthly_collection_dag']) retrieved from /opt/airflow/dags/monthly_collection_dag.py
[2024-12-24T20:59:09.926+0000] {logging_mixin.py:151} INFO - [2024-12-24T20:59:09.925+0000] {dag.py:2915} INFO - Sync 2 DAGs
[2024-12-24T20:59:09.947+0000] {logging_mixin.py:151} INFO - [2024-12-24T20:59:09.947+0000] {dag.py:3696} INFO - Setting next_dagrun for main_dag to None, run_after=None
[2024-12-24T20:59:10.068+0000] {logging_mixin.py:151} INFO - [2024-12-24T20:59:10.068+0000] {dag.py:3696} INFO - Setting next_dagrun for monthly_collection_dag to 2024-11-01T08:00:00+00:00, run_after=2024-12-01T08:00:00+00:00
[2024-12-24T20:59:10.093+0000] {processor.py:179} INFO - Processing /opt/airflow/dags/monthly_collection_dag.py took 0.529 seconds
[2024-12-24T20:59:40.449+0000] {processor.py:157} INFO - Started process (PID=2484) to work on /opt/airflow/dags/monthly_collection_dag.py
[2024-12-24T20:59:40.450+0000] {processor.py:829} INFO - Processing file /opt/airflow/dags/monthly_collection_dag.py for tasks to queue
[2024-12-24T20:59:40.451+0000] {logging_mixin.py:151} INFO - [2024-12-24T20:59:40.451+0000] {dagbag.py:539} INFO - Filling up the DagBag from /opt/airflow/dags/monthly_collection_dag.py
[2024-12-24T20:59:40.778+0000] {processor.py:839} INFO - DAG(s) dict_keys(['main_dag', 'monthly_collection_dag']) retrieved from /opt/airflow/dags/monthly_collection_dag.py
[2024-12-24T20:59:40.806+0000] {logging_mixin.py:151} INFO - [2024-12-24T20:59:40.805+0000] {dag.py:2915} INFO - Sync 2 DAGs
[2024-12-24T20:59:40.825+0000] {logging_mixin.py:151} INFO - [2024-12-24T20:59:40.825+0000] {dag.py:3696} INFO - Setting next_dagrun for main_dag to None, run_after=None
[2024-12-24T20:59:40.829+0000] {logging_mixin.py:151} INFO - [2024-12-24T20:59:40.829+0000] {dag.py:3696} INFO - Setting next_dagrun for monthly_collection_dag to 2024-11-01T08:00:00+00:00, run_after=2024-12-01T08:00:00+00:00
[2024-12-24T20:59:40.855+0000] {processor.py:179} INFO - Processing /opt/airflow/dags/monthly_collection_dag.py took 0.409 seconds
[2024-12-24T21:00:11.279+0000] {processor.py:157} INFO - Started process (PID=2534) to work on /opt/airflow/dags/monthly_collection_dag.py
[2024-12-24T21:00:11.280+0000] {processor.py:829} INFO - Processing file /opt/airflow/dags/monthly_collection_dag.py for tasks to queue
[2024-12-24T21:00:11.280+0000] {logging_mixin.py:151} INFO - [2024-12-24T21:00:11.280+0000] {dagbag.py:539} INFO - Filling up the DagBag from /opt/airflow/dags/monthly_collection_dag.py
[2024-12-24T21:00:11.571+0000] {processor.py:839} INFO - DAG(s) dict_keys(['main_dag', 'monthly_collection_dag']) retrieved from /opt/airflow/dags/monthly_collection_dag.py
[2024-12-24T21:00:11.599+0000] {logging_mixin.py:151} INFO - [2024-12-24T21:00:11.598+0000] {dag.py:2915} INFO - Sync 2 DAGs
[2024-12-24T21:00:11.620+0000] {logging_mixin.py:151} INFO - [2024-12-24T21:00:11.620+0000] {dag.py:3696} INFO - Setting next_dagrun for main_dag to None, run_after=None
[2024-12-24T21:00:11.720+0000] {logging_mixin.py:151} INFO - [2024-12-24T21:00:11.720+0000] {dag.py:3696} INFO - Setting next_dagrun for monthly_collection_dag to 2024-11-01T08:00:00+00:00, run_after=2024-12-01T08:00:00+00:00
[2024-12-24T21:00:11.765+0000] {processor.py:179} INFO - Processing /opt/airflow/dags/monthly_collection_dag.py took 0.490 seconds
[2024-12-24T21:00:42.033+0000] {processor.py:157} INFO - Started process (PID=2569) to work on /opt/airflow/dags/monthly_collection_dag.py
[2024-12-24T21:00:42.034+0000] {processor.py:829} INFO - Processing file /opt/airflow/dags/monthly_collection_dag.py for tasks to queue
[2024-12-24T21:00:42.035+0000] {logging_mixin.py:151} INFO - [2024-12-24T21:00:42.035+0000] {dagbag.py:539} INFO - Filling up the DagBag from /opt/airflow/dags/monthly_collection_dag.py
[2024-12-24T21:00:42.332+0000] {processor.py:839} INFO - DAG(s) dict_keys(['monthly_collection_dag', 'main_dag']) retrieved from /opt/airflow/dags/monthly_collection_dag.py
[2024-12-24T21:00:42.363+0000] {logging_mixin.py:151} INFO - [2024-12-24T21:00:42.363+0000] {dag.py:2915} INFO - Sync 2 DAGs
[2024-12-24T21:00:42.383+0000] {logging_mixin.py:151} INFO - [2024-12-24T21:00:42.383+0000] {dag.py:3696} INFO - Setting next_dagrun for main_dag to None, run_after=None
[2024-12-24T21:00:42.388+0000] {logging_mixin.py:151} INFO - [2024-12-24T21:00:42.388+0000] {dag.py:3696} INFO - Setting next_dagrun for monthly_collection_dag to 2024-11-01T08:00:00+00:00, run_after=2024-12-01T08:00:00+00:00
[2024-12-24T21:00:42.405+0000] {processor.py:179} INFO - Processing /opt/airflow/dags/monthly_collection_dag.py took 0.374 seconds
[2024-12-24T21:01:12.805+0000] {processor.py:157} INFO - Started process (PID=2604) to work on /opt/airflow/dags/monthly_collection_dag.py
[2024-12-24T21:01:12.806+0000] {processor.py:829} INFO - Processing file /opt/airflow/dags/monthly_collection_dag.py for tasks to queue
[2024-12-24T21:01:12.807+0000] {logging_mixin.py:151} INFO - [2024-12-24T21:01:12.807+0000] {dagbag.py:539} INFO - Filling up the DagBag from /opt/airflow/dags/monthly_collection_dag.py
[2024-12-24T21:01:13.175+0000] {processor.py:839} INFO - DAG(s) dict_keys(['main_dag', 'monthly_collection_dag']) retrieved from /opt/airflow/dags/monthly_collection_dag.py
[2024-12-24T21:01:13.214+0000] {logging_mixin.py:151} INFO - [2024-12-24T21:01:13.213+0000] {dag.py:2915} INFO - Sync 2 DAGs
[2024-12-24T21:01:13.238+0000] {logging_mixin.py:151} INFO - [2024-12-24T21:01:13.238+0000] {dag.py:3696} INFO - Setting next_dagrun for main_dag to None, run_after=None
[2024-12-24T21:01:13.246+0000] {logging_mixin.py:151} INFO - [2024-12-24T21:01:13.246+0000] {dag.py:3696} INFO - Setting next_dagrun for monthly_collection_dag to 2024-11-01T08:00:00+00:00, run_after=2024-12-01T08:00:00+00:00
[2024-12-24T21:01:13.402+0000] {processor.py:179} INFO - Processing /opt/airflow/dags/monthly_collection_dag.py took 0.600 seconds
[2024-12-24T21:01:43.472+0000] {processor.py:157} INFO - Started process (PID=2639) to work on /opt/airflow/dags/monthly_collection_dag.py
[2024-12-24T21:01:43.473+0000] {processor.py:829} INFO - Processing file /opt/airflow/dags/monthly_collection_dag.py for tasks to queue
[2024-12-24T21:01:43.474+0000] {logging_mixin.py:151} INFO - [2024-12-24T21:01:43.473+0000] {dagbag.py:539} INFO - Filling up the DagBag from /opt/airflow/dags/monthly_collection_dag.py
[2024-12-24T21:01:43.785+0000] {processor.py:839} INFO - DAG(s) dict_keys(['main_dag', 'monthly_collection_dag']) retrieved from /opt/airflow/dags/monthly_collection_dag.py
[2024-12-24T21:01:43.811+0000] {logging_mixin.py:151} INFO - [2024-12-24T21:01:43.810+0000] {dag.py:2915} INFO - Sync 2 DAGs
[2024-12-24T21:01:43.831+0000] {logging_mixin.py:151} INFO - [2024-12-24T21:01:43.831+0000] {dag.py:3696} INFO - Setting next_dagrun for main_dag to None, run_after=None
[2024-12-24T21:01:43.837+0000] {logging_mixin.py:151} INFO - [2024-12-24T21:01:43.837+0000] {dag.py:3696} INFO - Setting next_dagrun for monthly_collection_dag to 2024-11-01T08:00:00+00:00, run_after=2024-12-01T08:00:00+00:00
[2024-12-24T21:01:43.863+0000] {processor.py:179} INFO - Processing /opt/airflow/dags/monthly_collection_dag.py took 0.394 seconds
[2024-12-24T21:02:14.101+0000] {processor.py:157} INFO - Started process (PID=2674) to work on /opt/airflow/dags/monthly_collection_dag.py
[2024-12-24T21:02:14.102+0000] {processor.py:829} INFO - Processing file /opt/airflow/dags/monthly_collection_dag.py for tasks to queue
[2024-12-24T21:02:14.103+0000] {logging_mixin.py:151} INFO - [2024-12-24T21:02:14.103+0000] {dagbag.py:539} INFO - Filling up the DagBag from /opt/airflow/dags/monthly_collection_dag.py
[2024-12-24T21:02:14.390+0000] {processor.py:839} INFO - DAG(s) dict_keys(['main_dag', 'monthly_collection_dag']) retrieved from /opt/airflow/dags/monthly_collection_dag.py
[2024-12-24T21:02:14.417+0000] {logging_mixin.py:151} INFO - [2024-12-24T21:02:14.416+0000] {dag.py:2915} INFO - Sync 2 DAGs
[2024-12-24T21:02:14.436+0000] {logging_mixin.py:151} INFO - [2024-12-24T21:02:14.436+0000] {dag.py:3696} INFO - Setting next_dagrun for main_dag to None, run_after=None
[2024-12-24T21:02:14.441+0000] {logging_mixin.py:151} INFO - [2024-12-24T21:02:14.441+0000] {dag.py:3696} INFO - Setting next_dagrun for monthly_collection_dag to 2024-11-01T08:00:00+00:00, run_after=2024-12-01T08:00:00+00:00
[2024-12-24T21:02:14.457+0000] {processor.py:179} INFO - Processing /opt/airflow/dags/monthly_collection_dag.py took 0.359 seconds
[2024-12-24T21:02:45.039+0000] {processor.py:157} INFO - Started process (PID=2709) to work on /opt/airflow/dags/monthly_collection_dag.py
[2024-12-24T21:02:45.040+0000] {processor.py:829} INFO - Processing file /opt/airflow/dags/monthly_collection_dag.py for tasks to queue
[2024-12-24T21:02:45.041+0000] {logging_mixin.py:151} INFO - [2024-12-24T21:02:45.040+0000] {dagbag.py:539} INFO - Filling up the DagBag from /opt/airflow/dags/monthly_collection_dag.py
[2024-12-24T21:02:45.323+0000] {processor.py:839} INFO - DAG(s) dict_keys(['main_dag', 'monthly_collection_dag']) retrieved from /opt/airflow/dags/monthly_collection_dag.py
[2024-12-24T21:02:45.348+0000] {logging_mixin.py:151} INFO - [2024-12-24T21:02:45.348+0000] {dag.py:2915} INFO - Sync 2 DAGs
[2024-12-24T21:02:45.462+0000] {logging_mixin.py:151} INFO - [2024-12-24T21:02:45.462+0000] {dag.py:3696} INFO - Setting next_dagrun for main_dag to None, run_after=None
[2024-12-24T21:02:45.467+0000] {logging_mixin.py:151} INFO - [2024-12-24T21:02:45.467+0000] {dag.py:3696} INFO - Setting next_dagrun for monthly_collection_dag to 2024-11-01T08:00:00+00:00, run_after=2024-12-01T08:00:00+00:00
[2024-12-24T21:02:45.494+0000] {processor.py:179} INFO - Processing /opt/airflow/dags/monthly_collection_dag.py took 0.457 seconds
[2024-12-24T21:03:15.568+0000] {processor.py:157} INFO - Started process (PID=2744) to work on /opt/airflow/dags/monthly_collection_dag.py
[2024-12-24T21:03:15.569+0000] {processor.py:829} INFO - Processing file /opt/airflow/dags/monthly_collection_dag.py for tasks to queue
[2024-12-24T21:03:15.570+0000] {logging_mixin.py:151} INFO - [2024-12-24T21:03:15.570+0000] {dagbag.py:539} INFO - Filling up the DagBag from /opt/airflow/dags/monthly_collection_dag.py
[2024-12-24T21:03:15.882+0000] {processor.py:839} INFO - DAG(s) dict_keys(['monthly_collection_dag', 'main_dag']) retrieved from /opt/airflow/dags/monthly_collection_dag.py
[2024-12-24T21:03:15.909+0000] {logging_mixin.py:151} INFO - [2024-12-24T21:03:15.909+0000] {dag.py:2915} INFO - Sync 2 DAGs
[2024-12-24T21:03:15.927+0000] {logging_mixin.py:151} INFO - [2024-12-24T21:03:15.927+0000] {dag.py:3696} INFO - Setting next_dagrun for main_dag to None, run_after=None
[2024-12-24T21:03:15.932+0000] {logging_mixin.py:151} INFO - [2024-12-24T21:03:15.931+0000] {dag.py:3696} INFO - Setting next_dagrun for monthly_collection_dag to 2024-11-01T08:00:00+00:00, run_after=2024-12-01T08:00:00+00:00
[2024-12-24T21:03:15.948+0000] {processor.py:179} INFO - Processing /opt/airflow/dags/monthly_collection_dag.py took 0.384 seconds
[2024-12-24T21:03:46.348+0000] {processor.py:157} INFO - Started process (PID=2779) to work on /opt/airflow/dags/monthly_collection_dag.py
[2024-12-24T21:03:46.349+0000] {processor.py:829} INFO - Processing file /opt/airflow/dags/monthly_collection_dag.py for tasks to queue
[2024-12-24T21:03:46.349+0000] {logging_mixin.py:151} INFO - [2024-12-24T21:03:46.349+0000] {dagbag.py:539} INFO - Filling up the DagBag from /opt/airflow/dags/monthly_collection_dag.py
[2024-12-24T21:03:46.629+0000] {processor.py:839} INFO - DAG(s) dict_keys(['main_dag', 'monthly_collection_dag']) retrieved from /opt/airflow/dags/monthly_collection_dag.py
[2024-12-24T21:03:46.656+0000] {logging_mixin.py:151} INFO - [2024-12-24T21:03:46.656+0000] {dag.py:2915} INFO - Sync 2 DAGs
[2024-12-24T21:03:46.763+0000] {logging_mixin.py:151} INFO - [2024-12-24T21:03:46.762+0000] {dag.py:3696} INFO - Setting next_dagrun for main_dag to None, run_after=None
[2024-12-24T21:03:46.767+0000] {logging_mixin.py:151} INFO - [2024-12-24T21:03:46.767+0000] {dag.py:3696} INFO - Setting next_dagrun for monthly_collection_dag to 2024-11-01T08:00:00+00:00, run_after=2024-12-01T08:00:00+00:00
[2024-12-24T21:03:46.804+0000] {processor.py:179} INFO - Processing /opt/airflow/dags/monthly_collection_dag.py took 0.459 seconds
[2024-12-24T21:04:16.991+0000] {processor.py:157} INFO - Started process (PID=2820) to work on /opt/airflow/dags/monthly_collection_dag.py
[2024-12-24T21:04:16.991+0000] {processor.py:829} INFO - Processing file /opt/airflow/dags/monthly_collection_dag.py for tasks to queue
[2024-12-24T21:04:16.992+0000] {logging_mixin.py:151} INFO - [2024-12-24T21:04:16.992+0000] {dagbag.py:539} INFO - Filling up the DagBag from /opt/airflow/dags/monthly_collection_dag.py
[2024-12-24T21:04:17.309+0000] {processor.py:839} INFO - DAG(s) dict_keys(['main_dag', 'monthly_collection_dag']) retrieved from /opt/airflow/dags/monthly_collection_dag.py
[2024-12-24T21:04:17.352+0000] {logging_mixin.py:151} INFO - [2024-12-24T21:04:17.351+0000] {dag.py:2915} INFO - Sync 2 DAGs
[2024-12-24T21:04:17.390+0000] {logging_mixin.py:151} INFO - [2024-12-24T21:04:17.390+0000] {dag.py:3696} INFO - Setting next_dagrun for main_dag to None, run_after=None
[2024-12-24T21:04:17.405+0000] {logging_mixin.py:151} INFO - [2024-12-24T21:04:17.404+0000] {dag.py:3696} INFO - Setting next_dagrun for monthly_collection_dag to 2024-11-01T08:00:00+00:00, run_after=2024-12-01T08:00:00+00:00
[2024-12-24T21:04:17.588+0000] {processor.py:179} INFO - Processing /opt/airflow/dags/monthly_collection_dag.py took 0.600 seconds
[2024-12-24T21:04:48.012+0000] {processor.py:157} INFO - Started process (PID=2867) to work on /opt/airflow/dags/monthly_collection_dag.py
[2024-12-24T21:04:48.013+0000] {processor.py:829} INFO - Processing file /opt/airflow/dags/monthly_collection_dag.py for tasks to queue
[2024-12-24T21:04:48.014+0000] {logging_mixin.py:151} INFO - [2024-12-24T21:04:48.014+0000] {dagbag.py:539} INFO - Filling up the DagBag from /opt/airflow/dags/monthly_collection_dag.py
[2024-12-24T21:04:48.359+0000] {processor.py:839} INFO - DAG(s) dict_keys(['monthly_collection_dag', 'main_dag']) retrieved from /opt/airflow/dags/monthly_collection_dag.py
[2024-12-24T21:04:48.391+0000] {logging_mixin.py:151} INFO - [2024-12-24T21:04:48.391+0000] {dag.py:2915} INFO - Sync 2 DAGs
[2024-12-24T21:04:48.512+0000] {logging_mixin.py:151} INFO - [2024-12-24T21:04:48.512+0000] {dag.py:3696} INFO - Setting next_dagrun for main_dag to None, run_after=None
[2024-12-24T21:04:48.517+0000] {logging_mixin.py:151} INFO - [2024-12-24T21:04:48.516+0000] {dag.py:3696} INFO - Setting next_dagrun for monthly_collection_dag to 2024-11-01T08:00:00+00:00, run_after=2024-12-01T08:00:00+00:00
[2024-12-24T21:04:48.533+0000] {processor.py:179} INFO - Processing /opt/airflow/dags/monthly_collection_dag.py took 0.525 seconds
[2024-12-24T21:05:19.052+0000] {processor.py:157} INFO - Started process (PID=2905) to work on /opt/airflow/dags/monthly_collection_dag.py
[2024-12-24T21:05:19.053+0000] {processor.py:829} INFO - Processing file /opt/airflow/dags/monthly_collection_dag.py for tasks to queue
[2024-12-24T21:05:19.054+0000] {logging_mixin.py:151} INFO - [2024-12-24T21:05:19.053+0000] {dagbag.py:539} INFO - Filling up the DagBag from /opt/airflow/dags/monthly_collection_dag.py
[2024-12-24T21:05:19.404+0000] {processor.py:839} INFO - DAG(s) dict_keys(['monthly_collection_dag', 'main_dag']) retrieved from /opt/airflow/dags/monthly_collection_dag.py
[2024-12-24T21:05:19.433+0000] {logging_mixin.py:151} INFO - [2024-12-24T21:05:19.433+0000] {dag.py:2915} INFO - Sync 2 DAGs
[2024-12-24T21:05:19.456+0000] {logging_mixin.py:151} INFO - [2024-12-24T21:05:19.456+0000] {dag.py:3696} INFO - Setting next_dagrun for main_dag to None, run_after=None
[2024-12-24T21:05:19.462+0000] {logging_mixin.py:151} INFO - [2024-12-24T21:05:19.462+0000] {dag.py:3696} INFO - Setting next_dagrun for monthly_collection_dag to 2024-11-01T08:00:00+00:00, run_after=2024-12-01T08:00:00+00:00
[2024-12-24T21:05:19.481+0000] {processor.py:179} INFO - Processing /opt/airflow/dags/monthly_collection_dag.py took 0.433 seconds
[2024-12-24T21:05:49.976+0000] {processor.py:157} INFO - Started process (PID=2940) to work on /opt/airflow/dags/monthly_collection_dag.py
[2024-12-24T21:05:49.977+0000] {processor.py:829} INFO - Processing file /opt/airflow/dags/monthly_collection_dag.py for tasks to queue
[2024-12-24T21:05:49.978+0000] {logging_mixin.py:151} INFO - [2024-12-24T21:05:49.977+0000] {dagbag.py:539} INFO - Filling up the DagBag from /opt/airflow/dags/monthly_collection_dag.py
[2024-12-24T21:05:50.263+0000] {processor.py:839} INFO - DAG(s) dict_keys(['monthly_collection_dag', 'main_dag']) retrieved from /opt/airflow/dags/monthly_collection_dag.py
[2024-12-24T21:05:50.288+0000] {logging_mixin.py:151} INFO - [2024-12-24T21:05:50.287+0000] {dag.py:2915} INFO - Sync 2 DAGs
[2024-12-24T21:05:50.400+0000] {logging_mixin.py:151} INFO - [2024-12-24T21:05:50.400+0000] {dag.py:3696} INFO - Setting next_dagrun for main_dag to None, run_after=None
[2024-12-24T21:05:50.405+0000] {logging_mixin.py:151} INFO - [2024-12-24T21:05:50.405+0000] {dag.py:3696} INFO - Setting next_dagrun for monthly_collection_dag to 2024-11-01T08:00:00+00:00, run_after=2024-12-01T08:00:00+00:00
[2024-12-24T21:05:50.421+0000] {processor.py:179} INFO - Processing /opt/airflow/dags/monthly_collection_dag.py took 0.448 seconds
[2024-12-24T21:06:20.778+0000] {processor.py:157} INFO - Started process (PID=2975) to work on /opt/airflow/dags/monthly_collection_dag.py
[2024-12-24T21:06:20.779+0000] {processor.py:829} INFO - Processing file /opt/airflow/dags/monthly_collection_dag.py for tasks to queue
[2024-12-24T21:06:20.780+0000] {logging_mixin.py:151} INFO - [2024-12-24T21:06:20.780+0000] {dagbag.py:539} INFO - Filling up the DagBag from /opt/airflow/dags/monthly_collection_dag.py
[2024-12-24T21:06:21.111+0000] {processor.py:839} INFO - DAG(s) dict_keys(['main_dag', 'monthly_collection_dag']) retrieved from /opt/airflow/dags/monthly_collection_dag.py
[2024-12-24T21:06:21.142+0000] {logging_mixin.py:151} INFO - [2024-12-24T21:06:21.142+0000] {dag.py:2915} INFO - Sync 2 DAGs
[2024-12-24T21:06:21.165+0000] {logging_mixin.py:151} INFO - [2024-12-24T21:06:21.164+0000] {dag.py:3696} INFO - Setting next_dagrun for main_dag to None, run_after=None
[2024-12-24T21:06:21.170+0000] {logging_mixin.py:151} INFO - [2024-12-24T21:06:21.170+0000] {dag.py:3696} INFO - Setting next_dagrun for monthly_collection_dag to 2024-11-01T08:00:00+00:00, run_after=2024-12-01T08:00:00+00:00
[2024-12-24T21:06:21.188+0000] {processor.py:179} INFO - Processing /opt/airflow/dags/monthly_collection_dag.py took 0.414 seconds
[2024-12-24T21:06:51.653+0000] {processor.py:157} INFO - Started process (PID=3013) to work on /opt/airflow/dags/monthly_collection_dag.py
[2024-12-24T21:06:51.654+0000] {processor.py:829} INFO - Processing file /opt/airflow/dags/monthly_collection_dag.py for tasks to queue
[2024-12-24T21:06:51.655+0000] {logging_mixin.py:151} INFO - [2024-12-24T21:06:51.654+0000] {dagbag.py:539} INFO - Filling up the DagBag from /opt/airflow/dags/monthly_collection_dag.py
[2024-12-24T21:06:51.968+0000] {processor.py:839} INFO - DAG(s) dict_keys(['main_dag', 'monthly_collection_dag']) retrieved from /opt/airflow/dags/monthly_collection_dag.py
[2024-12-24T21:06:52.003+0000] {logging_mixin.py:151} INFO - [2024-12-24T21:06:52.002+0000] {dag.py:2915} INFO - Sync 2 DAGs
[2024-12-24T21:06:52.151+0000] {logging_mixin.py:151} INFO - [2024-12-24T21:06:52.151+0000] {dag.py:3696} INFO - Setting next_dagrun for main_dag to None, run_after=None
[2024-12-24T21:06:52.156+0000] {logging_mixin.py:151} INFO - [2024-12-24T21:06:52.156+0000] {dag.py:3696} INFO - Setting next_dagrun for monthly_collection_dag to 2024-11-01T08:00:00+00:00, run_after=2024-12-01T08:00:00+00:00
[2024-12-24T21:06:52.174+0000] {processor.py:179} INFO - Processing /opt/airflow/dags/monthly_collection_dag.py took 0.524 seconds
[2024-12-24T21:07:22.212+0000] {processor.py:157} INFO - Started process (PID=3048) to work on /opt/airflow/dags/monthly_collection_dag.py
[2024-12-24T21:07:22.213+0000] {processor.py:829} INFO - Processing file /opt/airflow/dags/monthly_collection_dag.py for tasks to queue
[2024-12-24T21:07:22.214+0000] {logging_mixin.py:151} INFO - [2024-12-24T21:07:22.214+0000] {dagbag.py:539} INFO - Filling up the DagBag from /opt/airflow/dags/monthly_collection_dag.py
[2024-12-24T21:07:22.511+0000] {processor.py:839} INFO - DAG(s) dict_keys(['monthly_collection_dag', 'main_dag']) retrieved from /opt/airflow/dags/monthly_collection_dag.py
[2024-12-24T21:07:22.539+0000] {logging_mixin.py:151} INFO - [2024-12-24T21:07:22.539+0000] {dag.py:2915} INFO - Sync 2 DAGs
[2024-12-24T21:07:22.558+0000] {logging_mixin.py:151} INFO - [2024-12-24T21:07:22.557+0000] {dag.py:3696} INFO - Setting next_dagrun for main_dag to None, run_after=None
[2024-12-24T21:07:22.562+0000] {logging_mixin.py:151} INFO - [2024-12-24T21:07:22.562+0000] {dag.py:3696} INFO - Setting next_dagrun for monthly_collection_dag to 2024-11-01T08:00:00+00:00, run_after=2024-12-01T08:00:00+00:00
[2024-12-24T21:07:22.589+0000] {processor.py:179} INFO - Processing /opt/airflow/dags/monthly_collection_dag.py took 0.380 seconds
[2024-12-24T21:07:53.090+0000] {processor.py:157} INFO - Started process (PID=3083) to work on /opt/airflow/dags/monthly_collection_dag.py
[2024-12-24T21:07:53.091+0000] {processor.py:829} INFO - Processing file /opt/airflow/dags/monthly_collection_dag.py for tasks to queue
[2024-12-24T21:07:53.092+0000] {logging_mixin.py:151} INFO - [2024-12-24T21:07:53.091+0000] {dagbag.py:539} INFO - Filling up the DagBag from /opt/airflow/dags/monthly_collection_dag.py
[2024-12-24T21:07:53.377+0000] {processor.py:839} INFO - DAG(s) dict_keys(['monthly_collection_dag', 'main_dag']) retrieved from /opt/airflow/dags/monthly_collection_dag.py
[2024-12-24T21:07:53.403+0000] {logging_mixin.py:151} INFO - [2024-12-24T21:07:53.402+0000] {dag.py:2915} INFO - Sync 2 DAGs
[2024-12-24T21:07:53.510+0000] {logging_mixin.py:151} INFO - [2024-12-24T21:07:53.509+0000] {dag.py:3696} INFO - Setting next_dagrun for main_dag to None, run_after=None
[2024-12-24T21:07:53.514+0000] {logging_mixin.py:151} INFO - [2024-12-24T21:07:53.514+0000] {dag.py:3696} INFO - Setting next_dagrun for monthly_collection_dag to 2024-11-01T08:00:00+00:00, run_after=2024-12-01T08:00:00+00:00
[2024-12-24T21:07:53.543+0000] {processor.py:179} INFO - Processing /opt/airflow/dags/monthly_collection_dag.py took 0.455 seconds
[2024-12-24T21:08:23.917+0000] {processor.py:157} INFO - Started process (PID=3118) to work on /opt/airflow/dags/monthly_collection_dag.py
[2024-12-24T21:08:23.918+0000] {processor.py:829} INFO - Processing file /opt/airflow/dags/monthly_collection_dag.py for tasks to queue
[2024-12-24T21:08:23.919+0000] {logging_mixin.py:151} INFO - [2024-12-24T21:08:23.919+0000] {dagbag.py:539} INFO - Filling up the DagBag from /opt/airflow/dags/monthly_collection_dag.py
[2024-12-24T21:08:24.201+0000] {processor.py:839} INFO - DAG(s) dict_keys(['monthly_collection_dag', 'main_dag']) retrieved from /opt/airflow/dags/monthly_collection_dag.py
[2024-12-24T21:08:24.323+0000] {logging_mixin.py:151} INFO - [2024-12-24T21:08:24.323+0000] {dag.py:2915} INFO - Sync 2 DAGs
[2024-12-24T21:08:24.340+0000] {logging_mixin.py:151} INFO - [2024-12-24T21:08:24.340+0000] {dag.py:3696} INFO - Setting next_dagrun for main_dag to None, run_after=None
[2024-12-24T21:08:24.344+0000] {logging_mixin.py:151} INFO - [2024-12-24T21:08:24.344+0000] {dag.py:3696} INFO - Setting next_dagrun for monthly_collection_dag to 2024-11-01T08:00:00+00:00, run_after=2024-12-01T08:00:00+00:00
[2024-12-24T21:08:24.370+0000] {processor.py:179} INFO - Processing /opt/airflow/dags/monthly_collection_dag.py took 0.455 seconds
[2024-12-24T21:08:54.873+0000] {processor.py:157} INFO - Started process (PID=3153) to work on /opt/airflow/dags/monthly_collection_dag.py
[2024-12-24T21:08:54.874+0000] {processor.py:829} INFO - Processing file /opt/airflow/dags/monthly_collection_dag.py for tasks to queue
[2024-12-24T21:08:54.875+0000] {logging_mixin.py:151} INFO - [2024-12-24T21:08:54.875+0000] {dagbag.py:539} INFO - Filling up the DagBag from /opt/airflow/dags/monthly_collection_dag.py
[2024-12-24T21:08:55.159+0000] {processor.py:839} INFO - DAG(s) dict_keys(['monthly_collection_dag', 'main_dag']) retrieved from /opt/airflow/dags/monthly_collection_dag.py
[2024-12-24T21:08:55.184+0000] {logging_mixin.py:151} INFO - [2024-12-24T21:08:55.184+0000] {dag.py:2915} INFO - Sync 2 DAGs
[2024-12-24T21:08:55.286+0000] {logging_mixin.py:151} INFO - [2024-12-24T21:08:55.286+0000] {dag.py:3696} INFO - Setting next_dagrun for main_dag to None, run_after=None
[2024-12-24T21:08:55.291+0000] {logging_mixin.py:151} INFO - [2024-12-24T21:08:55.291+0000] {dag.py:3696} INFO - Setting next_dagrun for monthly_collection_dag to 2024-11-01T08:00:00+00:00, run_after=2024-12-01T08:00:00+00:00
[2024-12-24T21:08:55.316+0000] {processor.py:179} INFO - Processing /opt/airflow/dags/monthly_collection_dag.py took 0.446 seconds
[2024-12-24T21:09:25.383+0000] {processor.py:157} INFO - Started process (PID=3209) to work on /opt/airflow/dags/monthly_collection_dag.py
[2024-12-24T21:09:25.384+0000] {processor.py:829} INFO - Processing file /opt/airflow/dags/monthly_collection_dag.py for tasks to queue
[2024-12-24T21:09:25.385+0000] {logging_mixin.py:151} INFO - [2024-12-24T21:09:25.385+0000] {dagbag.py:539} INFO - Filling up the DagBag from /opt/airflow/dags/monthly_collection_dag.py
[2024-12-24T21:09:25.862+0000] {processor.py:839} INFO - DAG(s) dict_keys(['main_dag', 'monthly_collection_dag']) retrieved from /opt/airflow/dags/monthly_collection_dag.py
[2024-12-24T21:09:25.906+0000] {logging_mixin.py:151} INFO - [2024-12-24T21:09:25.905+0000] {dag.py:2915} INFO - Sync 2 DAGs
[2024-12-24T21:09:25.931+0000] {logging_mixin.py:151} INFO - [2024-12-24T21:09:25.931+0000] {dag.py:3696} INFO - Setting next_dagrun for main_dag to None, run_after=None
[2024-12-24T21:09:25.936+0000] {logging_mixin.py:151} INFO - [2024-12-24T21:09:25.936+0000] {dag.py:3696} INFO - Setting next_dagrun for monthly_collection_dag to 2024-11-01T08:00:00+00:00, run_after=2024-12-01T08:00:00+00:00
[2024-12-24T21:09:25.953+0000] {processor.py:179} INFO - Processing /opt/airflow/dags/monthly_collection_dag.py took 0.572 seconds
[2024-12-24T21:09:56.343+0000] {processor.py:157} INFO - Started process (PID=3250) to work on /opt/airflow/dags/monthly_collection_dag.py
[2024-12-24T21:09:56.344+0000] {processor.py:829} INFO - Processing file /opt/airflow/dags/monthly_collection_dag.py for tasks to queue
[2024-12-24T21:09:56.345+0000] {logging_mixin.py:151} INFO - [2024-12-24T21:09:56.345+0000] {dagbag.py:539} INFO - Filling up the DagBag from /opt/airflow/dags/monthly_collection_dag.py
[2024-12-24T21:09:56.663+0000] {processor.py:839} INFO - DAG(s) dict_keys(['main_dag', 'monthly_collection_dag']) retrieved from /opt/airflow/dags/monthly_collection_dag.py
[2024-12-24T21:09:56.688+0000] {logging_mixin.py:151} INFO - [2024-12-24T21:09:56.688+0000] {dag.py:2915} INFO - Sync 2 DAGs
[2024-12-24T21:09:56.807+0000] {logging_mixin.py:151} INFO - [2024-12-24T21:09:56.807+0000] {dag.py:3696} INFO - Setting next_dagrun for main_dag to None, run_after=None
[2024-12-24T21:09:56.812+0000] {logging_mixin.py:151} INFO - [2024-12-24T21:09:56.812+0000] {dag.py:3696} INFO - Setting next_dagrun for monthly_collection_dag to 2024-11-01T08:00:00+00:00, run_after=2024-12-01T08:00:00+00:00
[2024-12-24T21:09:56.828+0000] {processor.py:179} INFO - Processing /opt/airflow/dags/monthly_collection_dag.py took 0.488 seconds
[2024-12-24T21:10:26.877+0000] {processor.py:157} INFO - Started process (PID=3285) to work on /opt/airflow/dags/monthly_collection_dag.py
[2024-12-24T21:10:26.878+0000] {processor.py:829} INFO - Processing file /opt/airflow/dags/monthly_collection_dag.py for tasks to queue
[2024-12-24T21:10:26.879+0000] {logging_mixin.py:151} INFO - [2024-12-24T21:10:26.878+0000] {dagbag.py:539} INFO - Filling up the DagBag from /opt/airflow/dags/monthly_collection_dag.py
[2024-12-24T21:10:27.334+0000] {processor.py:839} INFO - DAG(s) dict_keys(['monthly_collection_dag', 'main_dag']) retrieved from /opt/airflow/dags/monthly_collection_dag.py
[2024-12-24T21:10:27.358+0000] {logging_mixin.py:151} INFO - [2024-12-24T21:10:27.357+0000] {dag.py:2915} INFO - Sync 2 DAGs
[2024-12-24T21:10:27.379+0000] {logging_mixin.py:151} INFO - [2024-12-24T21:10:27.379+0000] {dag.py:3696} INFO - Setting next_dagrun for main_dag to None, run_after=None
[2024-12-24T21:10:27.384+0000] {logging_mixin.py:151} INFO - [2024-12-24T21:10:27.384+0000] {dag.py:3696} INFO - Setting next_dagrun for monthly_collection_dag to 2024-11-01T08:00:00+00:00, run_after=2024-12-01T08:00:00+00:00
[2024-12-24T21:10:27.398+0000] {processor.py:179} INFO - Processing /opt/airflow/dags/monthly_collection_dag.py took 0.524 seconds
[2024-12-24T21:10:57.471+0000] {processor.py:157} INFO - Started process (PID=3320) to work on /opt/airflow/dags/monthly_collection_dag.py
[2024-12-24T21:10:57.472+0000] {processor.py:829} INFO - Processing file /opt/airflow/dags/monthly_collection_dag.py for tasks to queue
[2024-12-24T21:10:57.473+0000] {logging_mixin.py:151} INFO - [2024-12-24T21:10:57.473+0000] {dagbag.py:539} INFO - Filling up the DagBag from /opt/airflow/dags/monthly_collection_dag.py
[2024-12-24T21:10:57.774+0000] {processor.py:839} INFO - DAG(s) dict_keys(['main_dag', 'monthly_collection_dag']) retrieved from /opt/airflow/dags/monthly_collection_dag.py
[2024-12-24T21:10:57.800+0000] {logging_mixin.py:151} INFO - [2024-12-24T21:10:57.799+0000] {dag.py:2915} INFO - Sync 2 DAGs
[2024-12-24T21:10:57.911+0000] {logging_mixin.py:151} INFO - [2024-12-24T21:10:57.911+0000] {dag.py:3696} INFO - Setting next_dagrun for main_dag to None, run_after=None
[2024-12-24T21:10:57.916+0000] {logging_mixin.py:151} INFO - [2024-12-24T21:10:57.916+0000] {dag.py:3696} INFO - Setting next_dagrun for monthly_collection_dag to 2024-11-01T08:00:00+00:00, run_after=2024-12-01T08:00:00+00:00
[2024-12-24T21:10:57.929+0000] {processor.py:179} INFO - Processing /opt/airflow/dags/monthly_collection_dag.py took 0.462 seconds
[2024-12-24T21:11:28.004+0000] {processor.py:157} INFO - Started process (PID=3361) to work on /opt/airflow/dags/monthly_collection_dag.py
[2024-12-24T21:11:28.005+0000] {processor.py:829} INFO - Processing file /opt/airflow/dags/monthly_collection_dag.py for tasks to queue
[2024-12-24T21:11:28.006+0000] {logging_mixin.py:151} INFO - [2024-12-24T21:11:28.006+0000] {dagbag.py:539} INFO - Filling up the DagBag from /opt/airflow/dags/monthly_collection_dag.py
[2024-12-24T21:11:28.293+0000] {processor.py:839} INFO - DAG(s) dict_keys(['main_dag', 'monthly_collection_dag']) retrieved from /opt/airflow/dags/monthly_collection_dag.py
[2024-12-24T21:11:28.319+0000] {logging_mixin.py:151} INFO - [2024-12-24T21:11:28.318+0000] {dag.py:2915} INFO - Sync 2 DAGs
[2024-12-24T21:11:28.338+0000] {logging_mixin.py:151} INFO - [2024-12-24T21:11:28.337+0000] {dag.py:3696} INFO - Setting next_dagrun for main_dag to None, run_after=None
[2024-12-24T21:11:28.344+0000] {logging_mixin.py:151} INFO - [2024-12-24T21:11:28.344+0000] {dag.py:3696} INFO - Setting next_dagrun for monthly_collection_dag to 2024-11-01T08:00:00+00:00, run_after=2024-12-01T08:00:00+00:00
[2024-12-24T21:11:28.507+0000] {processor.py:179} INFO - Processing /opt/airflow/dags/monthly_collection_dag.py took 0.506 seconds
[2024-12-24T21:11:58.941+0000] {processor.py:157} INFO - Started process (PID=3426) to work on /opt/airflow/dags/monthly_collection_dag.py
[2024-12-24T21:11:58.942+0000] {processor.py:829} INFO - Processing file /opt/airflow/dags/monthly_collection_dag.py for tasks to queue
[2024-12-24T21:11:58.943+0000] {logging_mixin.py:151} INFO - [2024-12-24T21:11:58.943+0000] {dagbag.py:539} INFO - Filling up the DagBag from /opt/airflow/dags/monthly_collection_dag.py
[2024-12-24T21:11:59.372+0000] {processor.py:839} INFO - DAG(s) dict_keys(['monthly_collection_dag', 'main_dag']) retrieved from /opt/airflow/dags/monthly_collection_dag.py
[2024-12-24T21:11:59.405+0000] {logging_mixin.py:151} INFO - [2024-12-24T21:11:59.404+0000] {dag.py:2915} INFO - Sync 2 DAGs
[2024-12-24T21:11:59.538+0000] {logging_mixin.py:151} INFO - [2024-12-24T21:11:59.537+0000] {dag.py:3696} INFO - Setting next_dagrun for main_dag to None, run_after=None
[2024-12-24T21:11:59.542+0000] {logging_mixin.py:151} INFO - [2024-12-24T21:11:59.542+0000] {dag.py:3696} INFO - Setting next_dagrun for monthly_collection_dag to 2024-11-01T08:00:00+00:00, run_after=2024-12-01T08:00:00+00:00
[2024-12-24T21:11:59.559+0000] {processor.py:179} INFO - Processing /opt/airflow/dags/monthly_collection_dag.py took 0.621 seconds
[2024-12-24T21:12:29.815+0000] {processor.py:157} INFO - Started process (PID=3464) to work on /opt/airflow/dags/monthly_collection_dag.py
[2024-12-24T21:12:29.816+0000] {processor.py:829} INFO - Processing file /opt/airflow/dags/monthly_collection_dag.py for tasks to queue
[2024-12-24T21:12:29.816+0000] {logging_mixin.py:151} INFO - [2024-12-24T21:12:29.816+0000] {dagbag.py:539} INFO - Filling up the DagBag from /opt/airflow/dags/monthly_collection_dag.py
[2024-12-24T21:12:30.257+0000] {processor.py:839} INFO - DAG(s) dict_keys(['main_dag', 'monthly_collection_dag']) retrieved from /opt/airflow/dags/monthly_collection_dag.py
[2024-12-24T21:12:30.280+0000] {logging_mixin.py:151} INFO - [2024-12-24T21:12:30.280+0000] {dag.py:2915} INFO - Sync 2 DAGs
[2024-12-24T21:12:30.297+0000] {logging_mixin.py:151} INFO - [2024-12-24T21:12:30.297+0000] {dag.py:3696} INFO - Setting next_dagrun for main_dag to None, run_after=None
[2024-12-24T21:12:30.302+0000] {logging_mixin.py:151} INFO - [2024-12-24T21:12:30.302+0000] {dag.py:3696} INFO - Setting next_dagrun for monthly_collection_dag to 2024-12-01T08:00:00+00:00, run_after=2025-01-01T08:00:00+00:00
[2024-12-24T21:12:30.319+0000] {processor.py:179} INFO - Processing /opt/airflow/dags/monthly_collection_dag.py took 0.507 seconds
